2025-03-20 11:23:55,537 INFO {
    "alpha": 0.5,
    "batch_size": 16,
    "cos_temp": 8,
    "crl_weight": 0.2,
    "data_name": "WSI",
    "deit_path": "/home/liyuting/lyt/deit_base_patch16_224-b5f2ef4d.pth",
    "epochs": 30,
    "fine_tune_epochs": 20,
    "fine_tune_lr": 0.005,
    "gpu": "2,6",
    "imb_factor": 1.0,
    "lr": 0.01,
    "mixup_beta": 10.0,
    "mixup_weight": 1.0,
    "model_name": "resnet32",
    "momentum": 0.9,
    "nb_cls": 3,
    "nb_run": 1,
    "nb_worker": 4,
    "optim_name": "fmfp",
    "p": 2,
    "resume": false,
    "resume_path": null,
    "reweighting_type": "exp",
    "save_dir": "./WSI-output",
    "subcommand": "WSI",
    "swa_epoch_start": 15,
    "swa_lr": 0.004,
    "t": 1.0,
    "test_dir": "./data/WSI/test",
    "train_dir": "./data/WSI/train",
    "train_size": 224,
    "use_cosine": true,
    "val_dir": "./data/WSI/test",
    "weight_decay": 0.0005
}
2025-03-20 11:23:55,641 INFO ####################################################################################################
1 / 1 Running
2025-03-20 11:23:56,723 INFO Using resnet32 ...
2025-03-20 11:24:37,664 INFO {
    "alpha": 0.5,
    "batch_size": 16,
    "cos_temp": 8,
    "crl_weight": 0.2,
    "data_name": "WSI",
    "deit_path": "/home/liyuting/lyt/deit_base_patch16_224-b5f2ef4d.pth",
    "epochs": 30,
    "fine_tune_epochs": 20,
    "fine_tune_lr": 0.005,
    "gpu": "2,6",
    "imb_factor": 1.0,
    "lr": 0.01,
    "mixup_beta": 10.0,
    "mixup_weight": 1.0,
    "model_name": "resnet32",
    "momentum": 0.9,
    "nb_cls": 3,
    "nb_run": 1,
    "nb_worker": 4,
    "optim_name": "fmfp",
    "p": 2,
    "resume": false,
    "resume_path": null,
    "reweighting_type": "exp",
    "save_dir": "./WSI-output",
    "subcommand": "WSI",
    "swa_epoch_start": 15,
    "swa_lr": 0.004,
    "t": 1.0,
    "test_dir": "./data/WSI/test",
    "train_dir": "./data/WSI/train",
    "train_size": 224,
    "use_cosine": true,
    "val_dir": "./data/WSI/test",
    "weight_decay": 0.0005
}
2025-03-20 11:24:37,768 INFO ####################################################################################################
1 / 1 Running
2025-03-20 11:24:38,940 INFO Using resnet32 ...
2025-03-20 11:25:45,487 INFO {
    "alpha": 0.5,
    "batch_size": 16,
    "cos_temp": 8,
    "crl_weight": 0.2,
    "data_name": "WSI",
    "deit_path": "/home/liyuting/lyt/deit_base_patch16_224-b5f2ef4d.pth",
    "epochs": 30,
    "fine_tune_epochs": 20,
    "fine_tune_lr": 0.005,
    "gpu": "2,6",
    "imb_factor": 1.0,
    "lr": 0.01,
    "mixup_beta": 10.0,
    "mixup_weight": 1.0,
    "model_name": "resnet32",
    "momentum": 0.9,
    "nb_cls": 3,
    "nb_run": 1,
    "nb_worker": 4,
    "optim_name": "fmfp",
    "p": 2,
    "resume": false,
    "resume_path": null,
    "reweighting_type": "exp",
    "save_dir": "./WSI-output",
    "subcommand": "WSI",
    "swa_epoch_start": 15,
    "swa_lr": 0.004,
    "t": 1.0,
    "test_dir": "./data/WSI/test",
    "train_dir": "./data/WSI/train",
    "train_size": 224,
    "use_cosine": true,
    "val_dir": "./data/WSI/test",
    "weight_decay": 0.0005
}
2025-03-20 11:25:45,591 INFO ####################################################################################################
1 / 1 Running
2025-03-20 11:25:46,699 INFO Using resnet32 ...
2025-03-20 11:26:18,532 INFO {
    "alpha": 0.5,
    "batch_size": 16,
    "cos_temp": 8,
    "crl_weight": 0.2,
    "data_name": "WSI",
    "deit_path": "/home/liyuting/lyt/deit_base_patch16_224-b5f2ef4d.pth",
    "epochs": 30,
    "fine_tune_epochs": 20,
    "fine_tune_lr": 0.005,
    "gpu": "2,6",
    "imb_factor": 1.0,
    "lr": 0.01,
    "mixup_beta": 10.0,
    "mixup_weight": 1.0,
    "model_name": "resnet32",
    "momentum": 0.9,
    "nb_cls": 3,
    "nb_run": 1,
    "nb_worker": 4,
    "optim_name": "fmfp",
    "p": 2,
    "resume": false,
    "resume_path": null,
    "reweighting_type": "exp",
    "save_dir": "./WSI-output",
    "subcommand": "WSI",
    "swa_epoch_start": 15,
    "swa_lr": 0.004,
    "t": 1.0,
    "test_dir": "./data/WSI/test",
    "train_dir": "./data/WSI/train",
    "train_size": 224,
    "use_cosine": true,
    "val_dir": "./data/WSI/test",
    "weight_decay": 0.0005
}
2025-03-20 11:26:18,638 INFO ####################################################################################################
1 / 1 Running
2025-03-20 11:26:19,752 INFO Using resnet32 ...
2025-03-20 11:26:33,669 INFO {
    "alpha": 0.5,
    "batch_size": 16,
    "cos_temp": 8,
    "crl_weight": 0.2,
    "data_name": "WSI",
    "deit_path": "/home/liyuting/lyt/deit_base_patch16_224-b5f2ef4d.pth",
    "epochs": 30,
    "fine_tune_epochs": 20,
    "fine_tune_lr": 0.005,
    "gpu": "2,6",
    "imb_factor": 1.0,
    "lr": 0.01,
    "mixup_beta": 10.0,
    "mixup_weight": 1.0,
    "model_name": "resnet32",
    "momentum": 0.9,
    "nb_cls": 3,
    "nb_run": 1,
    "nb_worker": 4,
    "optim_name": "fmfp",
    "p": 2,
    "resume": false,
    "resume_path": null,
    "reweighting_type": "exp",
    "save_dir": "./WSI-output",
    "subcommand": "WSI",
    "swa_epoch_start": 15,
    "swa_lr": 0.004,
    "t": 1.0,
    "test_dir": "./data/WSI/test",
    "train_dir": "./data/WSI/train",
    "train_size": 224,
    "use_cosine": true,
    "val_dir": "./data/WSI/test",
    "weight_decay": 0.0005
}
2025-03-20 11:26:33,774 INFO ####################################################################################################
1 / 1 Running
2025-03-20 11:26:34,882 INFO Using resnet32 ...
2025-03-20 11:26:49,558 INFO {
    "alpha": 0.5,
    "batch_size": 16,
    "cos_temp": 8,
    "crl_weight": 0.2,
    "data_name": "WSI",
    "deit_path": "/home/liyuting/lyt/deit_base_patch16_224-b5f2ef4d.pth",
    "epochs": 30,
    "fine_tune_epochs": 20,
    "fine_tune_lr": 0.005,
    "gpu": "2,6",
    "imb_factor": 1.0,
    "lr": 0.01,
    "mixup_beta": 10.0,
    "mixup_weight": 1.0,
    "model_name": "resnet32",
    "momentum": 0.9,
    "nb_cls": 3,
    "nb_run": 1,
    "nb_worker": 4,
    "optim_name": "fmfp",
    "p": 2,
    "resume": false,
    "resume_path": null,
    "reweighting_type": "exp",
    "save_dir": "./WSI-output",
    "subcommand": "WSI",
    "swa_epoch_start": 15,
    "swa_lr": 0.004,
    "t": 1.0,
    "test_dir": "./data/WSI/test",
    "train_dir": "./data/WSI/train",
    "train_size": 224,
    "use_cosine": true,
    "val_dir": "./data/WSI/test",
    "weight_decay": 0.0005
}
2025-03-20 11:26:49,661 INFO ####################################################################################################
1 / 1 Running
2025-03-20 11:26:50,750 INFO Using resnet32 ...
2025-03-20 11:27:03,498 INFO {
    "alpha": 0.5,
    "batch_size": 16,
    "cos_temp": 8,
    "crl_weight": 0.2,
    "data_name": "WSI",
    "deit_path": "/home/liyuting/lyt/deit_base_patch16_224-b5f2ef4d.pth",
    "epochs": 30,
    "fine_tune_epochs": 20,
    "fine_tune_lr": 0.005,
    "gpu": "2,6",
    "imb_factor": 1.0,
    "lr": 0.01,
    "mixup_beta": 10.0,
    "mixup_weight": 1.0,
    "model_name": "resnet32",
    "momentum": 0.9,
    "nb_cls": 3,
    "nb_run": 1,
    "nb_worker": 4,
    "optim_name": "fmfp",
    "p": 2,
    "resume": false,
    "resume_path": null,
    "reweighting_type": "exp",
    "save_dir": "./WSI-output",
    "subcommand": "WSI",
    "swa_epoch_start": 15,
    "swa_lr": 0.004,
    "t": 1.0,
    "test_dir": "./data/WSI/test",
    "train_dir": "./data/WSI/train",
    "train_size": 224,
    "use_cosine": true,
    "val_dir": "./data/WSI/test",
    "weight_decay": 0.0005
}
2025-03-20 11:27:03,600 INFO ####################################################################################################
1 / 1 Running
2025-03-20 11:27:04,680 INFO Using resnet32 ...
2025-03-20 11:27:22,166 INFO {
    "alpha": 0.5,
    "batch_size": 16,
    "cos_temp": 8,
    "crl_weight": 0.2,
    "data_name": "WSI",
    "deit_path": "/home/liyuting/lyt/deit_base_patch16_224-b5f2ef4d.pth",
    "epochs": 30,
    "fine_tune_epochs": 20,
    "fine_tune_lr": 0.005,
    "gpu": "2,6",
    "imb_factor": 1.0,
    "lr": 0.01,
    "mixup_beta": 10.0,
    "mixup_weight": 1.0,
    "model_name": "resnet32",
    "momentum": 0.9,
    "nb_cls": 3,
    "nb_run": 1,
    "nb_worker": 4,
    "optim_name": "fmfp",
    "p": 2,
    "resume": false,
    "resume_path": null,
    "reweighting_type": "exp",
    "save_dir": "./WSI-output",
    "subcommand": "WSI",
    "swa_epoch_start": 15,
    "swa_lr": 0.004,
    "t": 1.0,
    "test_dir": "./data/WSI/test",
    "train_dir": "./data/WSI/train",
    "train_size": 224,
    "use_cosine": true,
    "val_dir": "./data/WSI/test",
    "weight_decay": 0.0005
}
2025-03-20 11:27:22,269 INFO ####################################################################################################
1 / 1 Running
2025-03-20 11:27:23,346 INFO Using resnet32 ...
2025-03-20 11:31:13,433 INFO ####### --- Training Epoch 1 --- #######
2025-03-20 11:33:49,844 INFO Epoch 1 	 Batch 99	LR : 0.00500	Top1 Acc.: 95.38	CLS Loss: 0.14	Mixup Loss: 0.54	CRL Loss: 0.00	Tot. Loss: 0.14
2025-03-20 11:36:27,491 INFO Epoch 1 	 Batch 199	LR : 0.00500	Top1 Acc.: 94.19	CLS Loss: 0.18	Mixup Loss: 0.59	CRL Loss: 0.00	Tot. Loss: 0.18
2025-03-20 11:39:06,301 INFO Epoch 1 	 Batch 299	LR : 0.00500	Top1 Acc.: 94.75	CLS Loss: 0.15	Mixup Loss: 0.57	CRL Loss: 0.00	Tot. Loss: 0.15
2025-03-20 11:41:44,856 INFO Epoch 1 	 Batch 399	LR : 0.00500	Top1 Acc.: 95.06	CLS Loss: 0.15	Mixup Loss: 0.58	CRL Loss: 0.00	Tot. Loss: 0.15
2025-03-20 11:44:23,237 INFO Epoch 1 	 Batch 499	LR : 0.00500	Top1 Acc.: 94.62	CLS Loss: 0.16	Mixup Loss: 0.61	CRL Loss: 0.00	Tot. Loss: 0.16
2025-03-20 11:47:00,590 INFO Epoch 1 	 Batch 599	LR : 0.00500	Top1 Acc.: 95.38	CLS Loss: 0.15	Mixup Loss: 0.58	CRL Loss: 0.00	Tot. Loss: 0.15
2025-03-20 11:49:36,751 INFO Epoch 1 	 Batch 699	LR : 0.00500	Top1 Acc.: 94.81	CLS Loss: 0.15	Mixup Loss: 0.59	CRL Loss: 0.00	Tot. Loss: 0.15
2025-03-20 11:52:12,111 INFO Epoch 1 	 Batch 799	LR : 0.00500	Top1 Acc.: 94.81	CLS Loss: 0.15	Mixup Loss: 0.59	CRL Loss: 0.00	Tot. Loss: 0.15
2025-03-20 11:54:46,664 INFO Epoch 1 	 Batch 899	LR : 0.00500	Top1 Acc.: 93.88	CLS Loss: 0.18	Mixup Loss: 0.59	CRL Loss: 0.00	Tot. Loss: 0.18
2025-03-20 11:56:36,868 INFO {
    "alpha": 0.5,
    "batch_size": 16,
    "cos_temp": 8,
    "crl_weight": 0.2,
    "data_name": "WSI",
    "deit_path": "/home/liyuting/lyt/deit_base_patch16_224-b5f2ef4d.pth",
    "epochs": 30,
    "fine_tune_epochs": 20,
    "fine_tune_lr": 0.005,
    "gpu": "2,6",
    "imb_factor": 1.0,
    "lr": 0.01,
    "mixup_beta": 10.0,
    "mixup_weight": 1.0,
    "model_name": "resnet32",
    "momentum": 0.9,
    "nb_cls": 3,
    "nb_run": 1,
    "nb_worker": 4,
    "optim_name": "fmfp",
    "p": 2,
    "resume": false,
    "resume_path": null,
    "reweighting_type": "exp",
    "save_dir": "./WSI-output",
    "subcommand": "WSI",
    "swa_epoch_start": 15,
    "swa_lr": 0.004,
    "t": 1.0,
    "test_dir": "./data/WSI/test",
    "train_dir": "./data/WSI/train",
    "train_size": 224,
    "use_cosine": true,
    "val_dir": "./data/WSI/test",
    "weight_decay": 0.0005
}
2025-03-20 11:56:36,973 INFO ####################################################################################################
1 / 1 Running
2025-03-20 11:56:38,050 INFO Using resnet32 ...
2025-03-20 11:57:27,604 INFO {
    "alpha": 0.5,
    "batch_size": 16,
    "cos_temp": 8,
    "crl_weight": 0.2,
    "data_name": "WSI",
    "deit_path": "/home/liyuting/lyt/deit_base_patch16_224-b5f2ef4d.pth",
    "epochs": 30,
    "fine_tune_epochs": 20,
    "fine_tune_lr": 0.005,
    "gpu": "2,6",
    "imb_factor": 1.0,
    "lr": 0.01,
    "mixup_beta": 10.0,
    "mixup_weight": 1.0,
    "model_name": "resnet32",
    "momentum": 0.9,
    "nb_cls": 3,
    "nb_run": 1,
    "nb_worker": 4,
    "optim_name": "fmfp",
    "p": 2,
    "resume": false,
    "resume_path": null,
    "reweighting_type": "exp",
    "save_dir": "./WSI-output",
    "subcommand": "WSI",
    "swa_epoch_start": 15,
    "swa_lr": 0.004,
    "t": 1.0,
    "test_dir": "./data/WSI/test",
    "train_dir": "./data/WSI/train",
    "train_size": 224,
    "use_cosine": true,
    "val_dir": "./data/WSI/test",
    "weight_decay": 0.0005
}
2025-03-20 11:57:27,711 INFO ####################################################################################################
1 / 1 Running
2025-03-20 11:57:28,781 INFO Using resnet32 ...
2025-03-20 12:02:02,814 INFO ####### --- Training Epoch 1 --- #######
2025-03-20 12:04:27,813 INFO Epoch 1 	 Batch 99	LR : 0.00500	Top1 Acc.: 95.19	CLS Loss: 0.14	Mixup Loss: 0.56	CRL Loss: 0.00	Tot. Loss: 0.14
2025-03-20 12:06:50,878 INFO Epoch 1 	 Batch 199	LR : 0.00500	Top1 Acc.: 95.50	CLS Loss: 0.15	Mixup Loss: 0.58	CRL Loss: 0.00	Tot. Loss: 0.15
2025-03-20 12:09:13,754 INFO Epoch 1 	 Batch 299	LR : 0.00500	Top1 Acc.: 95.69	CLS Loss: 0.14	Mixup Loss: 0.54	CRL Loss: 0.00	Tot. Loss: 0.14
2025-03-20 12:11:36,026 INFO Epoch 1 	 Batch 399	LR : 0.00500	Top1 Acc.: 94.88	CLS Loss: 0.15	Mixup Loss: 0.60	CRL Loss: 0.00	Tot. Loss: 0.15
2025-03-20 12:13:57,994 INFO Epoch 1 	 Batch 499	LR : 0.00500	Top1 Acc.: 95.44	CLS Loss: 0.14	Mixup Loss: 0.56	CRL Loss: 0.00	Tot. Loss: 0.14
2025-03-20 12:16:19,649 INFO Epoch 1 	 Batch 599	LR : 0.00500	Top1 Acc.: 94.75	CLS Loss: 0.15	Mixup Loss: 0.60	CRL Loss: 0.00	Tot. Loss: 0.15
2025-03-20 12:18:40,953 INFO Epoch 1 	 Batch 699	LR : 0.00500	Top1 Acc.: 94.81	CLS Loss: 0.15	Mixup Loss: 0.58	CRL Loss: 0.00	Tot. Loss: 0.15
2025-03-20 12:21:01,335 INFO Epoch 1 	 Batch 799	LR : 0.00500	Top1 Acc.: 95.38	CLS Loss: 0.14	Mixup Loss: 0.61	CRL Loss: 0.00	Tot. Loss: 0.14
2025-03-20 12:23:21,727 INFO Epoch 1 	 Batch 899	LR : 0.00500	Top1 Acc.: 94.25	CLS Loss: 0.16	Mixup Loss: 0.59	CRL Loss: 0.00	Tot. Loss: 0.16
2025-03-20 12:25:41,486 INFO Epoch 1 	 Batch 999	LR : 0.00500	Top1 Acc.: 95.38	CLS Loss: 0.14	Mixup Loss: 0.58	CRL Loss: 0.00	Tot. Loss: 0.14
2025-03-20 12:28:00,929 INFO Epoch 1 	 Batch 1099	LR : 0.00500	Top1 Acc.: 94.56	CLS Loss: 0.17	Mixup Loss: 0.61	CRL Loss: 0.00	Tot. Loss: 0.17
2025-03-20 12:30:19,761 INFO Epoch 1 	 Batch 1199	LR : 0.00500	Top1 Acc.: 95.50	CLS Loss: 0.15	Mixup Loss: 0.59	CRL Loss: 0.00	Tot. Loss: 0.15
2025-03-20 12:32:38,589 INFO Epoch 1 	 Batch 1299	LR : 0.00500	Top1 Acc.: 94.56	CLS Loss: 0.15	Mixup Loss: 0.58	CRL Loss: 0.00	Tot. Loss: 0.15
2025-03-20 12:34:56,675 INFO Epoch 1 	 Batch 1399	LR : 0.00500	Top1 Acc.: 95.06	CLS Loss: 0.15	Mixup Loss: 0.65	CRL Loss: 0.00	Tot. Loss: 0.15
2025-03-20 12:37:14,624 INFO Epoch 1 	 Batch 1499	LR : 0.00500	Top1 Acc.: 94.88	CLS Loss: 0.15	Mixup Loss: 0.61	CRL Loss: 0.00	Tot. Loss: 0.15
2025-03-20 12:39:32,627 INFO Epoch 1 	 Batch 1599	LR : 0.00500	Top1 Acc.: 94.75	CLS Loss: 0.15	Mixup Loss: 0.59	CRL Loss: 0.00	Tot. Loss: 0.15
2025-03-20 12:41:50,525 INFO Epoch 1 	 Batch 1699	LR : 0.00500	Top1 Acc.: 95.62	CLS Loss: 0.14	Mixup Loss: 0.62	CRL Loss: 0.00	Tot. Loss: 0.14
2025-03-20 12:44:08,704 INFO Epoch 1 	 Batch 1799	LR : 0.00500	Top1 Acc.: 95.56	CLS Loss: 0.13	Mixup Loss: 0.64	CRL Loss: 0.00	Tot. Loss: 0.13
2025-03-20 12:46:27,048 INFO Epoch 1 	 Batch 1899	LR : 0.00500	Top1 Acc.: 94.81	CLS Loss: 0.16	Mixup Loss: 0.61	CRL Loss: 0.00	Tot. Loss: 0.16
2025-03-20 12:48:45,540 INFO Epoch 1 	 Batch 1999	LR : 0.00500	Top1 Acc.: 93.94	CLS Loss: 0.17	Mixup Loss: 0.64	CRL Loss: 0.00	Tot. Loss: 0.17
2025-03-20 12:51:03,975 INFO Epoch 1 	 Batch 2099	LR : 0.00500	Top1 Acc.: 95.62	CLS Loss: 0.14	Mixup Loss: 0.64	CRL Loss: 0.00	Tot. Loss: 0.14
2025-03-20 12:53:22,404 INFO Epoch 1 	 Batch 2199	LR : 0.00500	Top1 Acc.: 95.56	CLS Loss: 0.14	Mixup Loss: 0.63	CRL Loss: 0.00	Tot. Loss: 0.14
2025-03-20 12:55:55,275 INFO ################## 
 ---> Validation Epoch 1	Acc.: 96.336	FPR: 30.201	AUROC: 94.409	AUPR: 44.200	AURC: 3.039	EAURC: 2.360	AUPR Succ.: 99.757	ECE: 3.101	NLL: 1.170	Brier: 5.591
2025-03-20 12:55:55,275 INFO Accuracy improved from 0.00 to 96.34!!!
2025-03-20 12:55:55,323 INFO re-weighting...
2025-03-20 12:55:55,323 INFO ####### --- Training Epoch 2 --- #######
2025-03-20 12:58:14,514 INFO Epoch 2 	 Batch 99	LR : 0.00499	Top1 Acc.: 95.38	CLS Loss: 0.14	Mixup Loss: 0.65	CRL Loss: 0.08	Tot. Loss: 0.16
2025-03-20 13:00:33,375 INFO Epoch 2 	 Batch 199	LR : 0.00499	Top1 Acc.: 95.50	CLS Loss: 0.14	Mixup Loss: 0.65	CRL Loss: 0.08	Tot. Loss: 0.15
2025-03-20 13:02:52,203 INFO Epoch 2 	 Batch 299	LR : 0.00499	Top1 Acc.: 94.44	CLS Loss: 0.16	Mixup Loss: 0.65	CRL Loss: 0.07	Tot. Loss: 0.18
2025-03-20 13:05:11,172 INFO Epoch 2 	 Batch 399	LR : 0.00499	Top1 Acc.: 96.25	CLS Loss: 0.12	Mixup Loss: 0.59	CRL Loss: 0.06	Tot. Loss: 0.13
2025-03-20 13:07:30,627 INFO Epoch 2 	 Batch 499	LR : 0.00499	Top1 Acc.: 95.94	CLS Loss: 0.14	Mixup Loss: 0.64	CRL Loss: 0.07	Tot. Loss: 0.15
2025-03-20 13:09:50,716 INFO Epoch 2 	 Batch 599	LR : 0.00499	Top1 Acc.: 95.12	CLS Loss: 0.14	Mixup Loss: 0.63	CRL Loss: 0.07	Tot. Loss: 0.15
2025-03-20 13:12:10,565 INFO Epoch 2 	 Batch 699	LR : 0.00499	Top1 Acc.: 94.81	CLS Loss: 0.14	Mixup Loss: 0.63	CRL Loss: 0.07	Tot. Loss: 0.16
2025-03-20 13:14:30,640 INFO Epoch 2 	 Batch 799	LR : 0.00499	Top1 Acc.: 95.00	CLS Loss: 0.16	Mixup Loss: 0.64	CRL Loss: 0.07	Tot. Loss: 0.17
2025-03-20 13:16:51,052 INFO Epoch 2 	 Batch 899	LR : 0.00499	Top1 Acc.: 94.44	CLS Loss: 0.16	Mixup Loss: 0.66	CRL Loss: 0.09	Tot. Loss: 0.17
2025-03-20 13:19:11,458 INFO Epoch 2 	 Batch 999	LR : 0.00499	Top1 Acc.: 94.19	CLS Loss: 0.16	Mixup Loss: 0.63	CRL Loss: 0.09	Tot. Loss: 0.18
2025-03-20 13:21:31,911 INFO Epoch 2 	 Batch 1099	LR : 0.00499	Top1 Acc.: 94.44	CLS Loss: 0.16	Mixup Loss: 0.63	CRL Loss: 0.08	Tot. Loss: 0.17
2025-03-20 13:23:52,533 INFO Epoch 2 	 Batch 1199	LR : 0.00499	Top1 Acc.: 94.88	CLS Loss: 0.14	Mixup Loss: 0.63	CRL Loss: 0.09	Tot. Loss: 0.16
2025-03-20 13:26:13,655 INFO Epoch 2 	 Batch 1299	LR : 0.00499	Top1 Acc.: 94.44	CLS Loss: 0.17	Mixup Loss: 0.67	CRL Loss: 0.08	Tot. Loss: 0.19
2025-03-20 13:28:35,137 INFO Epoch 2 	 Batch 1399	LR : 0.00499	Top1 Acc.: 95.06	CLS Loss: 0.15	Mixup Loss: 0.66	CRL Loss: 0.08	Tot. Loss: 0.17
2025-03-20 13:30:56,793 INFO Epoch 2 	 Batch 1499	LR : 0.00499	Top1 Acc.: 93.56	CLS Loss: 0.16	Mixup Loss: 0.68	CRL Loss: 0.07	Tot. Loss: 0.18
2025-03-20 13:33:18,478 INFO Epoch 2 	 Batch 1599	LR : 0.00499	Top1 Acc.: 95.31	CLS Loss: 0.15	Mixup Loss: 0.66	CRL Loss: 0.07	Tot. Loss: 0.16
2025-03-20 13:35:40,337 INFO Epoch 2 	 Batch 1699	LR : 0.00499	Top1 Acc.: 94.94	CLS Loss: 0.15	Mixup Loss: 0.66	CRL Loss: 0.09	Tot. Loss: 0.17
2025-03-20 13:38:02,480 INFO Epoch 2 	 Batch 1799	LR : 0.00499	Top1 Acc.: 95.50	CLS Loss: 0.14	Mixup Loss: 0.67	CRL Loss: 0.06	Tot. Loss: 0.15
2025-03-20 13:40:24,614 INFO Epoch 2 	 Batch 1899	LR : 0.00499	Top1 Acc.: 94.50	CLS Loss: 0.15	Mixup Loss: 0.65	CRL Loss: 0.07	Tot. Loss: 0.17
2025-03-20 13:42:47,200 INFO Epoch 2 	 Batch 1999	LR : 0.00499	Top1 Acc.: 95.88	CLS Loss: 0.12	Mixup Loss: 0.64	CRL Loss: 0.06	Tot. Loss: 0.14
2025-03-20 13:45:09,876 INFO Epoch 2 	 Batch 2099	LR : 0.00499	Top1 Acc.: 94.69	CLS Loss: 0.16	Mixup Loss: 0.66	CRL Loss: 0.08	Tot. Loss: 0.17
2025-03-20 13:47:32,271 INFO Epoch 2 	 Batch 2199	LR : 0.00499	Top1 Acc.: 94.75	CLS Loss: 0.16	Mixup Loss: 0.68	CRL Loss: 0.07	Tot. Loss: 0.17
2025-03-20 13:50:09,132 INFO ################## 
 ---> Validation Epoch 2	Acc.: 88.493	FPR: 65.385	AUROC: 89.264	AUPR: 44.707	AURC: 20.240	EAURC: 13.350	AUPR Succ.: 98.543	ECE: 3.400	NLL: 2.708	Brier: 16.144
2025-03-20 13:50:09,133 INFO re-weighting...
2025-03-20 13:50:09,134 INFO ####### --- Training Epoch 3 --- #######
2025-03-20 13:52:32,054 INFO Epoch 3 	 Batch 99	LR : 0.00495	Top1 Acc.: 94.75	CLS Loss: 0.16	Mixup Loss: 0.66	CRL Loss: 0.08	Tot. Loss: 0.17
2025-03-20 13:54:55,183 INFO Epoch 3 	 Batch 199	LR : 0.00495	Top1 Acc.: 95.75	CLS Loss: 0.13	Mixup Loss: 0.67	CRL Loss: 0.07	Tot. Loss: 0.15
2025-03-20 13:57:18,479 INFO Epoch 3 	 Batch 299	LR : 0.00495	Top1 Acc.: 95.06	CLS Loss: 0.15	Mixup Loss: 0.68	CRL Loss: 0.08	Tot. Loss: 0.17
2025-03-20 13:59:42,467 INFO Epoch 3 	 Batch 399	LR : 0.00495	Top1 Acc.: 95.31	CLS Loss: 0.14	Mixup Loss: 0.68	CRL Loss: 0.06	Tot. Loss: 0.15
2025-03-20 14:02:05,909 INFO Epoch 3 	 Batch 499	LR : 0.00495	Top1 Acc.: 95.44	CLS Loss: 0.15	Mixup Loss: 0.68	CRL Loss: 0.06	Tot. Loss: 0.16
2025-03-20 14:04:29,990 INFO Epoch 3 	 Batch 599	LR : 0.00495	Top1 Acc.: 95.25	CLS Loss: 0.16	Mixup Loss: 0.70	CRL Loss: 0.07	Tot. Loss: 0.17
2025-03-20 14:06:54,472 INFO Epoch 3 	 Batch 699	LR : 0.00495	Top1 Acc.: 94.69	CLS Loss: 0.16	Mixup Loss: 0.69	CRL Loss: 0.08	Tot. Loss: 0.17
2025-03-20 14:09:19,029 INFO Epoch 3 	 Batch 799	LR : 0.00495	Top1 Acc.: 95.38	CLS Loss: 0.14	Mixup Loss: 0.67	CRL Loss: 0.07	Tot. Loss: 0.15
2025-03-20 14:11:43,946 INFO Epoch 3 	 Batch 899	LR : 0.00495	Top1 Acc.: 95.25	CLS Loss: 0.15	Mixup Loss: 0.67	CRL Loss: 0.07	Tot. Loss: 0.16
2025-03-20 14:14:08,823 INFO Epoch 3 	 Batch 999	LR : 0.00495	Top1 Acc.: 95.88	CLS Loss: 0.13	Mixup Loss: 0.67	CRL Loss: 0.07	Tot. Loss: 0.15
2025-03-20 14:16:33,887 INFO Epoch 3 	 Batch 1099	LR : 0.00495	Top1 Acc.: 95.19	CLS Loss: 0.15	Mixup Loss: 0.72	CRL Loss: 0.08	Tot. Loss: 0.17
2025-03-20 14:18:59,120 INFO Epoch 3 	 Batch 1199	LR : 0.00495	Top1 Acc.: 95.38	CLS Loss: 0.14	Mixup Loss: 0.69	CRL Loss: 0.07	Tot. Loss: 0.16
2025-03-20 14:21:24,189 INFO Epoch 3 	 Batch 1299	LR : 0.00495	Top1 Acc.: 95.19	CLS Loss: 0.14	Mixup Loss: 0.69	CRL Loss: 0.06	Tot. Loss: 0.15
2025-03-20 14:23:49,649 INFO Epoch 3 	 Batch 1399	LR : 0.00495	Top1 Acc.: 94.88	CLS Loss: 0.15	Mixup Loss: 0.72	CRL Loss: 0.06	Tot. Loss: 0.16
2025-03-20 14:26:15,201 INFO Epoch 3 	 Batch 1499	LR : 0.00495	Top1 Acc.: 95.31	CLS Loss: 0.14	Mixup Loss: 0.70	CRL Loss: 0.06	Tot. Loss: 0.15
2025-03-20 14:28:41,013 INFO Epoch 3 	 Batch 1599	LR : 0.00495	Top1 Acc.: 95.44	CLS Loss: 0.14	Mixup Loss: 0.68	CRL Loss: 0.06	Tot. Loss: 0.16
2025-03-20 14:31:06,867 INFO Epoch 3 	 Batch 1699	LR : 0.00495	Top1 Acc.: 94.25	CLS Loss: 0.15	Mixup Loss: 0.70	CRL Loss: 0.07	Tot. Loss: 0.17
2025-03-20 14:33:33,084 INFO Epoch 3 	 Batch 1799	LR : 0.00495	Top1 Acc.: 94.75	CLS Loss: 0.16	Mixup Loss: 0.71	CRL Loss: 0.08	Tot. Loss: 0.18
2025-03-20 14:35:58,886 INFO Epoch 3 	 Batch 1899	LR : 0.00495	Top1 Acc.: 95.06	CLS Loss: 0.15	Mixup Loss: 0.68	CRL Loss: 0.07	Tot. Loss: 0.17
2025-03-20 14:38:24,789 INFO Epoch 3 	 Batch 1999	LR : 0.00495	Top1 Acc.: 95.94	CLS Loss: 0.13	Mixup Loss: 0.69	CRL Loss: 0.06	Tot. Loss: 0.14
2025-03-20 14:40:50,774 INFO Epoch 3 	 Batch 2099	LR : 0.00495	Top1 Acc.: 94.81	CLS Loss: 0.14	Mixup Loss: 0.72	CRL Loss: 0.07	Tot. Loss: 0.16
2025-03-20 14:43:16,671 INFO Epoch 3 	 Batch 2199	LR : 0.00495	Top1 Acc.: 95.56	CLS Loss: 0.13	Mixup Loss: 0.68	CRL Loss: 0.06	Tot. Loss: 0.15
2025-03-20 14:45:57,256 INFO ################## 
 ---> Validation Epoch 3	Acc.: 94.320	FPR: 46.320	AUROC: 92.639	AUPR: 38.489	AURC: 6.319	EAURC: 4.675	AUPR Succ.: 99.511	ECE: 2.866	NLL: 1.588	Brier: 8.395
2025-03-20 14:45:57,270 INFO re-weighting...
2025-03-20 14:45:57,271 INFO ####### --- Training Epoch 4 --- #######
2025-03-20 14:48:23,984 INFO Epoch 4 	 Batch 99	LR : 0.00488	Top1 Acc.: 94.06	CLS Loss: 0.18	Mixup Loss: 0.72	CRL Loss: 0.07	Tot. Loss: 0.19
2025-03-20 14:50:50,397 INFO Epoch 4 	 Batch 199	LR : 0.00488	Top1 Acc.: 95.88	CLS Loss: 0.13	Mixup Loss: 0.70	CRL Loss: 0.06	Tot. Loss: 0.15
2025-03-20 14:53:17,054 INFO Epoch 4 	 Batch 299	LR : 0.00488	Top1 Acc.: 95.50	CLS Loss: 0.14	Mixup Loss: 0.72	CRL Loss: 0.06	Tot. Loss: 0.15
2025-03-20 14:55:43,653 INFO Epoch 4 	 Batch 399	LR : 0.00488	Top1 Acc.: 95.12	CLS Loss: 0.15	Mixup Loss: 0.73	CRL Loss: 0.06	Tot. Loss: 0.17
2025-03-20 14:58:10,159 INFO Epoch 4 	 Batch 499	LR : 0.00488	Top1 Acc.: 94.69	CLS Loss: 0.15	Mixup Loss: 0.77	CRL Loss: 0.06	Tot. Loss: 0.16
2025-03-20 15:00:36,841 INFO Epoch 4 	 Batch 599	LR : 0.00488	Top1 Acc.: 95.88	CLS Loss: 0.12	Mixup Loss: 0.76	CRL Loss: 0.05	Tot. Loss: 0.13
2025-03-20 15:03:03,917 INFO Epoch 4 	 Batch 699	LR : 0.00488	Top1 Acc.: 94.81	CLS Loss: 0.16	Mixup Loss: 0.74	CRL Loss: 0.07	Tot. Loss: 0.17
2025-03-20 15:05:30,323 INFO Epoch 4 	 Batch 799	LR : 0.00488	Top1 Acc.: 95.62	CLS Loss: 0.13	Mixup Loss: 0.71	CRL Loss: 0.06	Tot. Loss: 0.14
2025-03-20 15:07:57,045 INFO Epoch 4 	 Batch 899	LR : 0.00488	Top1 Acc.: 95.69	CLS Loss: 0.13	Mixup Loss: 0.75	CRL Loss: 0.05	Tot. Loss: 0.14
2025-03-20 15:10:23,869 INFO Epoch 4 	 Batch 999	LR : 0.00488	Top1 Acc.: 95.69	CLS Loss: 0.14	Mixup Loss: 0.73	CRL Loss: 0.06	Tot. Loss: 0.15
2025-03-20 15:12:51,401 INFO Epoch 4 	 Batch 1099	LR : 0.00488	Top1 Acc.: 94.06	CLS Loss: 0.17	Mixup Loss: 0.76	CRL Loss: 0.08	Tot. Loss: 0.19
2025-03-20 15:15:18,848 INFO Epoch 4 	 Batch 1199	LR : 0.00488	Top1 Acc.: 94.88	CLS Loss: 0.14	Mixup Loss: 0.75	CRL Loss: 0.07	Tot. Loss: 0.15
2025-03-20 15:17:46,037 INFO Epoch 4 	 Batch 1299	LR : 0.00488	Top1 Acc.: 94.75	CLS Loss: 0.16	Mixup Loss: 0.76	CRL Loss: 0.07	Tot. Loss: 0.17
2025-03-20 15:20:13,700 INFO Epoch 4 	 Batch 1399	LR : 0.00488	Top1 Acc.: 94.94	CLS Loss: 0.15	Mixup Loss: 0.83	CRL Loss: 0.07	Tot. Loss: 0.17
2025-03-20 15:22:41,206 INFO Epoch 4 	 Batch 1499	LR : 0.00488	Top1 Acc.: 95.38	CLS Loss: 0.15	Mixup Loss: 0.73	CRL Loss: 0.07	Tot. Loss: 0.16
2025-03-20 15:25:08,648 INFO Epoch 4 	 Batch 1599	LR : 0.00488	Top1 Acc.: 94.81	CLS Loss: 0.14	Mixup Loss: 0.78	CRL Loss: 0.07	Tot. Loss: 0.16
2025-03-20 15:27:36,303 INFO Epoch 4 	 Batch 1699	LR : 0.00488	Top1 Acc.: 94.38	CLS Loss: 0.14	Mixup Loss: 0.75	CRL Loss: 0.07	Tot. Loss: 0.16
2025-03-20 15:30:04,247 INFO Epoch 4 	 Batch 1799	LR : 0.00488	Top1 Acc.: 94.94	CLS Loss: 0.15	Mixup Loss: 0.76	CRL Loss: 0.06	Tot. Loss: 0.16
2025-03-20 15:32:32,249 INFO Epoch 4 	 Batch 1899	LR : 0.00488	Top1 Acc.: 95.19	CLS Loss: 0.14	Mixup Loss: 0.75	CRL Loss: 0.06	Tot. Loss: 0.15
2025-03-20 15:35:00,423 INFO Epoch 4 	 Batch 1999	LR : 0.00488	Top1 Acc.: 94.88	CLS Loss: 0.15	Mixup Loss: 0.71	CRL Loss: 0.06	Tot. Loss: 0.16
2025-03-20 15:37:28,337 INFO Epoch 4 	 Batch 2099	LR : 0.00488	Top1 Acc.: 94.38	CLS Loss: 0.15	Mixup Loss: 0.74	CRL Loss: 0.07	Tot. Loss: 0.16
2025-03-20 15:39:55,575 INFO Epoch 4 	 Batch 2199	LR : 0.00488	Top1 Acc.: 95.62	CLS Loss: 0.13	Mixup Loss: 0.73	CRL Loss: 0.05	Tot. Loss: 0.14
2025-03-20 15:42:36,034 INFO ################## 
 ---> Validation Epoch 4	Acc.: 96.115	FPR: 30.380	AUROC: 94.523	AUPR: 38.785	AURC: 3.086	EAURC: 2.322	AUPR Succ.: 99.761	ECE: 1.625	NLL: 1.146	Brier: 5.818
2025-03-20 15:42:36,035 INFO re-weighting...
2025-03-20 15:42:36,036 INFO ####### --- Training Epoch 5 --- #######
2025-03-20 15:45:01,483 INFO Epoch 5 	 Batch 99	LR : 0.00478	Top1 Acc.: 96.31	CLS Loss: 0.12	Mixup Loss: 0.77	CRL Loss: 0.05	Tot. Loss: 0.13
2025-03-20 15:47:26,077 INFO Epoch 5 	 Batch 199	LR : 0.00478	Top1 Acc.: 95.38	CLS Loss: 0.14	Mixup Loss: 0.82	CRL Loss: 0.06	Tot. Loss: 0.16
2025-03-20 15:49:50,183 INFO Epoch 5 	 Batch 299	LR : 0.00478	Top1 Acc.: 94.88	CLS Loss: 0.15	Mixup Loss: 0.78	CRL Loss: 0.06	Tot. Loss: 0.16
2025-03-20 15:52:13,588 INFO Epoch 5 	 Batch 399	LR : 0.00478	Top1 Acc.: 95.00	CLS Loss: 0.14	Mixup Loss: 0.76	CRL Loss: 0.06	Tot. Loss: 0.15
2025-03-20 15:54:36,950 INFO Epoch 5 	 Batch 499	LR : 0.00478	Top1 Acc.: 94.56	CLS Loss: 0.16	Mixup Loss: 0.73	CRL Loss: 0.06	Tot. Loss: 0.17
2025-03-20 15:57:00,203 INFO Epoch 5 	 Batch 599	LR : 0.00478	Top1 Acc.: 95.31	CLS Loss: 0.13	Mixup Loss: 0.79	CRL Loss: 0.06	Tot. Loss: 0.14
2025-03-20 15:59:22,775 INFO Epoch 5 	 Batch 699	LR : 0.00478	Top1 Acc.: 94.56	CLS Loss: 0.16	Mixup Loss: 0.80	CRL Loss: 0.07	Tot. Loss: 0.17
2025-03-20 16:01:45,014 INFO Epoch 5 	 Batch 799	LR : 0.00478	Top1 Acc.: 95.75	CLS Loss: 0.13	Mixup Loss: 0.76	CRL Loss: 0.05	Tot. Loss: 0.14
2025-03-20 16:04:07,210 INFO Epoch 5 	 Batch 899	LR : 0.00478	Top1 Acc.: 95.38	CLS Loss: 0.14	Mixup Loss: 0.80	CRL Loss: 0.06	Tot. Loss: 0.15
2025-03-20 16:06:28,947 INFO Epoch 5 	 Batch 999	LR : 0.00478	Top1 Acc.: 95.06	CLS Loss: 0.14	Mixup Loss: 0.79	CRL Loss: 0.06	Tot. Loss: 0.15
2025-03-20 16:08:50,273 INFO Epoch 5 	 Batch 1099	LR : 0.00478	Top1 Acc.: 94.75	CLS Loss: 0.16	Mixup Loss: 0.78	CRL Loss: 0.07	Tot. Loss: 0.17
2025-03-20 16:11:11,162 INFO Epoch 5 	 Batch 1199	LR : 0.00478	Top1 Acc.: 95.56	CLS Loss: 0.14	Mixup Loss: 0.72	CRL Loss: 0.06	Tot. Loss: 0.16
2025-03-20 16:13:31,623 INFO Epoch 5 	 Batch 1299	LR : 0.00478	Top1 Acc.: 94.19	CLS Loss: 0.16	Mixup Loss: 0.74	CRL Loss: 0.07	Tot. Loss: 0.18
2025-03-20 16:15:51,500 INFO Epoch 5 	 Batch 1399	LR : 0.00478	Top1 Acc.: 94.94	CLS Loss: 0.15	Mixup Loss: 0.77	CRL Loss: 0.06	Tot. Loss: 0.16
2025-03-20 16:18:11,047 INFO Epoch 5 	 Batch 1499	LR : 0.00478	Top1 Acc.: 95.12	CLS Loss: 0.14	Mixup Loss: 0.74	CRL Loss: 0.06	Tot. Loss: 0.16
2025-03-20 16:20:30,367 INFO Epoch 5 	 Batch 1599	LR : 0.00478	Top1 Acc.: 95.62	CLS Loss: 0.13	Mixup Loss: 0.79	CRL Loss: 0.05	Tot. Loss: 0.14
2025-03-20 16:22:48,940 INFO Epoch 5 	 Batch 1699	LR : 0.00478	Top1 Acc.: 95.31	CLS Loss: 0.14	Mixup Loss: 0.75	CRL Loss: 0.06	Tot. Loss: 0.15
2025-03-20 16:25:07,175 INFO Epoch 5 	 Batch 1799	LR : 0.00478	Top1 Acc.: 95.06	CLS Loss: 0.13	Mixup Loss: 0.72	CRL Loss: 0.05	Tot. Loss: 0.14
2025-03-20 16:27:24,949 INFO Epoch 5 	 Batch 1899	LR : 0.00478	Top1 Acc.: 95.12	CLS Loss: 0.15	Mixup Loss: 0.74	CRL Loss: 0.06	Tot. Loss: 0.16
2025-03-20 16:29:42,578 INFO Epoch 5 	 Batch 1999	LR : 0.00478	Top1 Acc.: 95.56	CLS Loss: 0.13	Mixup Loss: 0.74	CRL Loss: 0.05	Tot. Loss: 0.14
2025-03-20 16:32:00,185 INFO Epoch 5 	 Batch 2099	LR : 0.00478	Top1 Acc.: 94.38	CLS Loss: 0.17	Mixup Loss: 0.76	CRL Loss: 0.07	Tot. Loss: 0.18
2025-03-20 16:34:18,187 INFO Epoch 5 	 Batch 2199	LR : 0.00478	Top1 Acc.: 94.88	CLS Loss: 0.15	Mixup Loss: 0.76	CRL Loss: 0.07	Tot. Loss: 0.17
2025-03-20 16:36:49,173 INFO ################## 
 ---> Validation Epoch 5	Acc.: 96.238	FPR: 33.987	AUROC: 92.773	AUPR: 35.676	AURC: 3.936	EAURC: 3.219	AUPR Succ.: 99.668	ECE: 2.460	NLL: 1.217	Brier: 5.919
2025-03-20 16:36:49,175 INFO re-weighting...
2025-03-20 16:36:49,176 INFO ####### --- Training Epoch 6 --- #######
2025-03-20 16:39:07,127 INFO Epoch 6 	 Batch 99	LR : 0.00467	Top1 Acc.: 95.31	CLS Loss: 0.14	Mixup Loss: 0.77	CRL Loss: 0.05	Tot. Loss: 0.15
2025-03-20 16:41:24,770 INFO Epoch 6 	 Batch 199	LR : 0.00467	Top1 Acc.: 95.25	CLS Loss: 0.14	Mixup Loss: 0.84	CRL Loss: 0.06	Tot. Loss: 0.15
2025-03-20 16:43:42,484 INFO Epoch 6 	 Batch 299	LR : 0.00467	Top1 Acc.: 96.00	CLS Loss: 0.12	Mixup Loss: 0.83	CRL Loss: 0.05	Tot. Loss: 0.13
2025-03-20 16:46:00,323 INFO Epoch 6 	 Batch 399	LR : 0.00467	Top1 Acc.: 95.75	CLS Loss: 0.13	Mixup Loss: 0.77	CRL Loss: 0.06	Tot. Loss: 0.14
2025-03-20 16:48:18,277 INFO Epoch 6 	 Batch 499	LR : 0.00467	Top1 Acc.: 96.12	CLS Loss: 0.12	Mixup Loss: 0.82	CRL Loss: 0.05	Tot. Loss: 0.13
2025-03-20 16:50:36,632 INFO Epoch 6 	 Batch 599	LR : 0.00467	Top1 Acc.: 94.38	CLS Loss: 0.15	Mixup Loss: 0.82	CRL Loss: 0.06	Tot. Loss: 0.16
2025-03-20 16:52:54,849 INFO Epoch 6 	 Batch 699	LR : 0.00467	Top1 Acc.: 94.81	CLS Loss: 0.15	Mixup Loss: 0.81	CRL Loss: 0.06	Tot. Loss: 0.16
2025-03-20 16:55:13,632 INFO Epoch 6 	 Batch 799	LR : 0.00467	Top1 Acc.: 96.12	CLS Loss: 0.13	Mixup Loss: 0.80	CRL Loss: 0.06	Tot. Loss: 0.14
2025-03-20 16:57:32,465 INFO Epoch 6 	 Batch 899	LR : 0.00467	Top1 Acc.: 94.94	CLS Loss: 0.14	Mixup Loss: 0.75	CRL Loss: 0.06	Tot. Loss: 0.15
2025-03-20 16:59:50,891 INFO Epoch 6 	 Batch 999	LR : 0.00467	Top1 Acc.: 95.38	CLS Loss: 0.13	Mixup Loss: 0.83	CRL Loss: 0.06	Tot. Loss: 0.14
2025-03-20 17:02:09,462 INFO Epoch 6 	 Batch 1099	LR : 0.00467	Top1 Acc.: 95.12	CLS Loss: 0.15	Mixup Loss: 0.80	CRL Loss: 0.07	Tot. Loss: 0.16
2025-03-20 17:04:28,317 INFO Epoch 6 	 Batch 1199	LR : 0.00467	Top1 Acc.: 95.31	CLS Loss: 0.15	Mixup Loss: 0.81	CRL Loss: 0.06	Tot. Loss: 0.16
2025-03-20 17:06:47,673 INFO Epoch 6 	 Batch 1299	LR : 0.00467	Top1 Acc.: 94.75	CLS Loss: 0.15	Mixup Loss: 0.85	CRL Loss: 0.07	Tot. Loss: 0.16
2025-03-20 17:09:06,897 INFO Epoch 6 	 Batch 1399	LR : 0.00467	Top1 Acc.: 95.69	CLS Loss: 0.14	Mixup Loss: 0.87	CRL Loss: 0.06	Tot. Loss: 0.15
2025-03-20 17:11:26,361 INFO Epoch 6 	 Batch 1499	LR : 0.00467	Top1 Acc.: 95.62	CLS Loss: 0.14	Mixup Loss: 0.89	CRL Loss: 0.06	Tot. Loss: 0.15
2025-03-20 17:13:46,392 INFO Epoch 6 	 Batch 1599	LR : 0.00467	Top1 Acc.: 95.94	CLS Loss: 0.12	Mixup Loss: 0.82	CRL Loss: 0.05	Tot. Loss: 0.13
2025-03-20 17:16:06,495 INFO Epoch 6 	 Batch 1699	LR : 0.00467	Top1 Acc.: 94.75	CLS Loss: 0.15	Mixup Loss: 0.84	CRL Loss: 0.07	Tot. Loss: 0.16
2025-03-20 17:18:26,382 INFO Epoch 6 	 Batch 1799	LR : 0.00467	Top1 Acc.: 95.06	CLS Loss: 0.14	Mixup Loss: 0.83	CRL Loss: 0.06	Tot. Loss: 0.15
2025-03-20 17:20:46,785 INFO Epoch 6 	 Batch 1899	LR : 0.00467	Top1 Acc.: 95.50	CLS Loss: 0.14	Mixup Loss: 0.81	CRL Loss: 0.06	Tot. Loss: 0.16
2025-03-20 17:23:07,044 INFO Epoch 6 	 Batch 1999	LR : 0.00467	Top1 Acc.: 94.81	CLS Loss: 0.14	Mixup Loss: 0.84	CRL Loss: 0.06	Tot. Loss: 0.15
2025-03-20 17:25:27,890 INFO Epoch 6 	 Batch 2099	LR : 0.00467	Top1 Acc.: 94.50	CLS Loss: 0.16	Mixup Loss: 0.82	CRL Loss: 0.06	Tot. Loss: 0.17
2025-03-20 17:27:48,824 INFO Epoch 6 	 Batch 2199	LR : 0.00467	Top1 Acc.: 95.38	CLS Loss: 0.15	Mixup Loss: 0.78	CRL Loss: 0.06	Tot. Loss: 0.16
2025-03-20 17:30:23,600 INFO ################## 
 ---> Validation Epoch 6	Acc.: 96.115	FPR: 36.709	AUROC: 91.272	AUPR: 38.061	AURC: 5.562	EAURC: 4.797	AUPR Succ.: 99.504	ECE: 1.141	NLL: 1.209	Brier: 6.074
2025-03-20 17:30:23,601 INFO re-weighting...
2025-03-20 17:30:23,602 INFO ####### --- Training Epoch 7 --- #######
2025-03-20 17:32:39,938 INFO Epoch 7 	 Batch 99	LR : 0.00452	Top1 Acc.: 95.31	CLS Loss: 0.14	Mixup Loss: 0.87	CRL Loss: 0.06	Tot. Loss: 0.16
2025-03-20 17:34:54,770 INFO Epoch 7 	 Batch 199	LR : 0.00452	Top1 Acc.: 95.69	CLS Loss: 0.13	Mixup Loss: 0.86	CRL Loss: 0.05	Tot. Loss: 0.14
2025-03-20 17:37:09,739 INFO Epoch 7 	 Batch 299	LR : 0.00452	Top1 Acc.: 95.00	CLS Loss: 0.14	Mixup Loss: 0.85	CRL Loss: 0.06	Tot. Loss: 0.16
2025-03-20 17:39:24,801 INFO Epoch 7 	 Batch 399	LR : 0.00452	Top1 Acc.: 95.06	CLS Loss: 0.15	Mixup Loss: 0.87	CRL Loss: 0.06	Tot. Loss: 0.16
2025-03-20 17:41:39,545 INFO Epoch 7 	 Batch 499	LR : 0.00452	Top1 Acc.: 95.44	CLS Loss: 0.13	Mixup Loss: 0.91	CRL Loss: 0.05	Tot. Loss: 0.14
2025-03-20 17:43:54,472 INFO Epoch 7 	 Batch 599	LR : 0.00452	Top1 Acc.: 95.69	CLS Loss: 0.13	Mixup Loss: 0.85	CRL Loss: 0.05	Tot. Loss: 0.14
2025-03-20 17:46:09,822 INFO Epoch 7 	 Batch 699	LR : 0.00452	Top1 Acc.: 94.56	CLS Loss: 0.16	Mixup Loss: 0.78	CRL Loss: 0.06	Tot. Loss: 0.17
2025-03-20 17:48:25,260 INFO Epoch 7 	 Batch 799	LR : 0.00452	Top1 Acc.: 94.81	CLS Loss: 0.15	Mixup Loss: 0.77	CRL Loss: 0.06	Tot. Loss: 0.16
2025-03-20 17:50:40,860 INFO Epoch 7 	 Batch 899	LR : 0.00452	Top1 Acc.: 94.94	CLS Loss: 0.15	Mixup Loss: 0.85	CRL Loss: 0.07	Tot. Loss: 0.16
2025-03-20 17:52:56,493 INFO Epoch 7 	 Batch 999	LR : 0.00452	Top1 Acc.: 96.00	CLS Loss: 0.12	Mixup Loss: 0.82	CRL Loss: 0.05	Tot. Loss: 0.13
2025-03-20 17:55:12,833 INFO Epoch 7 	 Batch 1099	LR : 0.00452	Top1 Acc.: 95.38	CLS Loss: 0.14	Mixup Loss: 0.88	CRL Loss: 0.05	Tot. Loss: 0.15
2025-03-20 17:57:29,162 INFO Epoch 7 	 Batch 1199	LR : 0.00452	Top1 Acc.: 96.00	CLS Loss: 0.13	Mixup Loss: 0.84	CRL Loss: 0.05	Tot. Loss: 0.14
2025-03-20 17:59:45,421 INFO Epoch 7 	 Batch 1299	LR : 0.00452	Top1 Acc.: 94.56	CLS Loss: 0.15	Mixup Loss: 0.84	CRL Loss: 0.06	Tot. Loss: 0.16
2025-03-20 18:02:01,578 INFO Epoch 7 	 Batch 1399	LR : 0.00452	Top1 Acc.: 95.50	CLS Loss: 0.13	Mixup Loss: 0.81	CRL Loss: 0.05	Tot. Loss: 0.14
2025-03-20 18:04:17,808 INFO Epoch 7 	 Batch 1499	LR : 0.00452	Top1 Acc.: 94.81	CLS Loss: 0.16	Mixup Loss: 0.91	CRL Loss: 0.06	Tot. Loss: 0.17
2025-03-20 18:06:34,266 INFO Epoch 7 	 Batch 1599	LR : 0.00452	Top1 Acc.: 95.12	CLS Loss: 0.14	Mixup Loss: 0.85	CRL Loss: 0.07	Tot. Loss: 0.16
2025-03-20 18:08:50,762 INFO Epoch 7 	 Batch 1699	LR : 0.00452	Top1 Acc.: 95.62	CLS Loss: 0.14	Mixup Loss: 0.84	CRL Loss: 0.06	Tot. Loss: 0.15
2025-03-20 18:11:07,309 INFO Epoch 7 	 Batch 1799	LR : 0.00452	Top1 Acc.: 95.50	CLS Loss: 0.14	Mixup Loss: 0.87	CRL Loss: 0.07	Tot. Loss: 0.15
2025-03-20 18:13:23,971 INFO Epoch 7 	 Batch 1899	LR : 0.00452	Top1 Acc.: 95.38	CLS Loss: 0.14	Mixup Loss: 0.87	CRL Loss: 0.06	Tot. Loss: 0.15
2025-03-20 18:15:40,741 INFO Epoch 7 	 Batch 1999	LR : 0.00452	Top1 Acc.: 95.75	CLS Loss: 0.12	Mixup Loss: 0.85	CRL Loss: 0.06	Tot. Loss: 0.14
2025-03-20 18:17:55,496 INFO Epoch 7 	 Batch 2099	LR : 0.00452	Top1 Acc.: 96.00	CLS Loss: 0.13	Mixup Loss: 0.93	CRL Loss: 0.05	Tot. Loss: 0.14
2025-03-20 18:20:06,961 INFO Epoch 7 	 Batch 2199	LR : 0.00452	Top1 Acc.: 95.19	CLS Loss: 0.14	Mixup Loss: 0.88	CRL Loss: 0.07	Tot. Loss: 0.16
2025-03-20 18:22:30,320 INFO ################## 
 ---> Validation Epoch 7	Acc.: 96.386	FPR: 37.415	AUROC: 93.174	AUPR: 36.242	AURC: 3.405	EAURC: 2.743	AUPR Succ.: 99.718	ECE: 1.477	NLL: 1.131	Brier: 5.728
2025-03-20 18:22:30,321 INFO Accuracy improved from 96.34 to 96.39!!!
2025-03-20 18:22:30,534 INFO re-weighting...
2025-03-20 18:22:30,535 INFO ####### --- Training Epoch 8 --- #######
2025-03-20 18:24:41,356 INFO Epoch 8 	 Batch 99	LR : 0.00436	Top1 Acc.: 95.12	CLS Loss: 0.14	Mixup Loss: 0.85	CRL Loss: 0.06	Tot. Loss: 0.16
2025-03-20 18:26:51,964 INFO Epoch 8 	 Batch 199	LR : 0.00436	Top1 Acc.: 95.31	CLS Loss: 0.14	Mixup Loss: 0.90	CRL Loss: 0.06	Tot. Loss: 0.15
2025-03-20 18:29:02,995 INFO Epoch 8 	 Batch 299	LR : 0.00436	Top1 Acc.: 94.88	CLS Loss: 0.15	Mixup Loss: 0.88	CRL Loss: 0.07	Tot. Loss: 0.17
2025-03-20 18:31:13,920 INFO Epoch 8 	 Batch 399	LR : 0.00436	Top1 Acc.: 95.56	CLS Loss: 0.13	Mixup Loss: 0.94	CRL Loss: 0.05	Tot. Loss: 0.14
2025-03-20 18:33:25,233 INFO Epoch 8 	 Batch 499	LR : 0.00436	Top1 Acc.: 94.62	CLS Loss: 0.15	Mixup Loss: 0.91	CRL Loss: 0.06	Tot. Loss: 0.16
2025-03-20 18:35:36,501 INFO Epoch 8 	 Batch 599	LR : 0.00436	Top1 Acc.: 95.12	CLS Loss: 0.14	Mixup Loss: 0.90	CRL Loss: 0.07	Tot. Loss: 0.15
2025-03-20 18:37:47,636 INFO Epoch 8 	 Batch 699	LR : 0.00436	Top1 Acc.: 96.12	CLS Loss: 0.12	Mixup Loss: 0.89	CRL Loss: 0.05	Tot. Loss: 0.13
2025-03-20 18:39:58,686 INFO Epoch 8 	 Batch 799	LR : 0.00436	Top1 Acc.: 94.94	CLS Loss: 0.15	Mixup Loss: 0.95	CRL Loss: 0.06	Tot. Loss: 0.16
2025-03-20 18:42:09,948 INFO Epoch 8 	 Batch 899	LR : 0.00436	Top1 Acc.: 95.81	CLS Loss: 0.13	Mixup Loss: 0.90	CRL Loss: 0.05	Tot. Loss: 0.14
2025-03-20 18:44:21,444 INFO Epoch 8 	 Batch 999	LR : 0.00436	Top1 Acc.: 96.44	CLS Loss: 0.12	Mixup Loss: 0.89	CRL Loss: 0.06	Tot. Loss: 0.13
2025-03-20 18:46:32,942 INFO Epoch 8 	 Batch 1099	LR : 0.00436	Top1 Acc.: 95.50	CLS Loss: 0.14	Mixup Loss: 0.87	CRL Loss: 0.06	Tot. Loss: 0.16
2025-03-20 18:48:44,097 INFO Epoch 8 	 Batch 1199	LR : 0.00436	Top1 Acc.: 95.19	CLS Loss: 0.14	Mixup Loss: 0.90	CRL Loss: 0.06	Tot. Loss: 0.15
2025-03-20 18:50:55,438 INFO Epoch 8 	 Batch 1299	LR : 0.00436	Top1 Acc.: 95.38	CLS Loss: 0.14	Mixup Loss: 0.88	CRL Loss: 0.06	Tot. Loss: 0.15
2025-03-20 18:53:06,774 INFO Epoch 8 	 Batch 1399	LR : 0.00436	Top1 Acc.: 95.75	CLS Loss: 0.13	Mixup Loss: 0.88	CRL Loss: 0.05	Tot. Loss: 0.14
2025-03-20 18:55:18,435 INFO Epoch 8 	 Batch 1499	LR : 0.00436	Top1 Acc.: 95.44	CLS Loss: 0.14	Mixup Loss: 0.91	CRL Loss: 0.06	Tot. Loss: 0.15
2025-03-20 18:57:30,550 INFO Epoch 8 	 Batch 1599	LR : 0.00436	Top1 Acc.: 96.06	CLS Loss: 0.11	Mixup Loss: 0.86	CRL Loss: 0.04	Tot. Loss: 0.12
2025-03-20 18:59:42,630 INFO Epoch 8 	 Batch 1699	LR : 0.00436	Top1 Acc.: 95.50	CLS Loss: 0.12	Mixup Loss: 0.86	CRL Loss: 0.06	Tot. Loss: 0.14
2025-03-20 19:01:54,883 INFO Epoch 8 	 Batch 1799	LR : 0.00436	Top1 Acc.: 95.00	CLS Loss: 0.14	Mixup Loss: 0.89	CRL Loss: 0.06	Tot. Loss: 0.16
2025-03-20 19:04:06,918 INFO Epoch 8 	 Batch 1899	LR : 0.00436	Top1 Acc.: 95.06	CLS Loss: 0.14	Mixup Loss: 0.85	CRL Loss: 0.05	Tot. Loss: 0.15
2025-03-20 19:06:19,442 INFO Epoch 8 	 Batch 1999	LR : 0.00436	Top1 Acc.: 95.56	CLS Loss: 0.14	Mixup Loss: 0.91	CRL Loss: 0.06	Tot. Loss: 0.15
2025-03-20 19:08:31,729 INFO Epoch 8 	 Batch 2099	LR : 0.00436	Top1 Acc.: 95.44	CLS Loss: 0.12	Mixup Loss: 0.80	CRL Loss: 0.05	Tot. Loss: 0.13
2025-03-20 19:10:44,336 INFO Epoch 8 	 Batch 2199	LR : 0.00436	Top1 Acc.: 95.31	CLS Loss: 0.13	Mixup Loss: 0.81	CRL Loss: 0.05	Tot. Loss: 0.14
2025-03-20 19:13:09,697 INFO ################## 
 ---> Validation Epoch 8	Acc.: 96.140	FPR: 31.210	AUROC: 93.983	AUPR: 39.220	AURC: 3.326	EAURC: 2.571	AUPR Succ.: 99.735	ECE: 1.195	NLL: 1.152	Brier: 5.889
2025-03-20 19:13:09,698 INFO re-weighting...
2025-03-20 19:13:09,699 INFO ####### --- Training Epoch 9 --- #######
2025-03-20 19:15:22,825 INFO Epoch 9 	 Batch 99	LR : 0.00417	Top1 Acc.: 95.56	CLS Loss: 0.14	Mixup Loss: 0.86	CRL Loss: 0.06	Tot. Loss: 0.15
2025-03-20 19:17:35,670 INFO Epoch 9 	 Batch 199	LR : 0.00417	Top1 Acc.: 94.94	CLS Loss: 0.15	Mixup Loss: 0.91	CRL Loss: 0.06	Tot. Loss: 0.17
2025-03-20 19:19:48,470 INFO Epoch 9 	 Batch 299	LR : 0.00417	Top1 Acc.: 96.38	CLS Loss: 0.13	Mixup Loss: 0.94	CRL Loss: 0.05	Tot. Loss: 0.14
2025-03-20 19:22:01,588 INFO Epoch 9 	 Batch 399	LR : 0.00417	Top1 Acc.: 95.56	CLS Loss: 0.14	Mixup Loss: 0.92	CRL Loss: 0.06	Tot. Loss: 0.15
2025-03-20 19:24:14,484 INFO Epoch 9 	 Batch 499	LR : 0.00417	Top1 Acc.: 95.25	CLS Loss: 0.13	Mixup Loss: 0.89	CRL Loss: 0.05	Tot. Loss: 0.14
2025-03-20 19:26:27,608 INFO Epoch 9 	 Batch 599	LR : 0.00417	Top1 Acc.: 95.50	CLS Loss: 0.12	Mixup Loss: 0.90	CRL Loss: 0.06	Tot. Loss: 0.14
2025-03-20 19:28:40,468 INFO Epoch 9 	 Batch 699	LR : 0.00417	Top1 Acc.: 95.50	CLS Loss: 0.12	Mixup Loss: 0.95	CRL Loss: 0.05	Tot. Loss: 0.14
2025-03-20 19:30:53,415 INFO Epoch 9 	 Batch 799	LR : 0.00417	Top1 Acc.: 95.25	CLS Loss: 0.14	Mixup Loss: 0.89	CRL Loss: 0.06	Tot. Loss: 0.15
2025-03-20 19:33:06,459 INFO Epoch 9 	 Batch 899	LR : 0.00417	Top1 Acc.: 94.88	CLS Loss: 0.16	Mixup Loss: 0.89	CRL Loss: 0.06	Tot. Loss: 0.17
2025-03-20 19:35:19,285 INFO Epoch 9 	 Batch 999	LR : 0.00417	Top1 Acc.: 94.50	CLS Loss: 0.15	Mixup Loss: 0.86	CRL Loss: 0.06	Tot. Loss: 0.16
2025-03-20 19:37:31,636 INFO Epoch 9 	 Batch 1099	LR : 0.00417	Top1 Acc.: 96.44	CLS Loss: 0.12	Mixup Loss: 0.91	CRL Loss: 0.05	Tot. Loss: 0.13
2025-03-20 19:39:43,395 INFO Epoch 9 	 Batch 1199	LR : 0.00417	Top1 Acc.: 96.44	CLS Loss: 0.12	Mixup Loss: 0.89	CRL Loss: 0.05	Tot. Loss: 0.13
2025-03-20 19:41:54,602 INFO Epoch 9 	 Batch 1299	LR : 0.00417	Top1 Acc.: 96.06	CLS Loss: 0.12	Mixup Loss: 0.91	CRL Loss: 0.05	Tot. Loss: 0.13
2025-03-20 19:44:05,296 INFO Epoch 9 	 Batch 1399	LR : 0.00417	Top1 Acc.: 95.88	CLS Loss: 0.13	Mixup Loss: 0.92	CRL Loss: 0.05	Tot. Loss: 0.14
2025-03-20 19:46:15,790 INFO Epoch 9 	 Batch 1499	LR : 0.00417	Top1 Acc.: 94.69	CLS Loss: 0.15	Mixup Loss: 0.94	CRL Loss: 0.06	Tot. Loss: 0.16
2025-03-20 19:48:25,929 INFO Epoch 9 	 Batch 1599	LR : 0.00417	Top1 Acc.: 95.94	CLS Loss: 0.13	Mixup Loss: 0.94	CRL Loss: 0.06	Tot. Loss: 0.14
2025-03-20 19:50:35,762 INFO Epoch 9 	 Batch 1699	LR : 0.00417	Top1 Acc.: 96.19	CLS Loss: 0.13	Mixup Loss: 0.86	CRL Loss: 0.05	Tot. Loss: 0.14
2025-03-20 19:52:45,139 INFO Epoch 9 	 Batch 1799	LR : 0.00417	Top1 Acc.: 95.44	CLS Loss: 0.14	Mixup Loss: 0.88	CRL Loss: 0.06	Tot. Loss: 0.15
2025-03-20 19:54:54,021 INFO Epoch 9 	 Batch 1899	LR : 0.00417	Top1 Acc.: 95.00	CLS Loss: 0.14	Mixup Loss: 0.90	CRL Loss: 0.05	Tot. Loss: 0.15
2025-03-20 19:57:02,786 INFO Epoch 9 	 Batch 1999	LR : 0.00417	Top1 Acc.: 95.56	CLS Loss: 0.13	Mixup Loss: 0.89	CRL Loss: 0.05	Tot. Loss: 0.14
2025-03-20 19:59:11,568 INFO Epoch 9 	 Batch 2099	LR : 0.00417	Top1 Acc.: 95.62	CLS Loss: 0.13	Mixup Loss: 0.86	CRL Loss: 0.06	Tot. Loss: 0.15
2025-03-20 20:01:20,249 INFO Epoch 9 	 Batch 2199	LR : 0.00417	Top1 Acc.: 96.19	CLS Loss: 0.13	Mixup Loss: 0.84	CRL Loss: 0.05	Tot. Loss: 0.14
2025-03-20 20:03:40,945 INFO ################## 
 ---> Validation Epoch 9	Acc.: 95.525	FPR: 35.165	AUROC: 93.768	AUPR: 43.493	AURC: 4.172	EAURC: 3.155	AUPR Succ.: 99.673	ECE: 1.116	NLL: 1.251	Brier: 6.532
2025-03-20 20:03:40,946 INFO re-weighting...
2025-03-20 20:03:40,947 INFO ####### --- Training Epoch 10 --- #######
2025-03-20 20:05:49,127 INFO Epoch 10 	 Batch 99	LR : 0.00397	Top1 Acc.: 95.50	CLS Loss: 0.13	Mixup Loss: 0.82	CRL Loss: 0.05	Tot. Loss: 0.14
2025-03-20 20:07:56,998 INFO Epoch 10 	 Batch 199	LR : 0.00397	Top1 Acc.: 94.62	CLS Loss: 0.14	Mixup Loss: 0.86	CRL Loss: 0.05	Tot. Loss: 0.15
2025-03-20 20:10:04,643 INFO Epoch 10 	 Batch 299	LR : 0.00397	Top1 Acc.: 96.31	CLS Loss: 0.11	Mixup Loss: 0.86	CRL Loss: 0.05	Tot. Loss: 0.12
2025-03-20 20:12:11,847 INFO Epoch 10 	 Batch 399	LR : 0.00397	Top1 Acc.: 95.69	CLS Loss: 0.14	Mixup Loss: 0.90	CRL Loss: 0.06	Tot. Loss: 0.15
2025-03-20 20:14:18,701 INFO Epoch 10 	 Batch 499	LR : 0.00397	Top1 Acc.: 95.56	CLS Loss: 0.13	Mixup Loss: 0.88	CRL Loss: 0.06	Tot. Loss: 0.15
2025-03-20 20:16:25,053 INFO Epoch 10 	 Batch 599	LR : 0.00397	Top1 Acc.: 95.50	CLS Loss: 0.13	Mixup Loss: 0.92	CRL Loss: 0.06	Tot. Loss: 0.14
2025-03-20 20:18:31,124 INFO Epoch 10 	 Batch 699	LR : 0.00397	Top1 Acc.: 96.50	CLS Loss: 0.12	Mixup Loss: 0.85	CRL Loss: 0.05	Tot. Loss: 0.13
2025-03-20 20:20:37,094 INFO Epoch 10 	 Batch 799	LR : 0.00397	Top1 Acc.: 96.00	CLS Loss: 0.12	Mixup Loss: 0.89	CRL Loss: 0.05	Tot. Loss: 0.13
2025-03-20 20:22:42,769 INFO Epoch 10 	 Batch 899	LR : 0.00397	Top1 Acc.: 95.06	CLS Loss: 0.14	Mixup Loss: 0.89	CRL Loss: 0.05	Tot. Loss: 0.15
2025-03-20 20:24:47,879 INFO Epoch 10 	 Batch 999	LR : 0.00397	Top1 Acc.: 95.69	CLS Loss: 0.14	Mixup Loss: 0.91	CRL Loss: 0.05	Tot. Loss: 0.15
2025-03-20 20:26:52,982 INFO Epoch 10 	 Batch 1099	LR : 0.00397	Top1 Acc.: 95.50	CLS Loss: 0.14	Mixup Loss: 0.92	CRL Loss: 0.07	Tot. Loss: 0.15
2025-03-20 20:28:58,356 INFO Epoch 10 	 Batch 1199	LR : 0.00397	Top1 Acc.: 95.56	CLS Loss: 0.13	Mixup Loss: 0.95	CRL Loss: 0.05	Tot. Loss: 0.14
2025-03-20 20:31:03,649 INFO Epoch 10 	 Batch 1299	LR : 0.00397	Top1 Acc.: 94.75	CLS Loss: 0.15	Mixup Loss: 0.94	CRL Loss: 0.06	Tot. Loss: 0.16
2025-03-20 20:33:08,898 INFO Epoch 10 	 Batch 1399	LR : 0.00397	Top1 Acc.: 95.31	CLS Loss: 0.13	Mixup Loss: 0.87	CRL Loss: 0.05	Tot. Loss: 0.14
2025-03-20 20:35:14,404 INFO Epoch 10 	 Batch 1499	LR : 0.00397	Top1 Acc.: 95.75	CLS Loss: 0.13	Mixup Loss: 0.87	CRL Loss: 0.05	Tot. Loss: 0.14
2025-03-20 20:37:19,818 INFO Epoch 10 	 Batch 1599	LR : 0.00397	Top1 Acc.: 96.31	CLS Loss: 0.13	Mixup Loss: 0.88	CRL Loss: 0.05	Tot. Loss: 0.14
2025-03-20 20:39:25,497 INFO Epoch 10 	 Batch 1699	LR : 0.00397	Top1 Acc.: 94.75	CLS Loss: 0.15	Mixup Loss: 0.94	CRL Loss: 0.06	Tot. Loss: 0.16
2025-03-20 20:41:31,058 INFO Epoch 10 	 Batch 1799	LR : 0.00397	Top1 Acc.: 95.56	CLS Loss: 0.14	Mixup Loss: 0.87	CRL Loss: 0.06	Tot. Loss: 0.15
2025-03-20 20:43:36,846 INFO Epoch 10 	 Batch 1899	LR : 0.00397	Top1 Acc.: 94.62	CLS Loss: 0.14	Mixup Loss: 0.90	CRL Loss: 0.06	Tot. Loss: 0.15
2025-03-20 20:45:42,497 INFO Epoch 10 	 Batch 1999	LR : 0.00397	Top1 Acc.: 94.88	CLS Loss: 0.14	Mixup Loss: 0.90	CRL Loss: 0.05	Tot. Loss: 0.16
2025-03-20 20:47:48,165 INFO Epoch 10 	 Batch 2099	LR : 0.00397	Top1 Acc.: 96.38	CLS Loss: 0.12	Mixup Loss: 0.84	CRL Loss: 0.05	Tot. Loss: 0.13
2025-03-20 20:49:54,177 INFO Epoch 10 	 Batch 2199	LR : 0.00397	Top1 Acc.: 95.06	CLS Loss: 0.15	Mixup Loss: 0.89	CRL Loss: 0.07	Tot. Loss: 0.16
2025-03-20 20:52:12,411 INFO ################## 
 ---> Validation Epoch 10	Acc.: 96.459	FPR: 25.000	AUROC: 95.322	AUPR: 47.045	AURC: 2.435	EAURC: 1.801	AUPR Succ.: 99.815	ECE: 1.203	NLL: 0.988	Brier: 5.085
2025-03-20 20:52:12,411 INFO Accuracy improved from 96.39 to 96.46!!!
2025-03-20 20:52:12,614 INFO re-weighting...
2025-03-20 20:52:12,615 INFO ####### --- Training Epoch 11 --- #######
2025-03-20 20:54:18,944 INFO Epoch 11 	 Batch 99	LR : 0.00375	Top1 Acc.: 95.88	CLS Loss: 0.12	Mixup Loss: 0.91	CRL Loss: 0.06	Tot. Loss: 0.13
2025-03-20 20:56:25,285 INFO Epoch 11 	 Batch 199	LR : 0.00375	Top1 Acc.: 96.19	CLS Loss: 0.12	Mixup Loss: 0.91	CRL Loss: 0.04	Tot. Loss: 0.13
2025-03-20 20:58:31,534 INFO Epoch 11 	 Batch 299	LR : 0.00375	Top1 Acc.: 96.12	CLS Loss: 0.11	Mixup Loss: 0.96	CRL Loss: 0.05	Tot. Loss: 0.12
2025-03-20 21:00:37,913 INFO Epoch 11 	 Batch 399	LR : 0.00375	Top1 Acc.: 96.06	CLS Loss: 0.12	Mixup Loss: 0.91	CRL Loss: 0.06	Tot. Loss: 0.14
2025-03-20 21:02:44,791 INFO Epoch 11 	 Batch 499	LR : 0.00375	Top1 Acc.: 95.12	CLS Loss: 0.14	Mixup Loss: 0.95	CRL Loss: 0.06	Tot. Loss: 0.15
2025-03-20 21:04:51,426 INFO Epoch 11 	 Batch 599	LR : 0.00375	Top1 Acc.: 95.62	CLS Loss: 0.13	Mixup Loss: 0.91	CRL Loss: 0.05	Tot. Loss: 0.14
2025-03-20 21:06:58,343 INFO Epoch 11 	 Batch 699	LR : 0.00375	Top1 Acc.: 96.25	CLS Loss: 0.12	Mixup Loss: 0.90	CRL Loss: 0.05	Tot. Loss: 0.13
2025-03-20 21:09:05,135 INFO Epoch 11 	 Batch 799	LR : 0.00375	Top1 Acc.: 94.69	CLS Loss: 0.14	Mixup Loss: 0.89	CRL Loss: 0.07	Tot. Loss: 0.16
2025-03-20 21:11:11,798 INFO Epoch 11 	 Batch 899	LR : 0.00375	Top1 Acc.: 94.56	CLS Loss: 0.16	Mixup Loss: 0.86	CRL Loss: 0.07	Tot. Loss: 0.17
2025-03-20 21:13:18,501 INFO Epoch 11 	 Batch 999	LR : 0.00375	Top1 Acc.: 95.31	CLS Loss: 0.14	Mixup Loss: 0.86	CRL Loss: 0.05	Tot. Loss: 0.15
2025-03-20 21:15:25,556 INFO Epoch 11 	 Batch 1099	LR : 0.00375	Top1 Acc.: 95.44	CLS Loss: 0.14	Mixup Loss: 0.87	CRL Loss: 0.05	Tot. Loss: 0.15
2025-03-20 21:17:32,728 INFO Epoch 11 	 Batch 1199	LR : 0.00375	Top1 Acc.: 95.12	CLS Loss: 0.14	Mixup Loss: 0.90	CRL Loss: 0.06	Tot. Loss: 0.15
2025-03-20 21:19:40,012 INFO Epoch 11 	 Batch 1299	LR : 0.00375	Top1 Acc.: 95.25	CLS Loss: 0.13	Mixup Loss: 0.95	CRL Loss: 0.05	Tot. Loss: 0.14
2025-03-20 21:21:47,426 INFO Epoch 11 	 Batch 1399	LR : 0.00375	Top1 Acc.: 94.88	CLS Loss: 0.15	Mixup Loss: 0.92	CRL Loss: 0.06	Tot. Loss: 0.16
2025-03-20 21:23:54,936 INFO Epoch 11 	 Batch 1499	LR : 0.00375	Top1 Acc.: 96.19	CLS Loss: 0.13	Mixup Loss: 0.92	CRL Loss: 0.06	Tot. Loss: 0.14
2025-03-20 21:26:02,753 INFO Epoch 11 	 Batch 1599	LR : 0.00375	Top1 Acc.: 95.25	CLS Loss: 0.14	Mixup Loss: 0.85	CRL Loss: 0.06	Tot. Loss: 0.16
2025-03-20 21:28:10,408 INFO Epoch 11 	 Batch 1699	LR : 0.00375	Top1 Acc.: 95.06	CLS Loss: 0.15	Mixup Loss: 0.91	CRL Loss: 0.05	Tot. Loss: 0.16
2025-03-20 21:30:18,225 INFO Epoch 11 	 Batch 1799	LR : 0.00375	Top1 Acc.: 96.06	CLS Loss: 0.12	Mixup Loss: 0.88	CRL Loss: 0.05	Tot. Loss: 0.13
2025-03-20 21:32:26,246 INFO Epoch 11 	 Batch 1899	LR : 0.00375	Top1 Acc.: 95.88	CLS Loss: 0.14	Mixup Loss: 0.94	CRL Loss: 0.05	Tot. Loss: 0.15
2025-03-20 21:34:34,254 INFO Epoch 11 	 Batch 1999	LR : 0.00375	Top1 Acc.: 96.00	CLS Loss: 0.13	Mixup Loss: 0.87	CRL Loss: 0.05	Tot. Loss: 0.14
2025-03-20 21:36:42,429 INFO Epoch 11 	 Batch 2099	LR : 0.00375	Top1 Acc.: 94.62	CLS Loss: 0.15	Mixup Loss: 0.89	CRL Loss: 0.06	Tot. Loss: 0.16
2025-03-20 21:38:50,798 INFO Epoch 11 	 Batch 2199	LR : 0.00375	Top1 Acc.: 96.50	CLS Loss: 0.11	Mixup Loss: 0.86	CRL Loss: 0.05	Tot. Loss: 0.12
2025-03-20 21:41:11,558 INFO ################## 
 ---> Validation Epoch 11	Acc.: 97.344	FPR: 31.481	AUROC: 93.930	AUPR: 31.012	AURC: 2.133	EAURC: 1.777	AUPR Succ.: 99.819	ECE: 1.683	NLL: 0.914	Brier: 4.398
2025-03-20 21:41:11,559 INFO Accuracy improved from 96.46 to 97.34!!!
2025-03-20 21:41:11,718 INFO re-weighting...
2025-03-20 21:41:11,719 INFO ####### --- Training Epoch 12 --- #######
2025-03-20 21:43:20,313 INFO Epoch 12 	 Batch 99	LR : 0.00352	Top1 Acc.: 95.56	CLS Loss: 0.13	Mixup Loss: 0.94	CRL Loss: 0.06	Tot. Loss: 0.14
2025-03-20 21:45:28,854 INFO Epoch 12 	 Batch 199	LR : 0.00352	Top1 Acc.: 95.81	CLS Loss: 0.12	Mixup Loss: 0.89	CRL Loss: 0.05	Tot. Loss: 0.13
2025-03-20 21:47:37,599 INFO Epoch 12 	 Batch 299	LR : 0.00352	Top1 Acc.: 95.50	CLS Loss: 0.13	Mixup Loss: 0.92	CRL Loss: 0.05	Tot. Loss: 0.14
2025-03-20 21:49:46,429 INFO Epoch 12 	 Batch 399	LR : 0.00352	Top1 Acc.: 96.88	CLS Loss: 0.11	Mixup Loss: 0.82	CRL Loss: 0.04	Tot. Loss: 0.12
2025-03-20 21:51:55,185 INFO Epoch 12 	 Batch 499	LR : 0.00352	Top1 Acc.: 95.69	CLS Loss: 0.12	Mixup Loss: 0.95	CRL Loss: 0.05	Tot. Loss: 0.13
2025-03-20 21:54:04,133 INFO Epoch 12 	 Batch 599	LR : 0.00352	Top1 Acc.: 95.50	CLS Loss: 0.14	Mixup Loss: 0.94	CRL Loss: 0.06	Tot. Loss: 0.15
2025-03-20 21:56:13,504 INFO Epoch 12 	 Batch 699	LR : 0.00352	Top1 Acc.: 96.06	CLS Loss: 0.13	Mixup Loss: 0.92	CRL Loss: 0.06	Tot. Loss: 0.14
2025-03-20 21:58:22,870 INFO Epoch 12 	 Batch 799	LR : 0.00352	Top1 Acc.: 95.38	CLS Loss: 0.13	Mixup Loss: 0.90	CRL Loss: 0.06	Tot. Loss: 0.15
2025-03-20 22:00:32,338 INFO Epoch 12 	 Batch 899	LR : 0.00352	Top1 Acc.: 95.81	CLS Loss: 0.13	Mixup Loss: 0.92	CRL Loss: 0.05	Tot. Loss: 0.13
2025-03-20 22:02:41,821 INFO Epoch 12 	 Batch 999	LR : 0.00352	Top1 Acc.: 95.56	CLS Loss: 0.12	Mixup Loss: 0.88	CRL Loss: 0.04	Tot. Loss: 0.13
2025-03-20 22:04:51,498 INFO Epoch 12 	 Batch 1099	LR : 0.00352	Top1 Acc.: 96.19	CLS Loss: 0.12	Mixup Loss: 0.96	CRL Loss: 0.06	Tot. Loss: 0.13
2025-03-20 22:07:01,181 INFO Epoch 12 	 Batch 1199	LR : 0.00352	Top1 Acc.: 95.88	CLS Loss: 0.13	Mixup Loss: 0.92	CRL Loss: 0.06	Tot. Loss: 0.14
2025-03-20 22:09:11,098 INFO Epoch 12 	 Batch 1299	LR : 0.00352	Top1 Acc.: 95.88	CLS Loss: 0.11	Mixup Loss: 0.95	CRL Loss: 0.04	Tot. Loss: 0.12
2025-03-20 22:11:21,116 INFO Epoch 12 	 Batch 1399	LR : 0.00352	Top1 Acc.: 95.94	CLS Loss: 0.13	Mixup Loss: 0.96	CRL Loss: 0.06	Tot. Loss: 0.14
2025-03-20 22:13:30,980 INFO Epoch 12 	 Batch 1499	LR : 0.00352	Top1 Acc.: 94.44	CLS Loss: 0.17	Mixup Loss: 0.96	CRL Loss: 0.07	Tot. Loss: 0.18
2025-03-20 22:15:40,878 INFO Epoch 12 	 Batch 1599	LR : 0.00352	Top1 Acc.: 95.50	CLS Loss: 0.14	Mixup Loss: 0.90	CRL Loss: 0.06	Tot. Loss: 0.15
2025-03-20 22:17:50,713 INFO Epoch 12 	 Batch 1699	LR : 0.00352	Top1 Acc.: 95.94	CLS Loss: 0.12	Mixup Loss: 0.90	CRL Loss: 0.05	Tot. Loss: 0.13
2025-03-20 22:20:00,776 INFO Epoch 12 	 Batch 1799	LR : 0.00352	Top1 Acc.: 95.62	CLS Loss: 0.14	Mixup Loss: 0.93	CRL Loss: 0.06	Tot. Loss: 0.15
2025-03-20 22:22:10,937 INFO Epoch 12 	 Batch 1899	LR : 0.00352	Top1 Acc.: 95.19	CLS Loss: 0.15	Mixup Loss: 0.92	CRL Loss: 0.06	Tot. Loss: 0.16
2025-03-20 22:24:21,041 INFO Epoch 12 	 Batch 1999	LR : 0.00352	Top1 Acc.: 95.50	CLS Loss: 0.13	Mixup Loss: 0.91	CRL Loss: 0.05	Tot. Loss: 0.14
2025-03-20 22:26:31,200 INFO Epoch 12 	 Batch 2099	LR : 0.00352	Top1 Acc.: 95.62	CLS Loss: 0.14	Mixup Loss: 0.94	CRL Loss: 0.06	Tot. Loss: 0.16
2025-03-20 22:28:41,663 INFO Epoch 12 	 Batch 2199	LR : 0.00352	Top1 Acc.: 96.62	CLS Loss: 0.11	Mixup Loss: 0.94	CRL Loss: 0.05	Tot. Loss: 0.12
2025-03-20 22:31:04,881 INFO ################## 
 ---> Validation Epoch 12	Acc.: 97.271	FPR: 27.928	AUROC: 94.318	AUPR: 34.413	AURC: 2.096	EAURC: 1.720	AUPR Succ.: 99.824	ECE: 2.379	NLL: 0.937	Brier: 4.390
2025-03-20 22:31:04,883 INFO re-weighting...
2025-03-20 22:31:04,884 INFO ####### --- Training Epoch 13 --- #######
2025-03-20 22:33:15,413 INFO Epoch 13 	 Batch 99	LR : 0.00327	Top1 Acc.: 95.19	CLS Loss: 0.14	Mixup Loss: 0.92	CRL Loss: 0.05	Tot. Loss: 0.15
2025-03-20 22:35:26,021 INFO Epoch 13 	 Batch 199	LR : 0.00327	Top1 Acc.: 95.50	CLS Loss: 0.14	Mixup Loss: 0.90	CRL Loss: 0.06	Tot. Loss: 0.15
2025-03-20 22:37:36,976 INFO Epoch 13 	 Batch 299	LR : 0.00327	Top1 Acc.: 95.88	CLS Loss: 0.12	Mixup Loss: 0.98	CRL Loss: 0.05	Tot. Loss: 0.13
2025-03-20 22:39:47,836 INFO Epoch 13 	 Batch 399	LR : 0.00327	Top1 Acc.: 95.75	CLS Loss: 0.13	Mixup Loss: 0.92	CRL Loss: 0.06	Tot. Loss: 0.14
2025-03-20 22:41:58,836 INFO Epoch 13 	 Batch 499	LR : 0.00327	Top1 Acc.: 96.50	CLS Loss: 0.11	Mixup Loss: 0.95	CRL Loss: 0.04	Tot. Loss: 0.12
2025-03-20 22:44:09,970 INFO Epoch 13 	 Batch 599	LR : 0.00327	Top1 Acc.: 95.94	CLS Loss: 0.12	Mixup Loss: 0.95	CRL Loss: 0.05	Tot. Loss: 0.13
2025-03-20 22:46:21,211 INFO Epoch 13 	 Batch 699	LR : 0.00327	Top1 Acc.: 96.00	CLS Loss: 0.12	Mixup Loss: 1.02	CRL Loss: 0.05	Tot. Loss: 0.13
2025-03-20 22:48:32,313 INFO Epoch 13 	 Batch 799	LR : 0.00327	Top1 Acc.: 96.06	CLS Loss: 0.12	Mixup Loss: 0.99	CRL Loss: 0.05	Tot. Loss: 0.13
2025-03-20 22:50:43,522 INFO Epoch 13 	 Batch 899	LR : 0.00327	Top1 Acc.: 95.44	CLS Loss: 0.14	Mixup Loss: 1.03	CRL Loss: 0.06	Tot. Loss: 0.15
2025-03-20 22:52:54,633 INFO Epoch 13 	 Batch 999	LR : 0.00327	Top1 Acc.: 95.50	CLS Loss: 0.14	Mixup Loss: 0.96	CRL Loss: 0.05	Tot. Loss: 0.15
2025-03-20 22:55:06,037 INFO Epoch 13 	 Batch 1099	LR : 0.00327	Top1 Acc.: 96.69	CLS Loss: 0.12	Mixup Loss: 0.89	CRL Loss: 0.05	Tot. Loss: 0.13
2025-03-20 22:57:17,032 INFO Epoch 13 	 Batch 1199	LR : 0.00327	Top1 Acc.: 95.75	CLS Loss: 0.12	Mixup Loss: 0.88	CRL Loss: 0.05	Tot. Loss: 0.13
2025-03-20 22:59:28,226 INFO Epoch 13 	 Batch 1299	LR : 0.00327	Top1 Acc.: 95.88	CLS Loss: 0.13	Mixup Loss: 0.95	CRL Loss: 0.05	Tot. Loss: 0.14
2025-03-20 23:01:39,397 INFO Epoch 13 	 Batch 1399	LR : 0.00327	Top1 Acc.: 95.19	CLS Loss: 0.14	Mixup Loss: 0.95	CRL Loss: 0.06	Tot. Loss: 0.16
2025-03-20 23:03:50,881 INFO Epoch 13 	 Batch 1499	LR : 0.00327	Top1 Acc.: 95.00	CLS Loss: 0.14	Mixup Loss: 0.92	CRL Loss: 0.06	Tot. Loss: 0.15
2025-03-20 23:06:02,511 INFO Epoch 13 	 Batch 1599	LR : 0.00327	Top1 Acc.: 95.69	CLS Loss: 0.14	Mixup Loss: 0.95	CRL Loss: 0.06	Tot. Loss: 0.15
2025-03-20 23:08:14,292 INFO Epoch 13 	 Batch 1699	LR : 0.00327	Top1 Acc.: 95.81	CLS Loss: 0.14	Mixup Loss: 0.88	CRL Loss: 0.06	Tot. Loss: 0.15
2025-03-20 23:10:26,032 INFO Epoch 13 	 Batch 1799	LR : 0.00327	Top1 Acc.: 96.19	CLS Loss: 0.12	Mixup Loss: 0.90	CRL Loss: 0.05	Tot. Loss: 0.13
2025-03-20 23:12:38,000 INFO Epoch 13 	 Batch 1899	LR : 0.00327	Top1 Acc.: 96.12	CLS Loss: 0.11	Mixup Loss: 0.93	CRL Loss: 0.05	Tot. Loss: 0.12
2025-03-20 23:14:50,495 INFO Epoch 13 	 Batch 1999	LR : 0.00327	Top1 Acc.: 95.69	CLS Loss: 0.13	Mixup Loss: 0.96	CRL Loss: 0.05	Tot. Loss: 0.14
2025-03-20 23:17:02,923 INFO Epoch 13 	 Batch 2099	LR : 0.00327	Top1 Acc.: 97.00	CLS Loss: 0.10	Mixup Loss: 0.89	CRL Loss: 0.04	Tot. Loss: 0.10
2025-03-20 23:19:15,308 INFO Epoch 13 	 Batch 2199	LR : 0.00327	Top1 Acc.: 95.25	CLS Loss: 0.13	Mixup Loss: 0.92	CRL Loss: 0.06	Tot. Loss: 0.14
2025-03-20 23:21:40,776 INFO ################## 
 ---> Validation Epoch 13	Acc.: 96.730	FPR: 28.571	AUROC: 93.635	AUPR: 38.236	AURC: 3.015	EAURC: 2.474	AUPR Succ.: 99.746	ECE: 1.859	NLL: 1.022	Brier: 4.957
2025-03-20 23:21:40,778 INFO re-weighting...
2025-03-20 23:21:40,779 INFO ####### --- Training Epoch 14 --- #######
2025-03-20 23:23:53,730 INFO Epoch 14 	 Batch 99	LR : 0.00302	Top1 Acc.: 95.94	CLS Loss: 0.14	Mixup Loss: 0.95	CRL Loss: 0.06	Tot. Loss: 0.15
2025-03-20 23:26:06,265 INFO Epoch 14 	 Batch 199	LR : 0.00302	Top1 Acc.: 95.25	CLS Loss: 0.12	Mixup Loss: 0.94	CRL Loss: 0.05	Tot. Loss: 0.13
2025-03-20 23:28:18,836 INFO Epoch 14 	 Batch 299	LR : 0.00302	Top1 Acc.: 95.69	CLS Loss: 0.13	Mixup Loss: 0.95	CRL Loss: 0.06	Tot. Loss: 0.14
2025-03-20 23:30:31,336 INFO Epoch 14 	 Batch 399	LR : 0.00302	Top1 Acc.: 96.25	CLS Loss: 0.11	Mixup Loss: 0.95	CRL Loss: 0.04	Tot. Loss: 0.12
2025-03-20 23:32:43,909 INFO Epoch 14 	 Batch 499	LR : 0.00302	Top1 Acc.: 96.06	CLS Loss: 0.12	Mixup Loss: 0.95	CRL Loss: 0.05	Tot. Loss: 0.14
2025-03-20 23:34:56,290 INFO Epoch 14 	 Batch 599	LR : 0.00302	Top1 Acc.: 96.00	CLS Loss: 0.12	Mixup Loss: 0.93	CRL Loss: 0.06	Tot. Loss: 0.13
2025-03-20 23:37:08,424 INFO Epoch 14 	 Batch 699	LR : 0.00302	Top1 Acc.: 96.12	CLS Loss: 0.11	Mixup Loss: 0.90	CRL Loss: 0.05	Tot. Loss: 0.13
2025-03-20 23:39:19,867 INFO Epoch 14 	 Batch 799	LR : 0.00302	Top1 Acc.: 96.44	CLS Loss: 0.11	Mixup Loss: 0.93	CRL Loss: 0.05	Tot. Loss: 0.12
2025-03-20 23:41:30,677 INFO Epoch 14 	 Batch 899	LR : 0.00302	Top1 Acc.: 96.88	CLS Loss: 0.11	Mixup Loss: 0.96	CRL Loss: 0.05	Tot. Loss: 0.12
2025-03-20 23:43:40,647 INFO Epoch 14 	 Batch 999	LR : 0.00302	Top1 Acc.: 95.88	CLS Loss: 0.13	Mixup Loss: 0.97	CRL Loss: 0.06	Tot. Loss: 0.14
2025-03-20 23:45:50,652 INFO Epoch 14 	 Batch 1099	LR : 0.00302	Top1 Acc.: 95.50	CLS Loss: 0.12	Mixup Loss: 0.98	CRL Loss: 0.05	Tot. Loss: 0.13
2025-03-20 23:48:00,287 INFO Epoch 14 	 Batch 1199	LR : 0.00302	Top1 Acc.: 96.69	CLS Loss: 0.11	Mixup Loss: 0.92	CRL Loss: 0.05	Tot. Loss: 0.12
2025-03-20 23:50:09,644 INFO Epoch 14 	 Batch 1299	LR : 0.00302	Top1 Acc.: 96.06	CLS Loss: 0.12	Mixup Loss: 0.98	CRL Loss: 0.05	Tot. Loss: 0.13
2025-03-20 23:52:18,862 INFO Epoch 14 	 Batch 1399	LR : 0.00302	Top1 Acc.: 96.06	CLS Loss: 0.12	Mixup Loss: 0.96	CRL Loss: 0.05	Tot. Loss: 0.13
2025-03-20 23:54:27,537 INFO Epoch 14 	 Batch 1499	LR : 0.00302	Top1 Acc.: 95.88	CLS Loss: 0.12	Mixup Loss: 0.96	CRL Loss: 0.05	Tot. Loss: 0.13
2025-03-20 23:56:36,088 INFO Epoch 14 	 Batch 1599	LR : 0.00302	Top1 Acc.: 96.19	CLS Loss: 0.12	Mixup Loss: 0.95	CRL Loss: 0.06	Tot. Loss: 0.13
2025-03-20 23:58:44,379 INFO Epoch 14 	 Batch 1699	LR : 0.00302	Top1 Acc.: 95.94	CLS Loss: 0.13	Mixup Loss: 0.99	CRL Loss: 0.05	Tot. Loss: 0.14
2025-03-21 00:00:52,183 INFO Epoch 14 	 Batch 1799	LR : 0.00302	Top1 Acc.: 96.25	CLS Loss: 0.12	Mixup Loss: 0.96	CRL Loss: 0.05	Tot. Loss: 0.14
2025-03-21 00:02:59,783 INFO Epoch 14 	 Batch 1899	LR : 0.00302	Top1 Acc.: 95.62	CLS Loss: 0.13	Mixup Loss: 0.91	CRL Loss: 0.05	Tot. Loss: 0.14
2025-03-21 00:05:07,167 INFO Epoch 14 	 Batch 1999	LR : 0.00302	Top1 Acc.: 96.12	CLS Loss: 0.12	Mixup Loss: 0.93	CRL Loss: 0.05	Tot. Loss: 0.13
2025-03-21 00:07:13,975 INFO Epoch 14 	 Batch 2099	LR : 0.00302	Top1 Acc.: 95.50	CLS Loss: 0.14	Mixup Loss: 0.93	CRL Loss: 0.05	Tot. Loss: 0.15
2025-03-21 00:09:20,608 INFO Epoch 14 	 Batch 2199	LR : 0.00302	Top1 Acc.: 96.88	CLS Loss: 0.11	Mixup Loss: 0.89	CRL Loss: 0.05	Tot. Loss: 0.12
2025-03-21 00:11:39,137 INFO ################## 
 ---> Validation Epoch 14	Acc.: 96.730	FPR: 39.098	AUROC: 92.064	AUPR: 36.189	AURC: 3.777	EAURC: 3.236	AUPR Succ.: 99.668	ECE: 2.130	NLL: 1.086	Brier: 5.312
2025-03-21 00:11:39,139 INFO re-weighting...
2025-03-21 00:11:39,140 INFO ####### --- Training Epoch 15 --- #######
2025-03-21 00:13:45,477 INFO Epoch 15 	 Batch 99	LR : 0.00276	Top1 Acc.: 96.50	CLS Loss: 0.11	Mixup Loss: 0.88	CRL Loss: 0.04	Tot. Loss: 0.12
2025-03-21 00:15:51,216 INFO Epoch 15 	 Batch 199	LR : 0.00276	Top1 Acc.: 96.50	CLS Loss: 0.13	Mixup Loss: 0.95	CRL Loss: 0.05	Tot. Loss: 0.14
2025-03-21 00:17:56,657 INFO Epoch 15 	 Batch 299	LR : 0.00276	Top1 Acc.: 96.06	CLS Loss: 0.12	Mixup Loss: 0.93	CRL Loss: 0.05	Tot. Loss: 0.13
2025-03-21 00:20:01,743 INFO Epoch 15 	 Batch 399	LR : 0.00276	Top1 Acc.: 95.62	CLS Loss: 0.12	Mixup Loss: 0.90	CRL Loss: 0.05	Tot. Loss: 0.13
2025-03-21 00:22:06,644 INFO Epoch 15 	 Batch 499	LR : 0.00276	Top1 Acc.: 96.75	CLS Loss: 0.10	Mixup Loss: 0.92	CRL Loss: 0.05	Tot. Loss: 0.11
2025-03-21 00:24:11,306 INFO Epoch 15 	 Batch 599	LR : 0.00276	Top1 Acc.: 95.38	CLS Loss: 0.13	Mixup Loss: 0.91	CRL Loss: 0.06	Tot. Loss: 0.15
2025-03-21 00:26:16,008 INFO Epoch 15 	 Batch 699	LR : 0.00276	Top1 Acc.: 95.81	CLS Loss: 0.11	Mixup Loss: 0.90	CRL Loss: 0.05	Tot. Loss: 0.12
2025-03-21 00:28:20,630 INFO Epoch 15 	 Batch 799	LR : 0.00276	Top1 Acc.: 95.31	CLS Loss: 0.12	Mixup Loss: 0.93	CRL Loss: 0.05	Tot. Loss: 0.13
2025-03-21 00:30:25,207 INFO Epoch 15 	 Batch 899	LR : 0.00276	Top1 Acc.: 95.94	CLS Loss: 0.13	Mixup Loss: 0.95	CRL Loss: 0.06	Tot. Loss: 0.14
2025-03-21 00:32:29,803 INFO Epoch 15 	 Batch 999	LR : 0.00276	Top1 Acc.: 95.00	CLS Loss: 0.13	Mixup Loss: 0.95	CRL Loss: 0.05	Tot. Loss: 0.14
2025-03-21 00:34:34,518 INFO Epoch 15 	 Batch 1099	LR : 0.00276	Top1 Acc.: 96.06	CLS Loss: 0.12	Mixup Loss: 0.89	CRL Loss: 0.04	Tot. Loss: 0.13
2025-03-21 00:36:39,101 INFO Epoch 15 	 Batch 1199	LR : 0.00276	Top1 Acc.: 96.38	CLS Loss: 0.12	Mixup Loss: 0.91	CRL Loss: 0.05	Tot. Loss: 0.13
2025-03-21 00:38:44,120 INFO Epoch 15 	 Batch 1299	LR : 0.00276	Top1 Acc.: 95.69	CLS Loss: 0.13	Mixup Loss: 0.96	CRL Loss: 0.06	Tot. Loss: 0.15
2025-03-21 00:40:49,316 INFO Epoch 15 	 Batch 1399	LR : 0.00276	Top1 Acc.: 94.94	CLS Loss: 0.14	Mixup Loss: 0.97	CRL Loss: 0.06	Tot. Loss: 0.15
2025-03-21 00:42:54,630 INFO Epoch 15 	 Batch 1499	LR : 0.00276	Top1 Acc.: 95.94	CLS Loss: 0.11	Mixup Loss: 0.95	CRL Loss: 0.05	Tot. Loss: 0.12
2025-03-21 00:44:59,793 INFO Epoch 15 	 Batch 1599	LR : 0.00276	Top1 Acc.: 96.31	CLS Loss: 0.12	Mixup Loss: 0.97	CRL Loss: 0.05	Tot. Loss: 0.13
2025-03-21 00:47:05,418 INFO Epoch 15 	 Batch 1699	LR : 0.00276	Top1 Acc.: 96.19	CLS Loss: 0.12	Mixup Loss: 0.99	CRL Loss: 0.05	Tot. Loss: 0.13
2025-03-21 00:49:10,961 INFO Epoch 15 	 Batch 1799	LR : 0.00276	Top1 Acc.: 95.38	CLS Loss: 0.13	Mixup Loss: 0.96	CRL Loss: 0.05	Tot. Loss: 0.14
2025-03-21 00:51:16,739 INFO Epoch 15 	 Batch 1899	LR : 0.00276	Top1 Acc.: 96.25	CLS Loss: 0.12	Mixup Loss: 0.93	CRL Loss: 0.04	Tot. Loss: 0.13
2025-03-21 00:53:22,532 INFO Epoch 15 	 Batch 1999	LR : 0.00276	Top1 Acc.: 96.12	CLS Loss: 0.13	Mixup Loss: 0.95	CRL Loss: 0.04	Tot. Loss: 0.14
2025-03-21 00:55:28,212 INFO Epoch 15 	 Batch 2099	LR : 0.00276	Top1 Acc.: 95.56	CLS Loss: 0.13	Mixup Loss: 1.01	CRL Loss: 0.04	Tot. Loss: 0.13
2025-03-21 00:57:34,014 INFO Epoch 15 	 Batch 2199	LR : 0.00276	Top1 Acc.: 95.44	CLS Loss: 0.14	Mixup Loss: 0.90	CRL Loss: 0.06	Tot. Loss: 0.15
2025-03-21 00:59:52,145 INFO ################## 
 ---> Validation Epoch 15	Acc.: 95.623	FPR: 36.517	AUROC: 92.254	AUPR: 41.630	AURC: 5.010	EAURC: 4.038	AUPR Succ.: 99.581	ECE: 0.739	NLL: 1.340	Brier: 6.741
2025-03-21 00:59:52,147 INFO re-weighting...
2025-03-21 00:59:52,148 INFO ####### --- Training Epoch 16 --- #######
2025-03-21 01:01:58,618 INFO Epoch 16 	 Batch 99	LR : 0.00250	Top1 Acc.: 96.94	CLS Loss: 0.11	Mixup Loss: 0.93	CRL Loss: 0.04	Tot. Loss: 0.12
2025-03-21 01:04:04,785 INFO Epoch 16 	 Batch 199	LR : 0.00250	Top1 Acc.: 96.00	CLS Loss: 0.12	Mixup Loss: 0.95	CRL Loss: 0.05	Tot. Loss: 0.13
2025-03-21 01:06:11,121 INFO Epoch 16 	 Batch 299	LR : 0.00250	Top1 Acc.: 95.44	CLS Loss: 0.13	Mixup Loss: 1.00	CRL Loss: 0.06	Tot. Loss: 0.15
2025-03-21 01:08:17,389 INFO Epoch 16 	 Batch 399	LR : 0.00250	Top1 Acc.: 95.62	CLS Loss: 0.13	Mixup Loss: 0.97	CRL Loss: 0.05	Tot. Loss: 0.14
2025-03-21 01:10:24,024 INFO Epoch 16 	 Batch 499	LR : 0.00250	Top1 Acc.: 95.56	CLS Loss: 0.12	Mixup Loss: 0.95	CRL Loss: 0.05	Tot. Loss: 0.13
2025-03-21 01:12:30,687 INFO Epoch 16 	 Batch 599	LR : 0.00250	Top1 Acc.: 95.81	CLS Loss: 0.12	Mixup Loss: 0.90	CRL Loss: 0.06	Tot. Loss: 0.13
2025-03-21 01:14:37,235 INFO Epoch 16 	 Batch 699	LR : 0.00250	Top1 Acc.: 95.88	CLS Loss: 0.12	Mixup Loss: 0.93	CRL Loss: 0.05	Tot. Loss: 0.13
2025-03-21 01:16:44,663 INFO Epoch 16 	 Batch 799	LR : 0.00250	Top1 Acc.: 96.25	CLS Loss: 0.12	Mixup Loss: 0.94	CRL Loss: 0.05	Tot. Loss: 0.13
2025-03-21 01:18:54,909 INFO Epoch 16 	 Batch 899	LR : 0.00250	Top1 Acc.: 95.94	CLS Loss: 0.12	Mixup Loss: 0.91	CRL Loss: 0.05	Tot. Loss: 0.13
2025-03-21 01:21:06,723 INFO Epoch 16 	 Batch 999	LR : 0.00250	Top1 Acc.: 96.31	CLS Loss: 0.11	Mixup Loss: 0.94	CRL Loss: 0.04	Tot. Loss: 0.12
2025-03-21 01:23:18,933 INFO Epoch 16 	 Batch 1099	LR : 0.00250	Top1 Acc.: 95.62	CLS Loss: 0.13	Mixup Loss: 0.95	CRL Loss: 0.06	Tot. Loss: 0.14
2025-03-21 01:25:31,533 INFO Epoch 16 	 Batch 1199	LR : 0.00250	Top1 Acc.: 95.25	CLS Loss: 0.13	Mixup Loss: 0.93	CRL Loss: 0.06	Tot. Loss: 0.14
2025-03-21 01:27:44,423 INFO Epoch 16 	 Batch 1299	LR : 0.00250	Top1 Acc.: 96.25	CLS Loss: 0.12	Mixup Loss: 0.96	CRL Loss: 0.05	Tot. Loss: 0.13
2025-03-21 01:29:55,529 INFO Epoch 16 	 Batch 1399	LR : 0.00250	Top1 Acc.: 96.00	CLS Loss: 0.12	Mixup Loss: 0.94	CRL Loss: 0.06	Tot. Loss: 0.13
2025-03-21 01:32:04,872 INFO Epoch 16 	 Batch 1499	LR : 0.00250	Top1 Acc.: 96.06	CLS Loss: 0.12	Mixup Loss: 0.92	CRL Loss: 0.05	Tot. Loss: 0.12
2025-03-21 01:34:15,860 INFO Epoch 16 	 Batch 1599	LR : 0.00250	Top1 Acc.: 96.44	CLS Loss: 0.10	Mixup Loss: 0.94	CRL Loss: 0.04	Tot. Loss: 0.11
2025-03-21 01:36:27,044 INFO Epoch 16 	 Batch 1699	LR : 0.00250	Top1 Acc.: 95.25	CLS Loss: 0.14	Mixup Loss: 0.92	CRL Loss: 0.06	Tot. Loss: 0.15
2025-03-21 01:38:39,358 INFO Epoch 16 	 Batch 1799	LR : 0.00250	Top1 Acc.: 96.75	CLS Loss: 0.10	Mixup Loss: 0.90	CRL Loss: 0.04	Tot. Loss: 0.11
2025-03-21 01:40:52,181 INFO Epoch 16 	 Batch 1899	LR : 0.00250	Top1 Acc.: 96.38	CLS Loss: 0.12	Mixup Loss: 0.92	CRL Loss: 0.05	Tot. Loss: 0.13
2025-03-21 01:43:05,027 INFO Epoch 16 	 Batch 1999	LR : 0.00250	Top1 Acc.: 96.12	CLS Loss: 0.11	Mixup Loss: 0.90	CRL Loss: 0.04	Tot. Loss: 0.12
2025-03-21 01:45:18,507 INFO Epoch 16 	 Batch 2099	LR : 0.00250	Top1 Acc.: 95.69	CLS Loss: 0.13	Mixup Loss: 0.96	CRL Loss: 0.05	Tot. Loss: 0.14
2025-03-21 01:47:31,855 INFO Epoch 16 	 Batch 2199	LR : 0.00250	Top1 Acc.: 96.12	CLS Loss: 0.12	Mixup Loss: 0.99	CRL Loss: 0.06	Tot. Loss: 0.14
2025-03-21 01:54:46,922 INFO ################## 
 ---> Validation Epoch 16	Acc.: 97.615	FPR: 30.928	AUROC: 94.541	AUPR: 34.098	AURC: 1.728	EAURC: 1.442	AUPR Succ.: 99.853	ECE: 1.646	NLL: 0.800	Brier: 3.888
2025-03-21 01:54:46,923 INFO Accuracy improved from 97.34 to 97.61!!!
2025-03-21 01:54:47,116 INFO re-weighting...
2025-03-21 01:54:47,118 INFO ####### --- Training Epoch 17 --- #######
2025-03-21 01:57:01,644 INFO Epoch 17 	 Batch 99	LR : 0.00254	Top1 Acc.: 96.31	CLS Loss: 0.11	Mixup Loss: 0.99	CRL Loss: 0.05	Tot. Loss: 0.12
2025-03-21 01:59:14,783 INFO Epoch 17 	 Batch 199	LR : 0.00254	Top1 Acc.: 96.56	CLS Loss: 0.11	Mixup Loss: 0.98	CRL Loss: 0.05	Tot. Loss: 0.12
2025-03-21 02:01:25,170 INFO Epoch 17 	 Batch 299	LR : 0.00254	Top1 Acc.: 97.25	CLS Loss: 0.09	Mixup Loss: 0.94	CRL Loss: 0.04	Tot. Loss: 0.10
2025-03-21 02:03:34,291 INFO Epoch 17 	 Batch 399	LR : 0.00254	Top1 Acc.: 96.19	CLS Loss: 0.12	Mixup Loss: 0.97	CRL Loss: 0.05	Tot. Loss: 0.13
2025-03-21 02:05:42,548 INFO Epoch 17 	 Batch 499	LR : 0.00254	Top1 Acc.: 95.94	CLS Loss: 0.12	Mixup Loss: 1.02	CRL Loss: 0.05	Tot. Loss: 0.13
2025-03-21 02:07:52,121 INFO Epoch 17 	 Batch 599	LR : 0.00254	Top1 Acc.: 95.50	CLS Loss: 0.12	Mixup Loss: 1.00	CRL Loss: 0.05	Tot. Loss: 0.13
2025-03-21 02:10:05,348 INFO Epoch 17 	 Batch 699	LR : 0.00254	Top1 Acc.: 96.50	CLS Loss: 0.12	Mixup Loss: 0.99	CRL Loss: 0.06	Tot. Loss: 0.14
2025-03-21 02:12:20,373 INFO Epoch 17 	 Batch 799	LR : 0.00254	Top1 Acc.: 95.56	CLS Loss: 0.13	Mixup Loss: 1.01	CRL Loss: 0.05	Tot. Loss: 0.14
2025-03-21 02:14:36,124 INFO Epoch 17 	 Batch 899	LR : 0.00254	Top1 Acc.: 96.12	CLS Loss: 0.12	Mixup Loss: 0.97	CRL Loss: 0.04	Tot. Loss: 0.13
2025-03-21 02:16:52,149 INFO Epoch 17 	 Batch 999	LR : 0.00254	Top1 Acc.: 95.62	CLS Loss: 0.13	Mixup Loss: 1.05	CRL Loss: 0.04	Tot. Loss: 0.14
2025-03-21 02:19:08,796 INFO Epoch 17 	 Batch 1099	LR : 0.00254	Top1 Acc.: 95.38	CLS Loss: 0.13	Mixup Loss: 0.95	CRL Loss: 0.05	Tot. Loss: 0.14
2025-03-21 02:21:25,110 INFO Epoch 17 	 Batch 1199	LR : 0.00254	Top1 Acc.: 96.44	CLS Loss: 0.11	Mixup Loss: 0.95	CRL Loss: 0.04	Tot. Loss: 0.12
2025-03-21 02:23:41,705 INFO Epoch 17 	 Batch 1299	LR : 0.00254	Top1 Acc.: 95.81	CLS Loss: 0.12	Mixup Loss: 0.98	CRL Loss: 0.05	Tot. Loss: 0.13
2025-03-21 02:25:58,540 INFO Epoch 17 	 Batch 1399	LR : 0.00254	Top1 Acc.: 96.12	CLS Loss: 0.12	Mixup Loss: 0.98	CRL Loss: 0.05	Tot. Loss: 0.13
2025-03-21 02:28:15,810 INFO Epoch 17 	 Batch 1499	LR : 0.00254	Top1 Acc.: 94.88	CLS Loss: 0.13	Mixup Loss: 0.93	CRL Loss: 0.05	Tot. Loss: 0.14
2025-03-21 02:30:32,798 INFO Epoch 17 	 Batch 1599	LR : 0.00254	Top1 Acc.: 96.19	CLS Loss: 0.11	Mixup Loss: 0.93	CRL Loss: 0.05	Tot. Loss: 0.12
2025-03-21 02:32:49,913 INFO Epoch 17 	 Batch 1699	LR : 0.00254	Top1 Acc.: 95.81	CLS Loss: 0.12	Mixup Loss: 0.97	CRL Loss: 0.05	Tot. Loss: 0.13
2025-03-21 02:35:07,686 INFO Epoch 17 	 Batch 1799	LR : 0.00254	Top1 Acc.: 96.44	CLS Loss: 0.11	Mixup Loss: 0.94	CRL Loss: 0.05	Tot. Loss: 0.12
2025-03-21 02:37:26,255 INFO Epoch 17 	 Batch 1899	LR : 0.00254	Top1 Acc.: 95.75	CLS Loss: 0.12	Mixup Loss: 0.99	CRL Loss: 0.05	Tot. Loss: 0.14
2025-03-21 02:39:44,336 INFO Epoch 17 	 Batch 1999	LR : 0.00254	Top1 Acc.: 95.69	CLS Loss: 0.13	Mixup Loss: 1.01	CRL Loss: 0.05	Tot. Loss: 0.14
2025-03-21 02:42:02,601 INFO Epoch 17 	 Batch 2099	LR : 0.00254	Top1 Acc.: 95.75	CLS Loss: 0.12	Mixup Loss: 0.99	CRL Loss: 0.06	Tot. Loss: 0.14
2025-03-21 02:44:21,439 INFO Epoch 17 	 Batch 2199	LR : 0.00254	Top1 Acc.: 95.38	CLS Loss: 0.13	Mixup Loss: 0.97	CRL Loss: 0.05	Tot. Loss: 0.14
2025-03-21 02:51:48,889 INFO ################## 
 ---> Validation Epoch 17	Acc.: 97.443	FPR: 25.962	AUROC: 94.962	AUPR: 37.831	AURC: 1.781	EAURC: 1.452	AUPR Succ.: 99.852	ECE: 1.998	NLL: 0.834	Brier: 4.046
2025-03-21 02:51:48,891 INFO re-weighting...
2025-03-21 02:51:48,891 INFO ####### --- Training Epoch 18 --- #######
2025-03-21 02:54:08,063 INFO Epoch 18 	 Batch 99	LR : 0.00264	Top1 Acc.: 96.69	CLS Loss: 0.10	Mixup Loss: 0.96	CRL Loss: 0.04	Tot. Loss: 0.11
2025-03-21 02:56:27,074 INFO Epoch 18 	 Batch 199	LR : 0.00264	Top1 Acc.: 95.50	CLS Loss: 0.13	Mixup Loss: 0.98	CRL Loss: 0.06	Tot. Loss: 0.14
2025-03-21 02:58:43,257 INFO Epoch 18 	 Batch 299	LR : 0.00264	Top1 Acc.: 95.69	CLS Loss: 0.13	Mixup Loss: 0.99	CRL Loss: 0.06	Tot. Loss: 0.14
2025-03-21 03:00:57,991 INFO Epoch 18 	 Batch 399	LR : 0.00264	Top1 Acc.: 96.31	CLS Loss: 0.12	Mixup Loss: 1.04	CRL Loss: 0.04	Tot. Loss: 0.13
2025-03-21 03:03:14,998 INFO Epoch 18 	 Batch 499	LR : 0.00264	Top1 Acc.: 96.31	CLS Loss: 0.11	Mixup Loss: 1.00	CRL Loss: 0.04	Tot. Loss: 0.12
2025-03-21 03:05:33,403 INFO Epoch 18 	 Batch 599	LR : 0.00264	Top1 Acc.: 96.38	CLS Loss: 0.12	Mixup Loss: 0.99	CRL Loss: 0.05	Tot. Loss: 0.13
2025-03-21 03:07:52,322 INFO Epoch 18 	 Batch 699	LR : 0.00264	Top1 Acc.: 95.81	CLS Loss: 0.14	Mixup Loss: 0.96	CRL Loss: 0.06	Tot. Loss: 0.15
2025-03-21 03:10:11,551 INFO Epoch 18 	 Batch 799	LR : 0.00264	Top1 Acc.: 96.31	CLS Loss: 0.11	Mixup Loss: 0.98	CRL Loss: 0.04	Tot. Loss: 0.12
2025-03-21 03:12:30,804 INFO Epoch 18 	 Batch 899	LR : 0.00264	Top1 Acc.: 95.38	CLS Loss: 0.13	Mixup Loss: 0.93	CRL Loss: 0.06	Tot. Loss: 0.14
2025-03-21 03:14:50,357 INFO Epoch 18 	 Batch 999	LR : 0.00264	Top1 Acc.: 95.88	CLS Loss: 0.13	Mixup Loss: 0.93	CRL Loss: 0.06	Tot. Loss: 0.14
2025-03-21 03:17:10,216 INFO Epoch 18 	 Batch 1099	LR : 0.00264	Top1 Acc.: 95.44	CLS Loss: 0.13	Mixup Loss: 0.99	CRL Loss: 0.05	Tot. Loss: 0.13
2025-03-21 03:19:29,999 INFO Epoch 18 	 Batch 1199	LR : 0.00264	Top1 Acc.: 95.75	CLS Loss: 0.13	Mixup Loss: 0.97	CRL Loss: 0.05	Tot. Loss: 0.14
2025-03-21 03:21:50,082 INFO Epoch 18 	 Batch 1299	LR : 0.00264	Top1 Acc.: 96.88	CLS Loss: 0.12	Mixup Loss: 0.99	CRL Loss: 0.06	Tot. Loss: 0.13
2025-03-21 03:24:10,126 INFO Epoch 18 	 Batch 1399	LR : 0.00264	Top1 Acc.: 95.88	CLS Loss: 0.12	Mixup Loss: 0.93	CRL Loss: 0.05	Tot. Loss: 0.13
2025-03-21 03:26:30,242 INFO Epoch 18 	 Batch 1499	LR : 0.00264	Top1 Acc.: 96.38	CLS Loss: 0.11	Mixup Loss: 0.97	CRL Loss: 0.04	Tot. Loss: 0.12
2025-03-21 03:28:50,372 INFO Epoch 18 	 Batch 1599	LR : 0.00264	Top1 Acc.: 96.75	CLS Loss: 0.11	Mixup Loss: 0.98	CRL Loss: 0.06	Tot. Loss: 0.13
2025-03-21 03:31:11,006 INFO Epoch 18 	 Batch 1699	LR : 0.00264	Top1 Acc.: 95.12	CLS Loss: 0.13	Mixup Loss: 1.00	CRL Loss: 0.06	Tot. Loss: 0.14
2025-03-21 03:33:31,911 INFO Epoch 18 	 Batch 1799	LR : 0.00264	Top1 Acc.: 96.50	CLS Loss: 0.11	Mixup Loss: 0.93	CRL Loss: 0.05	Tot. Loss: 0.12
2025-03-21 03:35:51,531 INFO Epoch 18 	 Batch 1899	LR : 0.00264	Top1 Acc.: 96.12	CLS Loss: 0.12	Mixup Loss: 0.97	CRL Loss: 0.05	Tot. Loss: 0.13
2025-03-21 03:38:10,380 INFO Epoch 18 	 Batch 1999	LR : 0.00264	Top1 Acc.: 96.06	CLS Loss: 0.13	Mixup Loss: 0.99	CRL Loss: 0.06	Tot. Loss: 0.14
2025-03-21 03:40:28,359 INFO Epoch 18 	 Batch 2099	LR : 0.00264	Top1 Acc.: 95.62	CLS Loss: 0.13	Mixup Loss: 0.96	CRL Loss: 0.06	Tot. Loss: 0.14
2025-03-21 03:42:45,930 INFO Epoch 18 	 Batch 2199	LR : 0.00264	Top1 Acc.: 96.62	CLS Loss: 0.12	Mixup Loss: 0.99	CRL Loss: 0.04	Tot. Loss: 0.12
2025-03-21 03:50:05,215 INFO ################## 
 ---> Validation Epoch 18	Acc.: 97.566	FPR: 28.283	AUROC: 94.911	AUPR: 37.829	AURC: 1.700	EAURC: 1.401	AUPR Succ.: 99.857	ECE: 1.837	NLL: 0.798	Brier: 3.849
2025-03-21 03:50:05,217 INFO re-weighting...
2025-03-21 03:50:05,218 INFO ####### --- Training Epoch 19 --- #######
2025-03-21 03:52:22,087 INFO Epoch 19 	 Batch 99	LR : 0.00281	Top1 Acc.: 95.62	CLS Loss: 0.14	Mixup Loss: 0.94	CRL Loss: 0.06	Tot. Loss: 0.15
2025-03-21 03:54:37,983 INFO Epoch 19 	 Batch 199	LR : 0.00281	Top1 Acc.: 96.50	CLS Loss: 0.11	Mixup Loss: 1.01	CRL Loss: 0.05	Tot. Loss: 0.12
2025-03-21 03:56:53,521 INFO Epoch 19 	 Batch 299	LR : 0.00281	Top1 Acc.: 96.25	CLS Loss: 0.11	Mixup Loss: 0.98	CRL Loss: 0.05	Tot. Loss: 0.12
2025-03-21 03:59:08,696 INFO Epoch 19 	 Batch 399	LR : 0.00281	Top1 Acc.: 95.50	CLS Loss: 0.13	Mixup Loss: 1.00	CRL Loss: 0.05	Tot. Loss: 0.14
2025-03-21 04:01:22,962 INFO Epoch 19 	 Batch 499	LR : 0.00281	Top1 Acc.: 96.06	CLS Loss: 0.11	Mixup Loss: 0.98	CRL Loss: 0.05	Tot. Loss: 0.12
2025-03-21 04:03:37,011 INFO Epoch 19 	 Batch 599	LR : 0.00281	Top1 Acc.: 96.12	CLS Loss: 0.12	Mixup Loss: 0.98	CRL Loss: 0.05	Tot. Loss: 0.13
2025-03-21 04:05:50,799 INFO Epoch 19 	 Batch 699	LR : 0.00281	Top1 Acc.: 96.31	CLS Loss: 0.11	Mixup Loss: 0.98	CRL Loss: 0.05	Tot. Loss: 0.12
2025-03-21 04:08:04,280 INFO Epoch 19 	 Batch 799	LR : 0.00281	Top1 Acc.: 96.56	CLS Loss: 0.11	Mixup Loss: 0.95	CRL Loss: 0.04	Tot. Loss: 0.12
2025-03-21 04:10:17,473 INFO Epoch 19 	 Batch 899	LR : 0.00281	Top1 Acc.: 96.25	CLS Loss: 0.11	Mixup Loss: 1.00	CRL Loss: 0.04	Tot. Loss: 0.11
2025-03-21 04:12:30,158 INFO Epoch 19 	 Batch 999	LR : 0.00281	Top1 Acc.: 96.19	CLS Loss: 0.12	Mixup Loss: 0.98	CRL Loss: 0.05	Tot. Loss: 0.12
2025-03-21 04:14:42,783 INFO Epoch 19 	 Batch 1099	LR : 0.00281	Top1 Acc.: 95.94	CLS Loss: 0.13	Mixup Loss: 1.01	CRL Loss: 0.05	Tot. Loss: 0.14
2025-03-21 04:16:54,816 INFO Epoch 19 	 Batch 1199	LR : 0.00281	Top1 Acc.: 96.75	CLS Loss: 0.10	Mixup Loss: 0.98	CRL Loss: 0.05	Tot. Loss: 0.11
2025-03-21 04:19:06,413 INFO Epoch 19 	 Batch 1299	LR : 0.00281	Top1 Acc.: 96.06	CLS Loss: 0.13	Mixup Loss: 1.00	CRL Loss: 0.06	Tot. Loss: 0.14
2025-03-21 04:21:17,889 INFO Epoch 19 	 Batch 1399	LR : 0.00281	Top1 Acc.: 96.12	CLS Loss: 0.13	Mixup Loss: 1.06	CRL Loss: 0.06	Tot. Loss: 0.14
2025-03-21 04:23:29,256 INFO Epoch 19 	 Batch 1499	LR : 0.00281	Top1 Acc.: 95.62	CLS Loss: 0.12	Mixup Loss: 1.04	CRL Loss: 0.05	Tot. Loss: 0.13
2025-03-21 04:25:40,376 INFO Epoch 19 	 Batch 1599	LR : 0.00281	Top1 Acc.: 95.75	CLS Loss: 0.12	Mixup Loss: 0.94	CRL Loss: 0.04	Tot. Loss: 0.12
2025-03-21 04:27:51,240 INFO Epoch 19 	 Batch 1699	LR : 0.00281	Top1 Acc.: 95.25	CLS Loss: 0.13	Mixup Loss: 1.06	CRL Loss: 0.06	Tot. Loss: 0.14
2025-03-21 04:30:02,448 INFO Epoch 19 	 Batch 1799	LR : 0.00281	Top1 Acc.: 96.62	CLS Loss: 0.12	Mixup Loss: 1.02	CRL Loss: 0.05	Tot. Loss: 0.13
2025-03-21 04:32:13,806 INFO Epoch 19 	 Batch 1899	LR : 0.00281	Top1 Acc.: 96.44	CLS Loss: 0.11	Mixup Loss: 1.05	CRL Loss: 0.04	Tot. Loss: 0.12
2025-03-21 04:34:25,400 INFO Epoch 19 	 Batch 1999	LR : 0.00281	Top1 Acc.: 96.12	CLS Loss: 0.12	Mixup Loss: 0.99	CRL Loss: 0.05	Tot. Loss: 0.13
2025-03-21 04:36:37,078 INFO Epoch 19 	 Batch 2099	LR : 0.00281	Top1 Acc.: 95.38	CLS Loss: 0.13	Mixup Loss: 0.96	CRL Loss: 0.05	Tot. Loss: 0.14
2025-03-21 04:38:48,787 INFO Epoch 19 	 Batch 2199	LR : 0.00281	Top1 Acc.: 95.62	CLS Loss: 0.13	Mixup Loss: 1.03	CRL Loss: 0.05	Tot. Loss: 0.14
2025-03-21 04:45:56,680 INFO ################## 
 ---> Validation Epoch 19	Acc.: 97.492	FPR: 29.412	AUROC: 94.823	AUPR: 40.338	AURC: 1.785	EAURC: 1.467	AUPR Succ.: 99.850	ECE: 1.761	NLL: 0.815	Brier: 3.964
2025-03-21 04:45:56,681 INFO re-weighting...
2025-03-21 04:45:56,682 INFO ####### --- Training Epoch 20 --- #######
2025-03-21 04:48:09,565 INFO Epoch 20 	 Batch 99	LR : 0.00302	Top1 Acc.: 96.31	CLS Loss: 0.11	Mixup Loss: 0.99	CRL Loss: 0.05	Tot. Loss: 0.12
2025-03-21 04:50:22,345 INFO Epoch 20 	 Batch 199	LR : 0.00302	Top1 Acc.: 95.94	CLS Loss: 0.13	Mixup Loss: 1.01	CRL Loss: 0.05	Tot. Loss: 0.14
2025-03-21 04:52:35,062 INFO Epoch 20 	 Batch 299	LR : 0.00302	Top1 Acc.: 96.06	CLS Loss: 0.12	Mixup Loss: 1.01	CRL Loss: 0.05	Tot. Loss: 0.13
2025-03-21 04:54:47,965 INFO Epoch 20 	 Batch 399	LR : 0.00302	Top1 Acc.: 95.69	CLS Loss: 0.13	Mixup Loss: 0.96	CRL Loss: 0.06	Tot. Loss: 0.14
2025-03-21 04:57:00,974 INFO Epoch 20 	 Batch 499	LR : 0.00302	Top1 Acc.: 95.94	CLS Loss: 0.12	Mixup Loss: 0.94	CRL Loss: 0.05	Tot. Loss: 0.13
2025-03-21 04:59:14,151 INFO Epoch 20 	 Batch 599	LR : 0.00302	Top1 Acc.: 95.88	CLS Loss: 0.12	Mixup Loss: 0.97	CRL Loss: 0.04	Tot. Loss: 0.13
2025-03-21 05:01:27,375 INFO Epoch 20 	 Batch 699	LR : 0.00302	Top1 Acc.: 96.75	CLS Loss: 0.10	Mixup Loss: 0.99	CRL Loss: 0.05	Tot. Loss: 0.11
2025-03-21 05:03:40,621 INFO Epoch 20 	 Batch 799	LR : 0.00302	Top1 Acc.: 95.88	CLS Loss: 0.13	Mixup Loss: 0.95	CRL Loss: 0.05	Tot. Loss: 0.14
2025-03-21 05:05:54,242 INFO Epoch 20 	 Batch 899	LR : 0.00302	Top1 Acc.: 96.06	CLS Loss: 0.12	Mixup Loss: 1.01	CRL Loss: 0.05	Tot. Loss: 0.13
2025-03-21 05:08:07,653 INFO Epoch 20 	 Batch 999	LR : 0.00302	Top1 Acc.: 96.56	CLS Loss: 0.11	Mixup Loss: 0.95	CRL Loss: 0.04	Tot. Loss: 0.12
2025-03-21 05:10:21,375 INFO Epoch 20 	 Batch 1099	LR : 0.00302	Top1 Acc.: 96.44	CLS Loss: 0.12	Mixup Loss: 0.98	CRL Loss: 0.05	Tot. Loss: 0.13
2025-03-21 05:12:35,189 INFO Epoch 20 	 Batch 1199	LR : 0.00302	Top1 Acc.: 95.88	CLS Loss: 0.12	Mixup Loss: 1.00	CRL Loss: 0.06	Tot. Loss: 0.13
2025-03-21 05:14:49,426 INFO Epoch 20 	 Batch 1299	LR : 0.00302	Top1 Acc.: 96.06	CLS Loss: 0.12	Mixup Loss: 1.01	CRL Loss: 0.05	Tot. Loss: 0.13
2025-03-21 05:17:03,868 INFO Epoch 20 	 Batch 1399	LR : 0.00302	Top1 Acc.: 96.19	CLS Loss: 0.13	Mixup Loss: 0.98	CRL Loss: 0.05	Tot. Loss: 0.14
2025-03-21 05:19:18,068 INFO Epoch 20 	 Batch 1499	LR : 0.00302	Top1 Acc.: 96.12	CLS Loss: 0.12	Mixup Loss: 1.01	CRL Loss: 0.05	Tot. Loss: 0.13
2025-03-21 05:21:32,271 INFO Epoch 20 	 Batch 1599	LR : 0.00302	Top1 Acc.: 96.75	CLS Loss: 0.11	Mixup Loss: 1.08	CRL Loss: 0.05	Tot. Loss: 0.12
2025-03-21 05:23:47,027 INFO Epoch 20 	 Batch 1699	LR : 0.00302	Top1 Acc.: 97.00	CLS Loss: 0.10	Mixup Loss: 1.02	CRL Loss: 0.04	Tot. Loss: 0.11
2025-03-21 05:26:01,546 INFO Epoch 20 	 Batch 1799	LR : 0.00302	Top1 Acc.: 95.38	CLS Loss: 0.12	Mixup Loss: 0.98	CRL Loss: 0.06	Tot. Loss: 0.14
2025-03-21 05:28:16,523 INFO Epoch 20 	 Batch 1899	LR : 0.00302	Top1 Acc.: 95.88	CLS Loss: 0.12	Mixup Loss: 0.99	CRL Loss: 0.04	Tot. Loss: 0.13
2025-03-21 05:30:31,270 INFO Epoch 20 	 Batch 1999	LR : 0.00302	Top1 Acc.: 96.69	CLS Loss: 0.11	Mixup Loss: 1.02	CRL Loss: 0.05	Tot. Loss: 0.12
2025-03-21 05:32:46,459 INFO Epoch 20 	 Batch 2099	LR : 0.00302	Top1 Acc.: 95.56	CLS Loss: 0.12	Mixup Loss: 0.95	CRL Loss: 0.05	Tot. Loss: 0.13
2025-03-21 05:35:01,790 INFO Epoch 20 	 Batch 2199	LR : 0.00302	Top1 Acc.: 95.12	CLS Loss: 0.15	Mixup Loss: 0.99	CRL Loss: 0.05	Tot. Loss: 0.16
2025-03-21 05:42:20,902 INFO ################## 
 ---> Validation Epoch 20	Acc.: 97.541	FPR: 30.000	AUROC: 95.000	AUPR: 41.205	AURC: 1.696	EAURC: 1.391	AUPR Succ.: 99.858	ECE: 1.802	NLL: 0.800	Brier: 3.863
2025-03-21 05:42:20,904 INFO re-weighting...
2025-03-21 05:42:20,905 INFO ####### --- Training Epoch 21 --- #######
2025-03-21 05:44:36,982 INFO Epoch 21 	 Batch 99	LR : 0.00325	Top1 Acc.: 96.06	CLS Loss: 0.12	Mixup Loss: 0.96	CRL Loss: 0.05	Tot. Loss: 0.13
2025-03-21 05:46:53,162 INFO Epoch 21 	 Batch 199	LR : 0.00325	Top1 Acc.: 95.88	CLS Loss: 0.12	Mixup Loss: 1.00	CRL Loss: 0.05	Tot. Loss: 0.13
2025-03-21 05:49:09,500 INFO Epoch 21 	 Batch 299	LR : 0.00325	Top1 Acc.: 96.00	CLS Loss: 0.12	Mixup Loss: 0.98	CRL Loss: 0.05	Tot. Loss: 0.13
2025-03-21 05:51:26,166 INFO Epoch 21 	 Batch 399	LR : 0.00325	Top1 Acc.: 95.00	CLS Loss: 0.14	Mixup Loss: 0.97	CRL Loss: 0.05	Tot. Loss: 0.15
2025-03-21 05:53:42,621 INFO Epoch 21 	 Batch 499	LR : 0.00325	Top1 Acc.: 95.38	CLS Loss: 0.14	Mixup Loss: 1.00	CRL Loss: 0.05	Tot. Loss: 0.15
2025-03-21 05:55:59,068 INFO Epoch 21 	 Batch 599	LR : 0.00325	Top1 Acc.: 96.00	CLS Loss: 0.12	Mixup Loss: 0.95	CRL Loss: 0.05	Tot. Loss: 0.13
2025-03-21 05:58:13,967 INFO Epoch 21 	 Batch 699	LR : 0.00325	Top1 Acc.: 96.19	CLS Loss: 0.11	Mixup Loss: 0.97	CRL Loss: 0.05	Tot. Loss: 0.12
2025-03-21 06:00:25,719 INFO Epoch 21 	 Batch 799	LR : 0.00325	Top1 Acc.: 96.00	CLS Loss: 0.11	Mixup Loss: 1.02	CRL Loss: 0.05	Tot. Loss: 0.12
2025-03-21 06:02:35,953 INFO Epoch 21 	 Batch 899	LR : 0.00325	Top1 Acc.: 95.94	CLS Loss: 0.13	Mixup Loss: 1.02	CRL Loss: 0.05	Tot. Loss: 0.14
2025-03-21 06:04:45,911 INFO Epoch 21 	 Batch 999	LR : 0.00325	Top1 Acc.: 96.06	CLS Loss: 0.12	Mixup Loss: 0.97	CRL Loss: 0.05	Tot. Loss: 0.13
2025-03-21 06:06:55,709 INFO Epoch 21 	 Batch 1099	LR : 0.00325	Top1 Acc.: 95.81	CLS Loss: 0.12	Mixup Loss: 0.92	CRL Loss: 0.04	Tot. Loss: 0.13
2025-03-21 06:09:05,581 INFO Epoch 21 	 Batch 1199	LR : 0.00325	Top1 Acc.: 96.31	CLS Loss: 0.11	Mixup Loss: 0.98	CRL Loss: 0.04	Tot. Loss: 0.12
2025-03-21 06:11:15,662 INFO Epoch 21 	 Batch 1299	LR : 0.00325	Top1 Acc.: 96.06	CLS Loss: 0.12	Mixup Loss: 1.00	CRL Loss: 0.05	Tot. Loss: 0.13
2025-03-21 06:13:25,565 INFO Epoch 21 	 Batch 1399	LR : 0.00325	Top1 Acc.: 97.00	CLS Loss: 0.10	Mixup Loss: 0.95	CRL Loss: 0.04	Tot. Loss: 0.11
2025-03-21 06:15:35,690 INFO Epoch 21 	 Batch 1499	LR : 0.00325	Top1 Acc.: 96.00	CLS Loss: 0.12	Mixup Loss: 0.98	CRL Loss: 0.05	Tot. Loss: 0.13
2025-03-21 06:17:45,715 INFO Epoch 21 	 Batch 1599	LR : 0.00325	Top1 Acc.: 94.75	CLS Loss: 0.15	Mixup Loss: 1.05	CRL Loss: 0.06	Tot. Loss: 0.16
2025-03-21 06:19:57,678 INFO Epoch 21 	 Batch 1699	LR : 0.00325	Top1 Acc.: 96.75	CLS Loss: 0.11	Mixup Loss: 0.91	CRL Loss: 0.05	Tot. Loss: 0.12
2025-03-21 06:22:13,278 INFO Epoch 21 	 Batch 1799	LR : 0.00325	Top1 Acc.: 96.31	CLS Loss: 0.12	Mixup Loss: 0.96	CRL Loss: 0.05	Tot. Loss: 0.13
2025-03-21 06:24:30,698 INFO Epoch 21 	 Batch 1899	LR : 0.00325	Top1 Acc.: 95.38	CLS Loss: 0.13	Mixup Loss: 1.02	CRL Loss: 0.05	Tot. Loss: 0.15
2025-03-21 06:26:48,844 INFO Epoch 21 	 Batch 1999	LR : 0.00325	Top1 Acc.: 95.75	CLS Loss: 0.12	Mixup Loss: 0.92	CRL Loss: 0.05	Tot. Loss: 0.13
2025-03-21 06:29:07,276 INFO Epoch 21 	 Batch 2099	LR : 0.00325	Top1 Acc.: 95.94	CLS Loss: 0.13	Mixup Loss: 1.04	CRL Loss: 0.05	Tot. Loss: 0.14
2025-03-21 06:31:25,941 INFO Epoch 21 	 Batch 2199	LR : 0.00325	Top1 Acc.: 97.19	CLS Loss: 0.10	Mixup Loss: 1.02	CRL Loss: 0.04	Tot. Loss: 0.11
2025-03-21 06:38:57,143 INFO ################## 
 ---> Validation Epoch 21	Acc.: 97.541	FPR: 30.000	AUROC: 95.048	AUPR: 37.355	AURC: 1.664	EAURC: 1.359	AUPR Succ.: 99.862	ECE: 1.660	NLL: 0.799	Brier: 3.884
