2025-04-02 04:22:09,187 INFO {
    "alpha": 0.5,
    "batch_size": 16,
    "cos_temp": 8,
    "crl_weight": 0.2,
    "data_name": "WSI",
    "deit_path": "/home/liyuting/lyt/deit_base_patch16_224-b5f2ef4d.pth",
    "epochs": 30,
    "fine_tune_epochs": 20,
    "fine_tune_lr": 0.01,
    "gpu": "0,1",
    "imb_factor": 1.0,
    "lr": 0.01,
    "mixup_beta": 10.0,
    "mixup_weight": 1.0,
    "model_name": "efficientnet_b2",
    "momentum": 0.9,
    "nb_cls": 3,
    "nb_run": 1,
    "nb_worker": 4,
    "optim_name": "fmfp",
    "p": 2,
    "resume": false,
    "resume_path": null,
    "reweighting_type": null,
    "save_dir": "./WSI-output",
    "subcommand": "WSI",
    "swa_epoch_start": 22,
    "swa_lr": 0.005,
    "t": 1.0,
    "test_dir": "/home/zyf/Projects/WSI/Datasets/WSI/test",
    "train_dir": "/home/zyf/Projects/WSI/Datasets/WSI/train",
    "train_size": 224,
    "use_cosine": true,
    "val_dir": "/home/zyf/Projects/WSI/Datasets/WSI/val",
    "weight_decay": 0.0005
}
2025-04-02 04:22:09,380 INFO ####################################################################################################
1 / 1 Running
2025-04-02 04:22:11,653 INFO Using efficientnet_b2 ...
2025-04-02 04:22:14,639 INFO ####### --- Training Epoch 1 --- #######
2025-04-02 04:22:53,104 INFO {
    "alpha": 0.5,
    "batch_size": 32,
    "cos_temp": 8,
    "crl_weight": 0.2,
    "data_name": "WSI",
    "deit_path": "/home/liyuting/lyt/deit_base_patch16_224-b5f2ef4d.pth",
    "epochs": 30,
    "fine_tune_epochs": 20,
    "fine_tune_lr": 0.01,
    "gpu": "0,1",
    "imb_factor": 1.0,
    "lr": 0.01,
    "mixup_beta": 10.0,
    "mixup_weight": 1.0,
    "model_name": "efficientnet_b2",
    "momentum": 0.9,
    "nb_cls": 3,
    "nb_run": 1,
    "nb_worker": 4,
    "optim_name": "fmfp",
    "p": 2,
    "resume": false,
    "resume_path": null,
    "reweighting_type": null,
    "save_dir": "./WSI-output",
    "subcommand": "WSI",
    "swa_epoch_start": 22,
    "swa_lr": 0.005,
    "t": 1.0,
    "test_dir": "/home/zyf/Projects/WSI/Datasets/WSI/test",
    "train_dir": "/home/zyf/Projects/WSI/Datasets/WSI/train",
    "train_size": 224,
    "use_cosine": true,
    "val_dir": "/home/zyf/Projects/WSI/Datasets/WSI/val",
    "weight_decay": 0.0005
}
2025-04-02 04:22:53,264 INFO ####################################################################################################
1 / 1 Running
2025-04-02 04:22:53,468 INFO Using efficientnet_b2 ...
2025-04-02 04:22:56,361 INFO ####### --- Training Epoch 1 --- #######
2025-04-02 04:24:28,519 INFO Epoch 1 	 Batch 99	LR : 0.01000	Top1 Acc.: 66.44	CLS Loss: 0.76	Mixup Loss: 1.00	CRL Loss: 0.00	Tot. Loss: 1.76
2025-04-02 04:25:51,615 INFO Epoch 1 	 Batch 199	LR : 0.01000	Top1 Acc.: 78.25	CLS Loss: 0.56	Mixup Loss: 0.93	CRL Loss: 0.00	Tot. Loss: 1.49
2025-04-02 04:27:14,884 INFO Epoch 1 	 Batch 299	LR : 0.01000	Top1 Acc.: 80.66	CLS Loss: 0.53	Mixup Loss: 0.91	CRL Loss: 0.00	Tot. Loss: 1.44
2025-04-02 04:28:38,809 INFO Epoch 1 	 Batch 399	LR : 0.01000	Top1 Acc.: 82.53	CLS Loss: 0.49	Mixup Loss: 0.91	CRL Loss: 0.00	Tot. Loss: 1.39
2025-04-02 04:30:03,023 INFO Epoch 1 	 Batch 499	LR : 0.01000	Top1 Acc.: 83.19	CLS Loss: 0.47	Mixup Loss: 0.89	CRL Loss: 0.00	Tot. Loss: 1.36
2025-04-02 04:31:27,178 INFO Epoch 1 	 Batch 599	LR : 0.01000	Top1 Acc.: 82.53	CLS Loss: 0.48	Mixup Loss: 0.89	CRL Loss: 0.00	Tot. Loss: 1.37
2025-04-02 04:32:51,765 INFO Epoch 1 	 Batch 699	LR : 0.01000	Top1 Acc.: 84.03	CLS Loss: 0.44	Mixup Loss: 0.87	CRL Loss: 0.00	Tot. Loss: 1.31
2025-04-02 04:34:15,826 INFO Epoch 1 	 Batch 799	LR : 0.01000	Top1 Acc.: 84.31	CLS Loss: 0.44	Mixup Loss: 0.87	CRL Loss: 0.00	Tot. Loss: 1.31
2025-04-02 04:35:39,956 INFO Epoch 1 	 Batch 899	LR : 0.01000	Top1 Acc.: 85.06	CLS Loss: 0.42	Mixup Loss: 0.87	CRL Loss: 0.00	Tot. Loss: 1.29
2025-04-02 04:37:03,804 INFO Epoch 1 	 Batch 999	LR : 0.01000	Top1 Acc.: 85.44	CLS Loss: 0.40	Mixup Loss: 0.86	CRL Loss: 0.00	Tot. Loss: 1.26
2025-04-02 04:38:27,829 INFO Epoch 1 	 Batch 1099	LR : 0.01000	Top1 Acc.: 84.81	CLS Loss: 0.42	Mixup Loss: 0.86	CRL Loss: 0.00	Tot. Loss: 1.28
2025-04-02 04:39:51,946 INFO Epoch 1 	 Batch 1199	LR : 0.01000	Top1 Acc.: 85.19	CLS Loss: 0.42	Mixup Loss: 0.86	CRL Loss: 0.00	Tot. Loss: 1.28
2025-04-02 04:41:16,698 INFO Epoch 1 	 Batch 1299	LR : 0.01000	Top1 Acc.: 85.91	CLS Loss: 0.39	Mixup Loss: 0.84	CRL Loss: 0.00	Tot. Loss: 1.23
2025-04-02 04:42:40,902 INFO Epoch 1 	 Batch 1399	LR : 0.01000	Top1 Acc.: 86.03	CLS Loss: 0.38	Mixup Loss: 0.85	CRL Loss: 0.00	Tot. Loss: 1.23
2025-04-02 04:44:04,232 INFO ################## 
 ---> Validation Epoch 1	Acc.: 89.475	FPR: 67.363	AUROC: 83.568	AUPR: 36.149	AURC: 28.065	EAURC: 22.322	AUPR Succ.: 97.566	ECE: 6.767	NLL: 3.181	Brier: 16.832
2025-04-02 04:44:04,233 INFO Accuracy improved from 0.00 to 89.48!!!
2025-04-02 04:44:04,310 INFO ####### --- Training Epoch 2 --- #######
2025-04-02 04:45:29,445 INFO Epoch 2 	 Batch 99	LR : 0.00997	Top1 Acc.: 87.38	CLS Loss: 0.36	Mixup Loss: 0.84	CRL Loss: 0.24	Tot. Loss: 1.24
2025-04-02 04:46:54,134 INFO Epoch 2 	 Batch 199	LR : 0.00997	Top1 Acc.: 87.03	CLS Loss: 0.37	Mixup Loss: 0.84	CRL Loss: 0.26	Tot. Loss: 1.26
2025-04-02 04:48:18,377 INFO Epoch 2 	 Batch 299	LR : 0.00997	Top1 Acc.: 86.25	CLS Loss: 0.37	Mixup Loss: 0.83	CRL Loss: 0.23	Tot. Loss: 1.25
2025-04-02 04:49:42,314 INFO Epoch 2 	 Batch 399	LR : 0.00997	Top1 Acc.: 87.56	CLS Loss: 0.36	Mixup Loss: 0.85	CRL Loss: 0.26	Tot. Loss: 1.26
2025-04-02 04:51:06,759 INFO Epoch 2 	 Batch 499	LR : 0.00997	Top1 Acc.: 86.69	CLS Loss: 0.36	Mixup Loss: 0.82	CRL Loss: 0.26	Tot. Loss: 1.23
2025-04-02 04:52:31,097 INFO Epoch 2 	 Batch 599	LR : 0.00997	Top1 Acc.: 88.56	CLS Loss: 0.33	Mixup Loss: 0.82	CRL Loss: 0.26	Tot. Loss: 1.20
2025-04-02 04:53:55,401 INFO Epoch 2 	 Batch 699	LR : 0.00997	Top1 Acc.: 87.47	CLS Loss: 0.35	Mixup Loss: 0.83	CRL Loss: 0.26	Tot. Loss: 1.23
2025-04-02 04:55:20,017 INFO Epoch 2 	 Batch 799	LR : 0.00997	Top1 Acc.: 87.69	CLS Loss: 0.34	Mixup Loss: 0.83	CRL Loss: 0.24	Tot. Loss: 1.22
2025-04-02 04:56:44,581 INFO Epoch 2 	 Batch 899	LR : 0.00997	Top1 Acc.: 86.94	CLS Loss: 0.34	Mixup Loss: 0.83	CRL Loss: 0.26	Tot. Loss: 1.23
2025-04-02 04:58:09,060 INFO Epoch 2 	 Batch 999	LR : 0.00997	Top1 Acc.: 88.22	CLS Loss: 0.33	Mixup Loss: 0.82	CRL Loss: 0.24	Tot. Loss: 1.20
2025-04-02 04:59:33,964 INFO Epoch 2 	 Batch 1099	LR : 0.00997	Top1 Acc.: 88.31	CLS Loss: 0.34	Mixup Loss: 0.82	CRL Loss: 0.27	Tot. Loss: 1.21
2025-04-02 05:00:58,462 INFO Epoch 2 	 Batch 1199	LR : 0.00997	Top1 Acc.: 88.59	CLS Loss: 0.32	Mixup Loss: 0.81	CRL Loss: 0.26	Tot. Loss: 1.18
2025-04-02 05:02:23,157 INFO Epoch 2 	 Batch 1299	LR : 0.00997	Top1 Acc.: 89.09	CLS Loss: 0.32	Mixup Loss: 0.81	CRL Loss: 0.26	Tot. Loss: 1.18
2025-04-02 05:03:47,536 INFO Epoch 2 	 Batch 1399	LR : 0.00997	Top1 Acc.: 88.59	CLS Loss: 0.32	Mixup Loss: 0.83	CRL Loss: 0.25	Tot. Loss: 1.20
2025-04-02 05:05:09,951 INFO ################## 
 ---> Validation Epoch 2	Acc.: 91.760	FPR: 53.183	AUROC: 89.652	AUPR: 43.478	AURC: 13.731	EAURC: 10.239	AUPR Succ.: 98.904	ECE: 8.133	NLL: 2.626	Brier: 13.200
2025-04-02 05:05:09,952 INFO Accuracy improved from 89.48 to 91.76!!!
2025-04-02 05:05:10,216 INFO ####### --- Training Epoch 3 --- #######
2025-04-02 05:06:36,336 INFO Epoch 3 	 Batch 99	LR : 0.00989	Top1 Acc.: 88.72	CLS Loss: 0.31	Mixup Loss: 0.82	CRL Loss: 0.19	Tot. Loss: 1.17
2025-04-02 05:08:02,133 INFO Epoch 3 	 Batch 199	LR : 0.00989	Top1 Acc.: 88.12	CLS Loss: 0.32	Mixup Loss: 0.82	CRL Loss: 0.19	Tot. Loss: 1.17
2025-04-02 05:09:27,319 INFO Epoch 3 	 Batch 299	LR : 0.00989	Top1 Acc.: 89.25	CLS Loss: 0.29	Mixup Loss: 0.81	CRL Loss: 0.18	Tot. Loss: 1.14
2025-04-02 05:10:52,239 INFO Epoch 3 	 Batch 399	LR : 0.00989	Top1 Acc.: 89.22	CLS Loss: 0.30	Mixup Loss: 0.80	CRL Loss: 0.19	Tot. Loss: 1.14
2025-04-02 05:12:17,171 INFO Epoch 3 	 Batch 499	LR : 0.00989	Top1 Acc.: 88.16	CLS Loss: 0.33	Mixup Loss: 0.83	CRL Loss: 0.19	Tot. Loss: 1.19
2025-04-02 05:13:41,677 INFO Epoch 3 	 Batch 599	LR : 0.00989	Top1 Acc.: 90.03	CLS Loss: 0.29	Mixup Loss: 0.83	CRL Loss: 0.20	Tot. Loss: 1.15
2025-04-02 05:15:05,876 INFO Epoch 3 	 Batch 699	LR : 0.00989	Top1 Acc.: 88.66	CLS Loss: 0.31	Mixup Loss: 0.81	CRL Loss: 0.20	Tot. Loss: 1.16
2025-04-02 05:16:31,240 INFO Epoch 3 	 Batch 799	LR : 0.00989	Top1 Acc.: 89.59	CLS Loss: 0.29	Mixup Loss: 0.82	CRL Loss: 0.18	Tot. Loss: 1.15
2025-04-02 05:17:55,731 INFO Epoch 3 	 Batch 899	LR : 0.00989	Top1 Acc.: 89.62	CLS Loss: 0.29	Mixup Loss: 0.80	CRL Loss: 0.19	Tot. Loss: 1.13
2025-04-02 05:19:20,551 INFO Epoch 3 	 Batch 999	LR : 0.00989	Top1 Acc.: 89.00	CLS Loss: 0.30	Mixup Loss: 0.81	CRL Loss: 0.20	Tot. Loss: 1.15
2025-04-02 05:20:44,658 INFO Epoch 3 	 Batch 1099	LR : 0.00989	Top1 Acc.: 88.69	CLS Loss: 0.30	Mixup Loss: 0.80	CRL Loss: 0.18	Tot. Loss: 1.14
2025-04-02 05:22:09,299 INFO Epoch 3 	 Batch 1199	LR : 0.00989	Top1 Acc.: 89.00	CLS Loss: 0.30	Mixup Loss: 0.81	CRL Loss: 0.19	Tot. Loss: 1.15
2025-04-02 05:23:33,893 INFO Epoch 3 	 Batch 1299	LR : 0.00989	Top1 Acc.: 89.97	CLS Loss: 0.29	Mixup Loss: 0.80	CRL Loss: 0.19	Tot. Loss: 1.13
2025-04-02 05:24:58,759 INFO Epoch 3 	 Batch 1399	LR : 0.00989	Top1 Acc.: 89.78	CLS Loss: 0.29	Mixup Loss: 0.80	CRL Loss: 0.19	Tot. Loss: 1.13
2025-04-02 05:26:20,943 INFO ################## 
 ---> Validation Epoch 3	Acc.: 93.858	FPR: 50.964	AUROC: 90.949	AUPR: 39.291	AURC: 8.266	EAURC: 6.340	AUPR Succ.: 99.334	ECE: 6.341	NLL: 2.043	Brier: 10.056
2025-04-02 05:26:20,943 INFO Accuracy improved from 91.76 to 93.86!!!
2025-04-02 05:26:21,231 INFO ####### --- Training Epoch 4 --- #######
2025-04-02 05:27:46,278 INFO Epoch 4 	 Batch 99	LR : 0.00976	Top1 Acc.: 89.88	CLS Loss: 0.29	Mixup Loss: 0.80	CRL Loss: 0.16	Tot. Loss: 1.12
2025-04-02 05:29:10,822 INFO Epoch 4 	 Batch 199	LR : 0.00976	Top1 Acc.: 89.78	CLS Loss: 0.28	Mixup Loss: 0.79	CRL Loss: 0.16	Tot. Loss: 1.11
2025-04-02 05:30:35,253 INFO Epoch 4 	 Batch 299	LR : 0.00976	Top1 Acc.: 91.03	CLS Loss: 0.26	Mixup Loss: 0.79	CRL Loss: 0.15	Tot. Loss: 1.08
2025-04-02 05:31:59,340 INFO Epoch 4 	 Batch 399	LR : 0.00976	Top1 Acc.: 90.75	CLS Loss: 0.25	Mixup Loss: 0.79	CRL Loss: 0.16	Tot. Loss: 1.07
2025-04-02 05:33:24,042 INFO Epoch 4 	 Batch 499	LR : 0.00976	Top1 Acc.: 90.41	CLS Loss: 0.26	Mixup Loss: 0.79	CRL Loss: 0.15	Tot. Loss: 1.09
2025-04-02 05:34:48,216 INFO Epoch 4 	 Batch 599	LR : 0.00976	Top1 Acc.: 90.53	CLS Loss: 0.27	Mixup Loss: 0.80	CRL Loss: 0.17	Tot. Loss: 1.10
2025-04-02 05:36:12,584 INFO Epoch 4 	 Batch 699	LR : 0.00976	Top1 Acc.: 89.69	CLS Loss: 0.28	Mixup Loss: 0.80	CRL Loss: 0.16	Tot. Loss: 1.12
2025-04-02 05:37:37,089 INFO Epoch 4 	 Batch 799	LR : 0.00976	Top1 Acc.: 90.25	CLS Loss: 0.28	Mixup Loss: 0.79	CRL Loss: 0.17	Tot. Loss: 1.11
2025-04-02 05:39:01,249 INFO Epoch 4 	 Batch 899	LR : 0.00976	Top1 Acc.: 90.44	CLS Loss: 0.27	Mixup Loss: 0.79	CRL Loss: 0.17	Tot. Loss: 1.10
2025-04-02 05:40:25,604 INFO Epoch 4 	 Batch 999	LR : 0.00976	Top1 Acc.: 89.97	CLS Loss: 0.27	Mixup Loss: 0.80	CRL Loss: 0.17	Tot. Loss: 1.10
2025-04-02 05:41:49,581 INFO Epoch 4 	 Batch 1099	LR : 0.00976	Top1 Acc.: 90.03	CLS Loss: 0.27	Mixup Loss: 0.78	CRL Loss: 0.16	Tot. Loss: 1.09
2025-04-02 05:43:13,447 INFO Epoch 4 	 Batch 1199	LR : 0.00976	Top1 Acc.: 90.16	CLS Loss: 0.27	Mixup Loss: 0.81	CRL Loss: 0.17	Tot. Loss: 1.11
2025-04-02 05:44:38,033 INFO Epoch 4 	 Batch 1299	LR : 0.00976	Top1 Acc.: 89.66	CLS Loss: 0.27	Mixup Loss: 0.80	CRL Loss: 0.17	Tot. Loss: 1.10
2025-04-02 05:46:02,722 INFO Epoch 4 	 Batch 1399	LR : 0.00976	Top1 Acc.: 91.28	CLS Loss: 0.26	Mixup Loss: 0.79	CRL Loss: 0.17	Tot. Loss: 1.08
2025-04-02 05:47:24,504 INFO ################## 
 ---> Validation Epoch 4	Acc.: 94.687	FPR: 50.000	AUROC: 92.050	AUPR: 36.372	AURC: 6.092	EAURC: 4.654	AUPR Succ.: 99.515	ECE: 6.606	NLL: 1.900	Brier: 9.106
2025-04-02 05:47:24,505 INFO Accuracy improved from 93.86 to 94.69!!!
2025-04-02 05:47:24,733 INFO ####### --- Training Epoch 5 --- #######
2025-04-02 05:48:49,084 INFO Epoch 5 	 Batch 99	LR : 0.00957	Top1 Acc.: 90.53	CLS Loss: 0.26	Mixup Loss: 0.80	CRL Loss: 0.14	Tot. Loss: 1.09
2025-04-02 05:50:12,545 INFO Epoch 5 	 Batch 199	LR : 0.00957	Top1 Acc.: 90.44	CLS Loss: 0.26	Mixup Loss: 0.79	CRL Loss: 0.16	Tot. Loss: 1.08
2025-04-02 05:51:36,314 INFO Epoch 5 	 Batch 299	LR : 0.00957	Top1 Acc.: 91.22	CLS Loss: 0.25	Mixup Loss: 0.79	CRL Loss: 0.15	Tot. Loss: 1.07
2025-04-02 05:52:59,873 INFO Epoch 5 	 Batch 399	LR : 0.00957	Top1 Acc.: 92.25	CLS Loss: 0.23	Mixup Loss: 0.77	CRL Loss: 0.14	Tot. Loss: 1.03
2025-04-02 05:54:23,688 INFO Epoch 5 	 Batch 499	LR : 0.00957	Top1 Acc.: 90.75	CLS Loss: 0.26	Mixup Loss: 0.80	CRL Loss: 0.15	Tot. Loss: 1.09
2025-04-02 05:55:47,816 INFO Epoch 5 	 Batch 599	LR : 0.00957	Top1 Acc.: 89.88	CLS Loss: 0.26	Mixup Loss: 0.80	CRL Loss: 0.15	Tot. Loss: 1.09
2025-04-02 05:57:12,191 INFO Epoch 5 	 Batch 699	LR : 0.00957	Top1 Acc.: 91.72	CLS Loss: 0.25	Mixup Loss: 0.79	CRL Loss: 0.14	Tot. Loss: 1.07
2025-04-02 05:58:35,935 INFO Epoch 5 	 Batch 799	LR : 0.00957	Top1 Acc.: 90.56	CLS Loss: 0.25	Mixup Loss: 0.79	CRL Loss: 0.15	Tot. Loss: 1.08
2025-04-02 05:59:59,504 INFO Epoch 5 	 Batch 899	LR : 0.00957	Top1 Acc.: 90.44	CLS Loss: 0.27	Mixup Loss: 0.79	CRL Loss: 0.15	Tot. Loss: 1.09
2025-04-02 06:01:23,292 INFO Epoch 5 	 Batch 999	LR : 0.00957	Top1 Acc.: 90.47	CLS Loss: 0.26	Mixup Loss: 0.79	CRL Loss: 0.15	Tot. Loss: 1.08
2025-04-02 06:02:47,405 INFO Epoch 5 	 Batch 1099	LR : 0.00957	Top1 Acc.: 90.84	CLS Loss: 0.25	Mixup Loss: 0.79	CRL Loss: 0.15	Tot. Loss: 1.07
2025-04-02 06:04:11,896 INFO Epoch 5 	 Batch 1199	LR : 0.00957	Top1 Acc.: 91.06	CLS Loss: 0.24	Mixup Loss: 0.77	CRL Loss: 0.15	Tot. Loss: 1.04
2025-04-02 06:05:35,598 INFO Epoch 5 	 Batch 1299	LR : 0.00957	Top1 Acc.: 91.47	CLS Loss: 0.24	Mixup Loss: 0.78	CRL Loss: 0.14	Tot. Loss: 1.05
2025-04-02 06:06:59,523 INFO Epoch 5 	 Batch 1399	LR : 0.00957	Top1 Acc.: 91.38	CLS Loss: 0.26	Mixup Loss: 0.80	CRL Loss: 0.15	Tot. Loss: 1.09
2025-04-02 06:08:21,762 INFO ################## 
 ---> Validation Epoch 5	Acc.: 94.602	FPR: 43.887	AUROC: 91.690	AUPR: 39.597	AURC: 6.778	EAURC: 5.295	AUPR Succ.: 99.447	ECE: 6.492	NLL: 1.895	Brier: 9.089
2025-04-02 06:08:21,764 INFO ####### --- Training Epoch 6 --- #######
2025-04-02 06:09:46,412 INFO Epoch 6 	 Batch 99	LR : 0.00933	Top1 Acc.: 91.94	CLS Loss: 0.23	Mixup Loss: 0.79	CRL Loss: 0.13	Tot. Loss: 1.04
2025-04-02 06:11:10,768 INFO Epoch 6 	 Batch 199	LR : 0.00933	Top1 Acc.: 90.75	CLS Loss: 0.25	Mixup Loss: 0.80	CRL Loss: 0.15	Tot. Loss: 1.08
2025-04-02 06:12:34,890 INFO Epoch 6 	 Batch 299	LR : 0.00933	Top1 Acc.: 91.53	CLS Loss: 0.24	Mixup Loss: 0.78	CRL Loss: 0.14	Tot. Loss: 1.05
2025-04-02 06:13:59,260 INFO Epoch 6 	 Batch 399	LR : 0.00933	Top1 Acc.: 91.66	CLS Loss: 0.24	Mixup Loss: 0.79	CRL Loss: 0.13	Tot. Loss: 1.06
2025-04-02 06:15:23,472 INFO Epoch 6 	 Batch 499	LR : 0.00933	Top1 Acc.: 90.59	CLS Loss: 0.26	Mixup Loss: 0.77	CRL Loss: 0.14	Tot. Loss: 1.06
2025-04-02 06:16:47,651 INFO Epoch 6 	 Batch 599	LR : 0.00933	Top1 Acc.: 91.47	CLS Loss: 0.25	Mixup Loss: 0.78	CRL Loss: 0.14	Tot. Loss: 1.05
2025-04-02 06:18:11,865 INFO Epoch 6 	 Batch 699	LR : 0.00933	Top1 Acc.: 91.34	CLS Loss: 0.25	Mixup Loss: 0.79	CRL Loss: 0.13	Tot. Loss: 1.07
2025-04-02 06:19:35,829 INFO Epoch 6 	 Batch 799	LR : 0.00933	Top1 Acc.: 92.03	CLS Loss: 0.23	Mixup Loss: 0.78	CRL Loss: 0.13	Tot. Loss: 1.04
2025-04-02 06:20:59,742 INFO Epoch 6 	 Batch 899	LR : 0.00933	Top1 Acc.: 90.88	CLS Loss: 0.25	Mixup Loss: 0.78	CRL Loss: 0.14	Tot. Loss: 1.06
2025-04-02 06:22:24,415 INFO Epoch 6 	 Batch 999	LR : 0.00933	Top1 Acc.: 91.12	CLS Loss: 0.24	Mixup Loss: 0.79	CRL Loss: 0.13	Tot. Loss: 1.06
2025-04-02 06:23:49,040 INFO Epoch 6 	 Batch 1099	LR : 0.00933	Top1 Acc.: 91.16	CLS Loss: 0.24	Mixup Loss: 0.80	CRL Loss: 0.13	Tot. Loss: 1.07
2025-04-02 06:25:13,573 INFO Epoch 6 	 Batch 1199	LR : 0.00933	Top1 Acc.: 91.97	CLS Loss: 0.23	Mixup Loss: 0.78	CRL Loss: 0.13	Tot. Loss: 1.03
2025-04-02 06:26:38,049 INFO Epoch 6 	 Batch 1299	LR : 0.00933	Top1 Acc.: 91.81	CLS Loss: 0.24	Mixup Loss: 0.79	CRL Loss: 0.14	Tot. Loss: 1.05
2025-04-02 06:28:02,147 INFO Epoch 6 	 Batch 1399	LR : 0.00933	Top1 Acc.: 91.19	CLS Loss: 0.25	Mixup Loss: 0.79	CRL Loss: 0.13	Tot. Loss: 1.06
2025-04-02 06:29:24,425 INFO ################## 
 ---> Validation Epoch 6	Acc.: 94.315	FPR: 49.702	AUROC: 91.338	AUPR: 37.892	AURC: 7.150	EAURC: 5.503	AUPR Succ.: 99.424	ECE: 6.449	NLL: 1.945	Brier: 9.555
2025-04-02 06:29:24,428 INFO ####### --- Training Epoch 7 --- #######
2025-04-02 06:30:49,344 INFO Epoch 7 	 Batch 99	LR : 0.00905	Top1 Acc.: 90.19	CLS Loss: 0.26	Mixup Loss: 0.77	CRL Loss: 0.13	Tot. Loss: 1.06
2025-04-02 06:32:13,923 INFO Epoch 7 	 Batch 199	LR : 0.00905	Top1 Acc.: 92.12	CLS Loss: 0.24	Mixup Loss: 0.79	CRL Loss: 0.12	Tot. Loss: 1.05
2025-04-02 06:33:37,491 INFO Epoch 7 	 Batch 299	LR : 0.00905	Top1 Acc.: 90.75	CLS Loss: 0.25	Mixup Loss: 0.80	CRL Loss: 0.12	Tot. Loss: 1.07
2025-04-02 06:35:01,455 INFO Epoch 7 	 Batch 399	LR : 0.00905	Top1 Acc.: 91.62	CLS Loss: 0.24	Mixup Loss: 0.78	CRL Loss: 0.12	Tot. Loss: 1.05
2025-04-02 06:36:25,503 INFO Epoch 7 	 Batch 499	LR : 0.00905	Top1 Acc.: 91.97	CLS Loss: 0.23	Mixup Loss: 0.79	CRL Loss: 0.12	Tot. Loss: 1.04
2025-04-02 06:37:49,813 INFO Epoch 7 	 Batch 599	LR : 0.00905	Top1 Acc.: 92.78	CLS Loss: 0.21	Mixup Loss: 0.78	CRL Loss: 0.12	Tot. Loss: 1.02
2025-04-02 06:39:14,052 INFO Epoch 7 	 Batch 699	LR : 0.00905	Top1 Acc.: 91.59	CLS Loss: 0.24	Mixup Loss: 0.79	CRL Loss: 0.13	Tot. Loss: 1.05
2025-04-02 06:40:38,151 INFO Epoch 7 	 Batch 799	LR : 0.00905	Top1 Acc.: 91.28	CLS Loss: 0.23	Mixup Loss: 0.78	CRL Loss: 0.13	Tot. Loss: 1.03
2025-04-02 06:42:02,551 INFO Epoch 7 	 Batch 899	LR : 0.00905	Top1 Acc.: 90.22	CLS Loss: 0.27	Mixup Loss: 0.80	CRL Loss: 0.13	Tot. Loss: 1.09
2025-04-02 06:43:26,513 INFO Epoch 7 	 Batch 999	LR : 0.00905	Top1 Acc.: 91.03	CLS Loss: 0.25	Mixup Loss: 0.79	CRL Loss: 0.13	Tot. Loss: 1.06
2025-04-02 06:44:50,761 INFO Epoch 7 	 Batch 1099	LR : 0.00905	Top1 Acc.: 91.19	CLS Loss: 0.24	Mixup Loss: 0.81	CRL Loss: 0.12	Tot. Loss: 1.07
2025-04-02 06:46:14,927 INFO Epoch 7 	 Batch 1199	LR : 0.00905	Top1 Acc.: 90.47	CLS Loss: 0.25	Mixup Loss: 0.79	CRL Loss: 0.13	Tot. Loss: 1.06
2025-04-02 06:47:39,104 INFO Epoch 7 	 Batch 1299	LR : 0.00905	Top1 Acc.: 91.31	CLS Loss: 0.23	Mixup Loss: 0.78	CRL Loss: 0.13	Tot. Loss: 1.04
2025-04-02 06:49:03,325 INFO Epoch 7 	 Batch 1399	LR : 0.00905	Top1 Acc.: 92.47	CLS Loss: 0.22	Mixup Loss: 0.78	CRL Loss: 0.12	Tot. Loss: 1.02
2025-04-02 06:50:26,568 INFO ################## 
 ---> Validation Epoch 7	Acc.: 94.552	FPR: 54.037	AUROC: 89.041	AUPR: 32.313	AURC: 8.701	EAURC: 7.189	AUPR Succ.: 99.249	ECE: 5.927	NLL: 1.927	Brier: 9.525
2025-04-02 06:50:26,571 INFO ####### --- Training Epoch 8 --- #######
2025-04-02 06:51:52,096 INFO Epoch 8 	 Batch 99	LR : 0.00872	Top1 Acc.: 91.84	CLS Loss: 0.23	Mixup Loss: 0.78	CRL Loss: 0.13	Tot. Loss: 1.04
2025-04-02 06:53:15,539 INFO Epoch 8 	 Batch 199	LR : 0.00872	Top1 Acc.: 92.06	CLS Loss: 0.22	Mixup Loss: 0.78	CRL Loss: 0.12	Tot. Loss: 1.02
2025-04-02 06:54:39,434 INFO Epoch 8 	 Batch 299	LR : 0.00872	Top1 Acc.: 92.41	CLS Loss: 0.23	Mixup Loss: 0.78	CRL Loss: 0.12	Tot. Loss: 1.03
2025-04-02 06:56:04,029 INFO Epoch 8 	 Batch 399	LR : 0.00872	Top1 Acc.: 91.75	CLS Loss: 0.24	Mixup Loss: 0.79	CRL Loss: 0.12	Tot. Loss: 1.05
2025-04-02 06:57:28,072 INFO Epoch 8 	 Batch 499	LR : 0.00872	Top1 Acc.: 92.22	CLS Loss: 0.23	Mixup Loss: 0.79	CRL Loss: 0.12	Tot. Loss: 1.05
2025-04-02 06:58:52,773 INFO Epoch 8 	 Batch 599	LR : 0.00872	Top1 Acc.: 92.62	CLS Loss: 0.22	Mixup Loss: 0.76	CRL Loss: 0.12	Tot. Loss: 1.00
2025-04-02 07:00:16,628 INFO Epoch 8 	 Batch 699	LR : 0.00872	Top1 Acc.: 91.47	CLS Loss: 0.23	Mixup Loss: 0.78	CRL Loss: 0.12	Tot. Loss: 1.03
2025-04-02 07:01:41,339 INFO Epoch 8 	 Batch 799	LR : 0.00872	Top1 Acc.: 91.59	CLS Loss: 0.24	Mixup Loss: 0.79	CRL Loss: 0.13	Tot. Loss: 1.05
2025-04-02 07:03:38,614 INFO Epoch 8 	 Batch 899	LR : 0.00872	Top1 Acc.: 91.66	CLS Loss: 0.24	Mixup Loss: 0.79	CRL Loss: 0.12	Tot. Loss: 1.05
2025-04-02 07:05:15,072 INFO Epoch 8 	 Batch 999	LR : 0.00872	Top1 Acc.: 91.69	CLS Loss: 0.24	Mixup Loss: 0.78	CRL Loss: 0.12	Tot. Loss: 1.04
2025-04-02 07:06:39,151 INFO Epoch 8 	 Batch 1099	LR : 0.00872	Top1 Acc.: 92.22	CLS Loss: 0.22	Mixup Loss: 0.77	CRL Loss: 0.11	Tot. Loss: 1.02
2025-04-02 07:08:02,073 INFO Epoch 8 	 Batch 1199	LR : 0.00872	Top1 Acc.: 91.62	CLS Loss: 0.23	Mixup Loss: 0.78	CRL Loss: 0.13	Tot. Loss: 1.05
2025-04-02 07:09:50,616 INFO Epoch 8 	 Batch 1299	LR : 0.00872	Top1 Acc.: 91.50	CLS Loss: 0.24	Mixup Loss: 0.78	CRL Loss: 0.12	Tot. Loss: 1.04
2025-04-02 07:11:23,856 INFO Epoch 8 	 Batch 1399	LR : 0.00872	Top1 Acc.: 92.38	CLS Loss: 0.22	Mixup Loss: 0.76	CRL Loss: 0.12	Tot. Loss: 1.00
2025-04-02 07:12:46,435 INFO ################## 
 ---> Validation Epoch 8	Acc.: 94.027	FPR: 50.425	AUROC: 89.951	AUPR: 36.793	AURC: 8.922	EAURC: 7.102	AUPR Succ.: 99.254	ECE: 7.612	NLL: 2.168	Brier: 10.468
2025-04-02 07:12:46,438 INFO ####### --- Training Epoch 9 --- #######
2025-04-02 07:14:12,267 INFO Epoch 9 	 Batch 99	LR : 0.00835	Top1 Acc.: 92.12	CLS Loss: 0.22	Mixup Loss: 0.78	CRL Loss: 0.11	Tot. Loss: 1.02
2025-04-02 07:15:37,667 INFO Epoch 9 	 Batch 199	LR : 0.00835	Top1 Acc.: 91.66	CLS Loss: 0.22	Mixup Loss: 0.77	CRL Loss: 0.11	Tot. Loss: 1.01
2025-04-02 07:17:01,250 INFO Epoch 9 	 Batch 299	LR : 0.00835	Top1 Acc.: 93.47	CLS Loss: 0.19	Mixup Loss: 0.75	CRL Loss: 0.11	Tot. Loss: 0.96
2025-04-02 07:18:24,893 INFO Epoch 9 	 Batch 399	LR : 0.00835	Top1 Acc.: 91.09	CLS Loss: 0.25	Mixup Loss: 0.80	CRL Loss: 0.12	Tot. Loss: 1.07
2025-04-02 07:19:48,820 INFO Epoch 9 	 Batch 499	LR : 0.00835	Top1 Acc.: 92.97	CLS Loss: 0.22	Mixup Loss: 0.76	CRL Loss: 0.11	Tot. Loss: 1.00
2025-04-02 07:21:12,334 INFO Epoch 9 	 Batch 599	LR : 0.00835	Top1 Acc.: 91.78	CLS Loss: 0.23	Mixup Loss: 0.77	CRL Loss: 0.11	Tot. Loss: 1.03
2025-04-02 07:22:36,452 INFO Epoch 9 	 Batch 699	LR : 0.00835	Top1 Acc.: 91.31	CLS Loss: 0.23	Mixup Loss: 0.77	CRL Loss: 0.12	Tot. Loss: 1.03
2025-04-02 07:24:00,538 INFO Epoch 9 	 Batch 799	LR : 0.00835	Top1 Acc.: 92.12	CLS Loss: 0.22	Mixup Loss: 0.78	CRL Loss: 0.11	Tot. Loss: 1.02
2025-04-02 07:25:24,178 INFO Epoch 9 	 Batch 899	LR : 0.00835	Top1 Acc.: 91.91	CLS Loss: 0.22	Mixup Loss: 0.77	CRL Loss: 0.11	Tot. Loss: 1.02
2025-04-02 07:26:47,911 INFO Epoch 9 	 Batch 999	LR : 0.00835	Top1 Acc.: 92.19	CLS Loss: 0.22	Mixup Loss: 0.76	CRL Loss: 0.11	Tot. Loss: 1.01
2025-04-02 07:28:11,608 INFO Epoch 9 	 Batch 1099	LR : 0.00835	Top1 Acc.: 92.88	CLS Loss: 0.21	Mixup Loss: 0.76	CRL Loss: 0.11	Tot. Loss: 0.99
2025-04-02 07:29:35,324 INFO Epoch 9 	 Batch 1199	LR : 0.00835	Top1 Acc.: 92.44	CLS Loss: 0.22	Mixup Loss: 0.78	CRL Loss: 0.11	Tot. Loss: 1.02
2025-04-02 07:30:59,030 INFO Epoch 9 	 Batch 1299	LR : 0.00835	Top1 Acc.: 92.09	CLS Loss: 0.21	Mixup Loss: 0.76	CRL Loss: 0.11	Tot. Loss: 1.00
2025-04-02 07:32:22,501 INFO Epoch 9 	 Batch 1399	LR : 0.00835	Top1 Acc.: 91.75	CLS Loss: 0.23	Mixup Loss: 0.77	CRL Loss: 0.12	Tot. Loss: 1.02
2025-04-02 07:33:50,940 INFO ################## 
 ---> Validation Epoch 9	Acc.: 95.685	FPR: 43.922	AUROC: 92.150	AUPR: 34.685	AURC: 4.772	EAURC: 3.828	AUPR Succ.: 99.604	ECE: 7.951	NLL: 1.831	Brier: 8.285
2025-04-02 07:33:50,940 INFO Accuracy improved from 94.69 to 95.69!!!
2025-04-02 07:33:51,129 INFO ####### --- Training Epoch 10 --- #######
2025-04-02 07:36:04,706 INFO Epoch 10 	 Batch 99	LR : 0.00794	Top1 Acc.: 92.22	CLS Loss: 0.23	Mixup Loss: 0.77	CRL Loss: 0.12	Tot. Loss: 1.02
2025-04-02 07:37:28,141 INFO Epoch 10 	 Batch 199	LR : 0.00794	Top1 Acc.: 91.69	CLS Loss: 0.22	Mixup Loss: 0.78	CRL Loss: 0.12	Tot. Loss: 1.03
2025-04-02 07:38:52,018 INFO Epoch 10 	 Batch 299	LR : 0.00794	Top1 Acc.: 92.66	CLS Loss: 0.21	Mixup Loss: 0.76	CRL Loss: 0.11	Tot. Loss: 0.99
2025-04-02 07:40:16,088 INFO Epoch 10 	 Batch 399	LR : 0.00794	Top1 Acc.: 92.31	CLS Loss: 0.21	Mixup Loss: 0.78	CRL Loss: 0.11	Tot. Loss: 1.01
2025-04-02 07:41:39,830 INFO Epoch 10 	 Batch 499	LR : 0.00794	Top1 Acc.: 92.91	CLS Loss: 0.21	Mixup Loss: 0.77	CRL Loss: 0.11	Tot. Loss: 1.01
2025-04-02 07:43:02,986 INFO Epoch 10 	 Batch 599	LR : 0.00794	Top1 Acc.: 92.41	CLS Loss: 0.22	Mixup Loss: 0.77	CRL Loss: 0.11	Tot. Loss: 1.01
2025-04-02 07:44:26,247 INFO Epoch 10 	 Batch 699	LR : 0.00794	Top1 Acc.: 92.53	CLS Loss: 0.22	Mixup Loss: 0.78	CRL Loss: 0.11	Tot. Loss: 1.02
2025-04-02 07:45:49,884 INFO Epoch 10 	 Batch 799	LR : 0.00794	Top1 Acc.: 91.91	CLS Loss: 0.22	Mixup Loss: 0.78	CRL Loss: 0.12	Tot. Loss: 1.02
2025-04-02 07:47:13,455 INFO Epoch 10 	 Batch 899	LR : 0.00794	Top1 Acc.: 92.28	CLS Loss: 0.21	Mixup Loss: 0.77	CRL Loss: 0.11	Tot. Loss: 1.01
2025-04-02 07:48:36,960 INFO Epoch 10 	 Batch 999	LR : 0.00794	Top1 Acc.: 91.97	CLS Loss: 0.22	Mixup Loss: 0.78	CRL Loss: 0.11	Tot. Loss: 1.02
2025-04-02 07:50:00,472 INFO Epoch 10 	 Batch 1099	LR : 0.00794	Top1 Acc.: 92.56	CLS Loss: 0.22	Mixup Loss: 0.79	CRL Loss: 0.10	Tot. Loss: 1.03
2025-04-02 07:51:23,955 INFO Epoch 10 	 Batch 1199	LR : 0.00794	Top1 Acc.: 92.25	CLS Loss: 0.23	Mixup Loss: 0.78	CRL Loss: 0.11	Tot. Loss: 1.03
2025-04-02 07:52:48,146 INFO Epoch 10 	 Batch 1299	LR : 0.00794	Top1 Acc.: 93.00	CLS Loss: 0.21	Mixup Loss: 0.77	CRL Loss: 0.11	Tot. Loss: 1.00
2025-04-02 07:54:12,997 INFO Epoch 10 	 Batch 1399	LR : 0.00794	Top1 Acc.: 92.94	CLS Loss: 0.21	Mixup Loss: 0.77	CRL Loss: 0.12	Tot. Loss: 1.00
2025-04-02 07:55:34,929 INFO ################## 
 ---> Validation Epoch 10	Acc.: 94.772	FPR: 42.071	AUROC: 92.136	AUPR: 36.336	AURC: 6.014	EAURC: 4.623	AUPR Succ.: 99.518	ECE: 5.689	NLL: 1.782	Brier: 8.647
2025-04-02 07:55:34,931 INFO ####### --- Training Epoch 11 --- #######
2025-04-02 07:57:01,021 INFO Epoch 11 	 Batch 99	LR : 0.00750	Top1 Acc.: 92.59	CLS Loss: 0.21	Mixup Loss: 0.78	CRL Loss: 0.11	Tot. Loss: 1.02
2025-04-02 07:58:26,548 INFO Epoch 11 	 Batch 199	LR : 0.00750	Top1 Acc.: 92.28	CLS Loss: 0.23	Mixup Loss: 0.78	CRL Loss: 0.11	Tot. Loss: 1.04
2025-04-02 07:59:51,291 INFO Epoch 11 	 Batch 299	LR : 0.00750	Top1 Acc.: 92.31	CLS Loss: 0.22	Mixup Loss: 0.78	CRL Loss: 0.11	Tot. Loss: 1.02
2025-04-02 08:01:16,029 INFO Epoch 11 	 Batch 399	LR : 0.00750	Top1 Acc.: 92.19	CLS Loss: 0.22	Mixup Loss: 0.77	CRL Loss: 0.10	Tot. Loss: 1.01
2025-04-02 08:02:40,542 INFO Epoch 11 	 Batch 499	LR : 0.00750	Top1 Acc.: 92.41	CLS Loss: 0.21	Mixup Loss: 0.78	CRL Loss: 0.12	Tot. Loss: 1.01
2025-04-02 08:04:05,527 INFO Epoch 11 	 Batch 599	LR : 0.00750	Top1 Acc.: 91.88	CLS Loss: 0.22	Mixup Loss: 0.78	CRL Loss: 0.11	Tot. Loss: 1.01
2025-04-02 08:05:29,903 INFO Epoch 11 	 Batch 699	LR : 0.00750	Top1 Acc.: 91.81	CLS Loss: 0.22	Mixup Loss: 0.77	CRL Loss: 0.11	Tot. Loss: 1.02
2025-04-02 08:06:54,603 INFO Epoch 11 	 Batch 799	LR : 0.00750	Top1 Acc.: 92.06	CLS Loss: 0.23	Mixup Loss: 0.77	CRL Loss: 0.11	Tot. Loss: 1.01
2025-04-02 08:08:19,448 INFO Epoch 11 	 Batch 899	LR : 0.00750	Top1 Acc.: 92.22	CLS Loss: 0.22	Mixup Loss: 0.77	CRL Loss: 0.10	Tot. Loss: 1.01
2025-04-02 08:09:43,816 INFO Epoch 11 	 Batch 999	LR : 0.00750	Top1 Acc.: 92.31	CLS Loss: 0.22	Mixup Loss: 0.77	CRL Loss: 0.11	Tot. Loss: 1.02
2025-04-02 08:11:08,709 INFO Epoch 11 	 Batch 1099	LR : 0.00750	Top1 Acc.: 92.09	CLS Loss: 0.23	Mixup Loss: 0.78	CRL Loss: 0.10	Tot. Loss: 1.02
2025-04-02 08:12:33,534 INFO Epoch 11 	 Batch 1199	LR : 0.00750	Top1 Acc.: 92.81	CLS Loss: 0.21	Mixup Loss: 0.78	CRL Loss: 0.10	Tot. Loss: 1.01
2025-04-02 08:13:58,227 INFO Epoch 11 	 Batch 1299	LR : 0.00750	Top1 Acc.: 92.72	CLS Loss: 0.21	Mixup Loss: 0.76	CRL Loss: 0.11	Tot. Loss: 1.00
2025-04-02 08:15:23,116 INFO Epoch 11 	 Batch 1399	LR : 0.00750	Top1 Acc.: 92.31	CLS Loss: 0.21	Mixup Loss: 0.77	CRL Loss: 0.11	Tot. Loss: 1.01
2025-04-02 08:16:47,413 INFO ################## 
 ---> Validation Epoch 11	Acc.: 95.228	FPR: 42.199	AUROC: 92.587	AUPR: 35.937	AURC: 5.160	EAURC: 4.003	AUPR Succ.: 99.584	ECE: 9.611	NLL: 2.043	Brier: 9.292
2025-04-02 08:16:47,416 INFO ####### --- Training Epoch 12 --- #######
2025-04-02 08:18:13,850 INFO Epoch 12 	 Batch 99	LR : 0.00703	Top1 Acc.: 92.25	CLS Loss: 0.22	Mixup Loss: 0.76	CRL Loss: 0.10	Tot. Loss: 0.99
2025-04-02 08:19:39,732 INFO Epoch 12 	 Batch 199	LR : 0.00703	Top1 Acc.: 92.78	CLS Loss: 0.21	Mixup Loss: 0.76	CRL Loss: 0.11	Tot. Loss: 0.99
2025-04-02 08:21:05,804 INFO Epoch 12 	 Batch 299	LR : 0.00703	Top1 Acc.: 92.31	CLS Loss: 0.22	Mixup Loss: 0.79	CRL Loss: 0.11	Tot. Loss: 1.03
2025-04-02 08:22:30,689 INFO Epoch 12 	 Batch 399	LR : 0.00703	Top1 Acc.: 92.84	CLS Loss: 0.22	Mixup Loss: 0.77	CRL Loss: 0.11	Tot. Loss: 1.01
2025-04-02 08:23:55,890 INFO Epoch 12 	 Batch 499	LR : 0.00703	Top1 Acc.: 92.38	CLS Loss: 0.21	Mixup Loss: 0.78	CRL Loss: 0.10	Tot. Loss: 1.02
2025-04-02 08:25:20,514 INFO Epoch 12 	 Batch 599	LR : 0.00703	Top1 Acc.: 92.38	CLS Loss: 0.21	Mixup Loss: 0.77	CRL Loss: 0.10	Tot. Loss: 1.00
2025-04-02 08:26:45,435 INFO Epoch 12 	 Batch 699	LR : 0.00703	Top1 Acc.: 92.31	CLS Loss: 0.21	Mixup Loss: 0.76	CRL Loss: 0.10	Tot. Loss: 0.99
2025-04-02 08:28:10,293 INFO Epoch 12 	 Batch 799	LR : 0.00703	Top1 Acc.: 92.44	CLS Loss: 0.22	Mixup Loss: 0.78	CRL Loss: 0.10	Tot. Loss: 1.01
2025-04-02 08:29:34,614 INFO Epoch 12 	 Batch 899	LR : 0.00703	Top1 Acc.: 92.06	CLS Loss: 0.23	Mixup Loss: 0.78	CRL Loss: 0.11	Tot. Loss: 1.03
2025-04-02 08:30:58,487 INFO Epoch 12 	 Batch 999	LR : 0.00703	Top1 Acc.: 91.75	CLS Loss: 0.23	Mixup Loss: 0.78	CRL Loss: 0.11	Tot. Loss: 1.03
2025-04-02 08:32:21,793 INFO Epoch 12 	 Batch 1099	LR : 0.00703	Top1 Acc.: 92.38	CLS Loss: 0.22	Mixup Loss: 0.77	CRL Loss: 0.10	Tot. Loss: 1.00
2025-04-02 08:33:45,497 INFO Epoch 12 	 Batch 1199	LR : 0.00703	Top1 Acc.: 92.12	CLS Loss: 0.22	Mixup Loss: 0.77	CRL Loss: 0.10	Tot. Loss: 1.01
2025-04-02 08:35:09,321 INFO Epoch 12 	 Batch 1299	LR : 0.00703	Top1 Acc.: 91.75	CLS Loss: 0.22	Mixup Loss: 0.78	CRL Loss: 0.11	Tot. Loss: 1.03
2025-04-02 08:36:33,919 INFO Epoch 12 	 Batch 1399	LR : 0.00703	Top1 Acc.: 92.22	CLS Loss: 0.22	Mixup Loss: 0.76	CRL Loss: 0.10	Tot. Loss: 1.01
2025-04-02 08:37:56,299 INFO ################## 
 ---> Validation Epoch 12	Acc.: 95.212	FPR: 43.463	AUROC: 92.388	AUPR: 38.733	AURC: 5.257	EAURC: 4.092	AUPR Succ.: 99.575	ECE: 5.872	NLL: 1.685	Brier: 8.103
2025-04-02 08:37:56,302 INFO ####### --- Training Epoch 13 --- #######
2025-04-02 08:39:21,615 INFO Epoch 13 	 Batch 99	LR : 0.00655	Top1 Acc.: 93.44	CLS Loss: 0.19	Mixup Loss: 0.76	CRL Loss: 0.09	Tot. Loss: 0.98
2025-04-02 08:40:45,864 INFO Epoch 13 	 Batch 199	LR : 0.00655	Top1 Acc.: 93.59	CLS Loss: 0.19	Mixup Loss: 0.77	CRL Loss: 0.10	Tot. Loss: 0.98
2025-04-02 08:42:10,349 INFO Epoch 13 	 Batch 299	LR : 0.00655	Top1 Acc.: 92.72	CLS Loss: 0.21	Mixup Loss: 0.78	CRL Loss: 0.10	Tot. Loss: 1.01
2025-04-02 08:43:35,338 INFO Epoch 13 	 Batch 399	LR : 0.00655	Top1 Acc.: 93.16	CLS Loss: 0.20	Mixup Loss: 0.78	CRL Loss: 0.11	Tot. Loss: 1.00
2025-04-02 08:45:00,537 INFO Epoch 13 	 Batch 499	LR : 0.00655	Top1 Acc.: 91.91	CLS Loss: 0.21	Mixup Loss: 0.77	CRL Loss: 0.11	Tot. Loss: 1.00
2025-04-02 08:46:25,435 INFO Epoch 13 	 Batch 599	LR : 0.00655	Top1 Acc.: 92.47	CLS Loss: 0.21	Mixup Loss: 0.76	CRL Loss: 0.10	Tot. Loss: 0.99
2025-04-02 08:47:50,530 INFO Epoch 13 	 Batch 699	LR : 0.00655	Top1 Acc.: 93.12	CLS Loss: 0.21	Mixup Loss: 0.77	CRL Loss: 0.10	Tot. Loss: 1.00
2025-04-02 08:49:15,477 INFO Epoch 13 	 Batch 799	LR : 0.00655	Top1 Acc.: 92.22	CLS Loss: 0.22	Mixup Loss: 0.77	CRL Loss: 0.11	Tot. Loss: 1.01
2025-04-02 08:50:40,187 INFO Epoch 13 	 Batch 899	LR : 0.00655	Top1 Acc.: 92.31	CLS Loss: 0.21	Mixup Loss: 0.77	CRL Loss: 0.10	Tot. Loss: 1.00
2025-04-02 08:52:04,665 INFO Epoch 13 	 Batch 999	LR : 0.00655	Top1 Acc.: 92.84	CLS Loss: 0.21	Mixup Loss: 0.76	CRL Loss: 0.10	Tot. Loss: 0.99
2025-04-02 08:53:29,207 INFO Epoch 13 	 Batch 1099	LR : 0.00655	Top1 Acc.: 92.38	CLS Loss: 0.21	Mixup Loss: 0.76	CRL Loss: 0.10	Tot. Loss: 0.99
2025-04-02 08:54:54,923 INFO Epoch 13 	 Batch 1199	LR : 0.00655	Top1 Acc.: 93.34	CLS Loss: 0.20	Mixup Loss: 0.75	CRL Loss: 0.10	Tot. Loss: 0.97
2025-04-02 08:56:20,167 INFO Epoch 13 	 Batch 1299	LR : 0.00655	Top1 Acc.: 92.50	CLS Loss: 0.21	Mixup Loss: 0.75	CRL Loss: 0.10	Tot. Loss: 0.99
2025-04-02 08:57:45,150 INFO Epoch 13 	 Batch 1399	LR : 0.00655	Top1 Acc.: 92.56	CLS Loss: 0.21	Mixup Loss: 0.77	CRL Loss: 0.10	Tot. Loss: 1.00
2025-04-02 08:59:08,352 INFO ################## 
 ---> Validation Epoch 13	Acc.: 95.550	FPR: 40.304	AUROC: 92.514	AUPR: 37.542	AURC: 4.717	EAURC: 3.712	AUPR Succ.: 99.616	ECE: 5.781	NLL: 1.633	Brier: 7.811
2025-04-02 08:59:08,355 INFO ####### --- Training Epoch 14 --- #######
2025-04-02 09:00:34,443 INFO Epoch 14 	 Batch 99	LR : 0.00604	Top1 Acc.: 92.09	CLS Loss: 0.21	Mixup Loss: 0.76	CRL Loss: 0.10	Tot. Loss: 0.99
2025-04-02 09:02:00,347 INFO Epoch 14 	 Batch 199	LR : 0.00604	Top1 Acc.: 92.44	CLS Loss: 0.20	Mixup Loss: 0.76	CRL Loss: 0.10	Tot. Loss: 0.98
2025-04-02 09:03:26,393 INFO Epoch 14 	 Batch 299	LR : 0.00604	Top1 Acc.: 92.50	CLS Loss: 0.22	Mixup Loss: 0.77	CRL Loss: 0.10	Tot. Loss: 1.01
2025-04-02 09:04:52,024 INFO Epoch 14 	 Batch 399	LR : 0.00604	Top1 Acc.: 92.06	CLS Loss: 0.21	Mixup Loss: 0.76	CRL Loss: 0.10	Tot. Loss: 0.99
2025-04-02 09:06:17,791 INFO Epoch 14 	 Batch 499	LR : 0.00604	Top1 Acc.: 92.56	CLS Loss: 0.20	Mixup Loss: 0.76	CRL Loss: 0.09	Tot. Loss: 0.98
2025-04-02 09:07:43,627 INFO Epoch 14 	 Batch 599	LR : 0.00604	Top1 Acc.: 93.25	CLS Loss: 0.20	Mixup Loss: 0.76	CRL Loss: 0.10	Tot. Loss: 0.98
2025-04-02 09:09:09,526 INFO Epoch 14 	 Batch 699	LR : 0.00604	Top1 Acc.: 93.62	CLS Loss: 0.20	Mixup Loss: 0.77	CRL Loss: 0.09	Tot. Loss: 0.99
2025-04-02 09:10:35,223 INFO Epoch 14 	 Batch 799	LR : 0.00604	Top1 Acc.: 92.91	CLS Loss: 0.20	Mixup Loss: 0.79	CRL Loss: 0.10	Tot. Loss: 1.01
2025-04-02 09:12:00,749 INFO Epoch 14 	 Batch 899	LR : 0.00604	Top1 Acc.: 92.94	CLS Loss: 0.21	Mixup Loss: 0.75	CRL Loss: 0.10	Tot. Loss: 0.98
2025-04-02 09:13:26,007 INFO Epoch 14 	 Batch 999	LR : 0.00604	Top1 Acc.: 93.59	CLS Loss: 0.20	Mixup Loss: 0.76	CRL Loss: 0.10	Tot. Loss: 0.97
2025-04-02 09:14:51,690 INFO Epoch 14 	 Batch 1099	LR : 0.00604	Top1 Acc.: 92.66	CLS Loss: 0.21	Mixup Loss: 0.78	CRL Loss: 0.10	Tot. Loss: 1.00
2025-04-02 09:16:16,814 INFO Epoch 14 	 Batch 1199	LR : 0.00604	Top1 Acc.: 92.47	CLS Loss: 0.21	Mixup Loss: 0.77	CRL Loss: 0.10	Tot. Loss: 1.00
2025-04-02 09:17:42,125 INFO Epoch 14 	 Batch 1299	LR : 0.00604	Top1 Acc.: 93.12	CLS Loss: 0.20	Mixup Loss: 0.76	CRL Loss: 0.10	Tot. Loss: 0.98
2025-04-02 09:19:07,057 INFO Epoch 14 	 Batch 1399	LR : 0.00604	Top1 Acc.: 92.19	CLS Loss: 0.22	Mixup Loss: 0.78	CRL Loss: 0.11	Tot. Loss: 1.02
2025-04-02 09:20:30,345 INFO ################## 
 ---> Validation Epoch 14	Acc.: 95.161	FPR: 39.510	AUROC: 93.410	AUPR: 42.568	AURC: 4.803	EAURC: 3.613	AUPR Succ.: 99.624	ECE: 6.550	NLL: 1.715	Brier: 8.077
2025-04-02 09:20:30,348 INFO ####### --- Training Epoch 15 --- #######
2025-04-02 09:21:56,128 INFO Epoch 15 	 Batch 99	LR : 0.00552	Top1 Acc.: 93.50	CLS Loss: 0.20	Mixup Loss: 0.76	CRL Loss: 0.10	Tot. Loss: 0.99
2025-04-02 09:23:21,111 INFO Epoch 15 	 Batch 199	LR : 0.00552	Top1 Acc.: 93.34	CLS Loss: 0.19	Mixup Loss: 0.76	CRL Loss: 0.09	Tot. Loss: 0.97
2025-04-02 09:24:45,904 INFO Epoch 15 	 Batch 299	LR : 0.00552	Top1 Acc.: 93.47	CLS Loss: 0.18	Mixup Loss: 0.76	CRL Loss: 0.09	Tot. Loss: 0.96
2025-04-02 09:26:10,579 INFO Epoch 15 	 Batch 399	LR : 0.00552	Top1 Acc.: 92.78	CLS Loss: 0.21	Mixup Loss: 0.76	CRL Loss: 0.10	Tot. Loss: 0.99
2025-04-02 09:27:35,025 INFO Epoch 15 	 Batch 499	LR : 0.00552	Top1 Acc.: 93.69	CLS Loss: 0.20	Mixup Loss: 0.75	CRL Loss: 0.10	Tot. Loss: 0.97
2025-04-02 09:28:59,908 INFO Epoch 15 	 Batch 599	LR : 0.00552	Top1 Acc.: 93.50	CLS Loss: 0.19	Mixup Loss: 0.77	CRL Loss: 0.10	Tot. Loss: 0.98
2025-04-02 09:30:24,469 INFO Epoch 15 	 Batch 699	LR : 0.00552	Top1 Acc.: 92.19	CLS Loss: 0.21	Mixup Loss: 0.76	CRL Loss: 0.10	Tot. Loss: 0.99
2025-04-02 09:31:48,793 INFO Epoch 15 	 Batch 799	LR : 0.00552	Top1 Acc.: 92.81	CLS Loss: 0.21	Mixup Loss: 0.77	CRL Loss: 0.10	Tot. Loss: 1.01
2025-04-02 09:33:14,450 INFO Epoch 15 	 Batch 899	LR : 0.00552	Top1 Acc.: 92.25	CLS Loss: 0.21	Mixup Loss: 0.78	CRL Loss: 0.10	Tot. Loss: 1.01
2025-04-02 09:34:39,326 INFO Epoch 15 	 Batch 999	LR : 0.00552	Top1 Acc.: 93.00	CLS Loss: 0.19	Mixup Loss: 0.75	CRL Loss: 0.09	Tot. Loss: 0.96
2025-04-02 09:36:03,932 INFO Epoch 15 	 Batch 1099	LR : 0.00552	Top1 Acc.: 92.59	CLS Loss: 0.20	Mixup Loss: 0.77	CRL Loss: 0.10	Tot. Loss: 0.99
2025-04-02 09:37:28,871 INFO Epoch 15 	 Batch 1199	LR : 0.00552	Top1 Acc.: 92.66	CLS Loss: 0.21	Mixup Loss: 0.75	CRL Loss: 0.10	Tot. Loss: 0.98
2025-04-02 09:38:53,667 INFO Epoch 15 	 Batch 1299	LR : 0.00552	Top1 Acc.: 92.88	CLS Loss: 0.21	Mixup Loss: 0.77	CRL Loss: 0.09	Tot. Loss: 1.00
2025-04-02 09:40:18,146 INFO Epoch 15 	 Batch 1399	LR : 0.00552	Top1 Acc.: 92.75	CLS Loss: 0.21	Mixup Loss: 0.77	CRL Loss: 0.10	Tot. Loss: 0.99
2025-04-02 09:41:40,764 INFO ################## 
 ---> Validation Epoch 15	Acc.: 95.685	FPR: 38.824	AUROC: 93.294	AUPR: 38.751	AURC: 4.167	EAURC: 3.223	AUPR Succ.: 99.666	ECE: 7.652	NLL: 1.754	Brier: 7.861
2025-04-02 09:41:40,766 INFO ####### --- Training Epoch 16 --- #######
2025-04-02 09:43:07,028 INFO Epoch 16 	 Batch 99	LR : 0.00500	Top1 Acc.: 92.91	CLS Loss: 0.20	Mixup Loss: 0.77	CRL Loss: 0.09	Tot. Loss: 0.99
2025-04-02 09:44:32,069 INFO Epoch 16 	 Batch 199	LR : 0.00500	Top1 Acc.: 93.75	CLS Loss: 0.19	Mixup Loss: 0.77	CRL Loss: 0.10	Tot. Loss: 0.98
2025-04-02 09:45:57,042 INFO Epoch 16 	 Batch 299	LR : 0.00500	Top1 Acc.: 93.50	CLS Loss: 0.19	Mixup Loss: 0.76	CRL Loss: 0.09	Tot. Loss: 0.97
2025-04-02 09:47:21,709 INFO Epoch 16 	 Batch 399	LR : 0.00500	Top1 Acc.: 92.59	CLS Loss: 0.20	Mixup Loss: 0.76	CRL Loss: 0.10	Tot. Loss: 0.98
2025-04-02 09:48:46,320 INFO Epoch 16 	 Batch 499	LR : 0.00500	Top1 Acc.: 93.34	CLS Loss: 0.19	Mixup Loss: 0.76	CRL Loss: 0.09	Tot. Loss: 0.97
2025-04-02 09:50:10,876 INFO Epoch 16 	 Batch 599	LR : 0.00500	Top1 Acc.: 93.16	CLS Loss: 0.20	Mixup Loss: 0.75	CRL Loss: 0.09	Tot. Loss: 0.97
2025-04-02 09:51:36,093 INFO Epoch 16 	 Batch 699	LR : 0.00500	Top1 Acc.: 92.84	CLS Loss: 0.21	Mixup Loss: 0.77	CRL Loss: 0.10	Tot. Loss: 1.00
2025-04-02 09:53:00,547 INFO Epoch 16 	 Batch 799	LR : 0.00500	Top1 Acc.: 93.16	CLS Loss: 0.20	Mixup Loss: 0.75	CRL Loss: 0.09	Tot. Loss: 0.97
2025-04-02 09:54:25,162 INFO Epoch 16 	 Batch 899	LR : 0.00500	Top1 Acc.: 92.78	CLS Loss: 0.21	Mixup Loss: 0.77	CRL Loss: 0.09	Tot. Loss: 1.00
2025-04-02 09:55:49,292 INFO Epoch 16 	 Batch 999	LR : 0.00500	Top1 Acc.: 93.06	CLS Loss: 0.20	Mixup Loss: 0.77	CRL Loss: 0.10	Tot. Loss: 0.98
2025-04-02 09:57:13,901 INFO Epoch 16 	 Batch 1099	LR : 0.00500	Top1 Acc.: 93.59	CLS Loss: 0.19	Mixup Loss: 0.76	CRL Loss: 0.09	Tot. Loss: 0.97
2025-04-02 09:58:38,332 INFO Epoch 16 	 Batch 1199	LR : 0.00500	Top1 Acc.: 93.62	CLS Loss: 0.19	Mixup Loss: 0.76	CRL Loss: 0.09	Tot. Loss: 0.96
2025-04-02 10:00:02,978 INFO Epoch 16 	 Batch 1299	LR : 0.00500	Top1 Acc.: 92.59	CLS Loss: 0.21	Mixup Loss: 0.77	CRL Loss: 0.10	Tot. Loss: 1.00
2025-04-02 10:01:27,459 INFO Epoch 16 	 Batch 1399	LR : 0.00500	Top1 Acc.: 93.38	CLS Loss: 0.20	Mixup Loss: 0.75	CRL Loss: 0.09	Tot. Loss: 0.97
2025-04-02 10:02:50,386 INFO ################## 
 ---> Validation Epoch 16	Acc.: 95.381	FPR: 52.747	AUROC: 89.630	AUPR: 28.512	AURC: 7.012	EAURC: 5.928	AUPR Succ.: 99.384	ECE: 6.959	NLL: 1.846	Brier: 8.704
2025-04-02 10:02:50,388 INFO ####### --- Training Epoch 17 --- #######
2025-04-02 10:04:16,141 INFO Epoch 17 	 Batch 99	LR : 0.00448	Top1 Acc.: 93.00	CLS Loss: 0.20	Mixup Loss: 0.77	CRL Loss: 0.10	Tot. Loss: 0.99
2025-04-02 10:05:41,298 INFO Epoch 17 	 Batch 199	LR : 0.00448	Top1 Acc.: 93.47	CLS Loss: 0.18	Mixup Loss: 0.75	CRL Loss: 0.09	Tot. Loss: 0.95
2025-04-02 10:07:06,139 INFO Epoch 17 	 Batch 299	LR : 0.00448	Top1 Acc.: 93.34	CLS Loss: 0.20	Mixup Loss: 0.77	CRL Loss: 0.09	Tot. Loss: 0.99
2025-04-02 10:08:31,349 INFO Epoch 17 	 Batch 399	LR : 0.00448	Top1 Acc.: 93.16	CLS Loss: 0.19	Mixup Loss: 0.75	CRL Loss: 0.09	Tot. Loss: 0.96
2025-04-02 10:09:56,899 INFO Epoch 17 	 Batch 499	LR : 0.00448	Top1 Acc.: 93.06	CLS Loss: 0.20	Mixup Loss: 0.77	CRL Loss: 0.09	Tot. Loss: 0.99
2025-04-02 10:11:22,210 INFO Epoch 17 	 Batch 599	LR : 0.00448	Top1 Acc.: 93.78	CLS Loss: 0.19	Mixup Loss: 0.74	CRL Loss: 0.10	Tot. Loss: 0.95
2025-04-02 10:12:46,819 INFO Epoch 17 	 Batch 699	LR : 0.00448	Top1 Acc.: 94.09	CLS Loss: 0.18	Mixup Loss: 0.75	CRL Loss: 0.09	Tot. Loss: 0.95
2025-04-02 10:14:12,062 INFO Epoch 17 	 Batch 799	LR : 0.00448	Top1 Acc.: 92.81	CLS Loss: 0.20	Mixup Loss: 0.75	CRL Loss: 0.09	Tot. Loss: 0.97
2025-04-02 10:15:36,814 INFO Epoch 17 	 Batch 899	LR : 0.00448	Top1 Acc.: 93.78	CLS Loss: 0.19	Mixup Loss: 0.75	CRL Loss: 0.09	Tot. Loss: 0.96
2025-04-02 10:17:01,893 INFO Epoch 17 	 Batch 999	LR : 0.00448	Top1 Acc.: 93.34	CLS Loss: 0.20	Mixup Loss: 0.76	CRL Loss: 0.10	Tot. Loss: 0.98
2025-04-02 10:18:26,808 INFO Epoch 17 	 Batch 1099	LR : 0.00448	Top1 Acc.: 93.03	CLS Loss: 0.20	Mixup Loss: 0.77	CRL Loss: 0.09	Tot. Loss: 0.98
2025-04-02 10:19:51,997 INFO Epoch 17 	 Batch 1199	LR : 0.00448	Top1 Acc.: 93.09	CLS Loss: 0.20	Mixup Loss: 0.76	CRL Loss: 0.09	Tot. Loss: 0.98
2025-04-02 10:21:17,171 INFO Epoch 17 	 Batch 1299	LR : 0.00448	Top1 Acc.: 93.72	CLS Loss: 0.19	Mixup Loss: 0.75	CRL Loss: 0.09	Tot. Loss: 0.96
2025-04-02 10:22:42,297 INFO Epoch 17 	 Batch 1399	LR : 0.00448	Top1 Acc.: 91.97	CLS Loss: 0.21	Mixup Loss: 0.77	CRL Loss: 0.10	Tot. Loss: 0.99
2025-04-02 10:24:05,528 INFO ################## 
 ---> Validation Epoch 17	Acc.: 96.531	FPR: 32.683	AUROC: 94.546	AUPR: 38.378	AURC: 2.667	EAURC: 2.058	AUPR Succ.: 99.789	ECE: 6.780	NLL: 1.480	Brier: 6.428
2025-04-02 10:24:05,529 INFO Accuracy improved from 95.69 to 96.53!!!
2025-04-02 10:24:05,744 INFO ####### --- Training Epoch 18 --- #######
2025-04-02 10:25:31,105 INFO Epoch 18 	 Batch 99	LR : 0.00396	Top1 Acc.: 93.12	CLS Loss: 0.19	Mixup Loss: 0.76	CRL Loss: 0.09	Tot. Loss: 0.97
2025-04-02 10:26:55,776 INFO Epoch 18 	 Batch 199	LR : 0.00396	Top1 Acc.: 93.59	CLS Loss: 0.18	Mixup Loss: 0.76	CRL Loss: 0.09	Tot. Loss: 0.96
2025-04-02 10:28:20,218 INFO Epoch 18 	 Batch 299	LR : 0.00396	Top1 Acc.: 93.62	CLS Loss: 0.18	Mixup Loss: 0.77	CRL Loss: 0.09	Tot. Loss: 0.97
2025-04-02 10:29:44,673 INFO Epoch 18 	 Batch 399	LR : 0.00396	Top1 Acc.: 93.44	CLS Loss: 0.19	Mixup Loss: 0.76	CRL Loss: 0.09	Tot. Loss: 0.97
2025-04-02 10:31:09,319 INFO Epoch 18 	 Batch 499	LR : 0.00396	Top1 Acc.: 93.28	CLS Loss: 0.19	Mixup Loss: 0.75	CRL Loss: 0.09	Tot. Loss: 0.96
2025-04-02 10:32:33,433 INFO Epoch 18 	 Batch 599	LR : 0.00396	Top1 Acc.: 93.41	CLS Loss: 0.20	Mixup Loss: 0.75	CRL Loss: 0.09	Tot. Loss: 0.97
2025-04-02 10:33:57,728 INFO Epoch 18 	 Batch 699	LR : 0.00396	Top1 Acc.: 93.69	CLS Loss: 0.19	Mixup Loss: 0.77	CRL Loss: 0.09	Tot. Loss: 0.98
2025-04-02 10:35:22,109 INFO Epoch 18 	 Batch 799	LR : 0.00396	Top1 Acc.: 93.56	CLS Loss: 0.19	Mixup Loss: 0.76	CRL Loss: 0.10	Tot. Loss: 0.97
2025-04-02 10:36:46,493 INFO Epoch 18 	 Batch 899	LR : 0.00396	Top1 Acc.: 93.41	CLS Loss: 0.20	Mixup Loss: 0.76	CRL Loss: 0.10	Tot. Loss: 0.98
2025-04-02 10:38:10,919 INFO Epoch 18 	 Batch 999	LR : 0.00396	Top1 Acc.: 94.03	CLS Loss: 0.18	Mixup Loss: 0.74	CRL Loss: 0.08	Tot. Loss: 0.94
2025-04-02 10:39:35,344 INFO Epoch 18 	 Batch 1099	LR : 0.00396	Top1 Acc.: 93.50	CLS Loss: 0.19	Mixup Loss: 0.75	CRL Loss: 0.10	Tot. Loss: 0.96
2025-04-02 10:40:59,668 INFO Epoch 18 	 Batch 1199	LR : 0.00396	Top1 Acc.: 94.41	CLS Loss: 0.17	Mixup Loss: 0.74	CRL Loss: 0.09	Tot. Loss: 0.94
2025-04-02 10:42:23,897 INFO Epoch 18 	 Batch 1299	LR : 0.00396	Top1 Acc.: 93.00	CLS Loss: 0.20	Mixup Loss: 0.76	CRL Loss: 0.10	Tot. Loss: 0.98
2025-04-02 10:43:48,469 INFO Epoch 18 	 Batch 1399	LR : 0.00396	Top1 Acc.: 93.25	CLS Loss: 0.18	Mixup Loss: 0.76	CRL Loss: 0.09	Tot. Loss: 0.96
2025-04-02 10:45:11,600 INFO ################## 
 ---> Validation Epoch 18	Acc.: 96.159	FPR: 35.242	AUROC: 93.411	AUPR: 42.708	AURC: 3.650	EAURC: 2.903	AUPR Succ.: 99.700	ECE: 7.964	NLL: 1.679	Brier: 7.486
2025-04-02 10:45:11,603 INFO ####### --- Training Epoch 19 --- #######
2025-04-02 10:46:37,187 INFO Epoch 19 	 Batch 99	LR : 0.00345	Top1 Acc.: 93.50	CLS Loss: 0.19	Mixup Loss: 0.76	CRL Loss: 0.08	Tot. Loss: 0.96
2025-04-02 10:48:02,628 INFO Epoch 19 	 Batch 199	LR : 0.00345	Top1 Acc.: 93.91	CLS Loss: 0.18	Mixup Loss: 0.75	CRL Loss: 0.09	Tot. Loss: 0.95
2025-04-02 10:49:27,089 INFO Epoch 19 	 Batch 299	LR : 0.00345	Top1 Acc.: 93.53	CLS Loss: 0.18	Mixup Loss: 0.75	CRL Loss: 0.09	Tot. Loss: 0.94
2025-04-02 10:50:51,553 INFO Epoch 19 	 Batch 399	LR : 0.00345	Top1 Acc.: 94.00	CLS Loss: 0.19	Mixup Loss: 0.74	CRL Loss: 0.09	Tot. Loss: 0.95
2025-04-02 10:52:15,844 INFO Epoch 19 	 Batch 499	LR : 0.00345	Top1 Acc.: 93.69	CLS Loss: 0.19	Mixup Loss: 0.75	CRL Loss: 0.10	Tot. Loss: 0.97
2025-04-02 10:53:40,627 INFO Epoch 19 	 Batch 599	LR : 0.00345	Top1 Acc.: 94.28	CLS Loss: 0.18	Mixup Loss: 0.75	CRL Loss: 0.09	Tot. Loss: 0.95
2025-04-02 10:55:05,307 INFO Epoch 19 	 Batch 699	LR : 0.00345	Top1 Acc.: 93.84	CLS Loss: 0.18	Mixup Loss: 0.76	CRL Loss: 0.09	Tot. Loss: 0.96
2025-04-02 10:56:29,761 INFO Epoch 19 	 Batch 799	LR : 0.00345	Top1 Acc.: 93.62	CLS Loss: 0.18	Mixup Loss: 0.73	CRL Loss: 0.08	Tot. Loss: 0.93
2025-04-02 10:57:54,409 INFO Epoch 19 	 Batch 899	LR : 0.00345	Top1 Acc.: 93.62	CLS Loss: 0.18	Mixup Loss: 0.76	CRL Loss: 0.09	Tot. Loss: 0.95
2025-04-02 10:59:18,973 INFO Epoch 19 	 Batch 999	LR : 0.00345	Top1 Acc.: 94.06	CLS Loss: 0.18	Mixup Loss: 0.73	CRL Loss: 0.09	Tot. Loss: 0.93
2025-04-02 11:00:43,687 INFO Epoch 19 	 Batch 1099	LR : 0.00345	Top1 Acc.: 94.03	CLS Loss: 0.18	Mixup Loss: 0.74	CRL Loss: 0.09	Tot. Loss: 0.94
2025-04-02 11:02:08,585 INFO Epoch 19 	 Batch 1199	LR : 0.00345	Top1 Acc.: 93.75	CLS Loss: 0.19	Mixup Loss: 0.76	CRL Loss: 0.10	Tot. Loss: 0.96
2025-04-02 11:03:33,829 INFO Epoch 19 	 Batch 1299	LR : 0.00345	Top1 Acc.: 93.66	CLS Loss: 0.18	Mixup Loss: 0.76	CRL Loss: 0.08	Tot. Loss: 0.96
2025-04-02 11:04:58,844 INFO Epoch 19 	 Batch 1399	LR : 0.00345	Top1 Acc.: 93.84	CLS Loss: 0.18	Mixup Loss: 0.74	CRL Loss: 0.09	Tot. Loss: 0.94
2025-04-02 11:06:21,930 INFO ################## 
 ---> Validation Epoch 19	Acc.: 96.447	FPR: 34.286	AUROC: 94.280	AUPR: 39.800	AURC: 2.903	EAURC: 2.265	AUPR Succ.: 99.767	ECE: 6.629	NLL: 1.474	Brier: 6.497
2025-04-02 11:06:21,933 INFO ####### --- Training Epoch 20 --- #######
2025-04-02 11:07:46,718 INFO Epoch 20 	 Batch 99	LR : 0.00297	Top1 Acc.: 94.00	CLS Loss: 0.19	Mixup Loss: 0.74	CRL Loss: 0.09	Tot. Loss: 0.95
2025-04-02 11:09:11,169 INFO Epoch 20 	 Batch 199	LR : 0.00297	Top1 Acc.: 94.12	CLS Loss: 0.18	Mixup Loss: 0.77	CRL Loss: 0.09	Tot. Loss: 0.96
2025-04-02 11:10:35,729 INFO Epoch 20 	 Batch 299	LR : 0.00297	Top1 Acc.: 94.47	CLS Loss: 0.17	Mixup Loss: 0.74	CRL Loss: 0.08	Tot. Loss: 0.93
2025-04-02 11:12:00,105 INFO Epoch 20 	 Batch 399	LR : 0.00297	Top1 Acc.: 93.34	CLS Loss: 0.19	Mixup Loss: 0.75	CRL Loss: 0.09	Tot. Loss: 0.95
2025-04-02 11:13:24,533 INFO Epoch 20 	 Batch 499	LR : 0.00297	Top1 Acc.: 94.16	CLS Loss: 0.18	Mixup Loss: 0.75	CRL Loss: 0.09	Tot. Loss: 0.95
2025-04-02 11:14:49,287 INFO Epoch 20 	 Batch 599	LR : 0.00297	Top1 Acc.: 94.19	CLS Loss: 0.17	Mixup Loss: 0.74	CRL Loss: 0.08	Tot. Loss: 0.93
2025-04-02 11:16:13,966 INFO Epoch 20 	 Batch 699	LR : 0.00297	Top1 Acc.: 94.72	CLS Loss: 0.17	Mixup Loss: 0.75	CRL Loss: 0.08	Tot. Loss: 0.93
2025-04-02 11:17:38,327 INFO Epoch 20 	 Batch 799	LR : 0.00297	Top1 Acc.: 94.34	CLS Loss: 0.17	Mixup Loss: 0.75	CRL Loss: 0.09	Tot. Loss: 0.94
2025-04-02 11:19:02,807 INFO Epoch 20 	 Batch 899	LR : 0.00297	Top1 Acc.: 94.31	CLS Loss: 0.18	Mixup Loss: 0.74	CRL Loss: 0.08	Tot. Loss: 0.94
2025-04-02 11:20:27,361 INFO Epoch 20 	 Batch 999	LR : 0.00297	Top1 Acc.: 94.12	CLS Loss: 0.18	Mixup Loss: 0.75	CRL Loss: 0.08	Tot. Loss: 0.94
2025-04-02 11:21:52,503 INFO Epoch 20 	 Batch 1099	LR : 0.00297	Top1 Acc.: 93.62	CLS Loss: 0.18	Mixup Loss: 0.73	CRL Loss: 0.09	Tot. Loss: 0.93
2025-04-02 11:23:16,948 INFO Epoch 20 	 Batch 1199	LR : 0.00297	Top1 Acc.: 94.25	CLS Loss: 0.17	Mixup Loss: 0.73	CRL Loss: 0.09	Tot. Loss: 0.92
2025-04-02 11:24:41,394 INFO Epoch 20 	 Batch 1299	LR : 0.00297	Top1 Acc.: 94.69	CLS Loss: 0.17	Mixup Loss: 0.74	CRL Loss: 0.08	Tot. Loss: 0.93
2025-04-02 11:26:05,895 INFO Epoch 20 	 Batch 1399	LR : 0.00297	Top1 Acc.: 94.16	CLS Loss: 0.17	Mixup Loss: 0.75	CRL Loss: 0.09	Tot. Loss: 0.94
2025-04-02 11:27:28,986 INFO ################## 
 ---> Validation Epoch 20	Acc.: 96.565	FPR: 33.990	AUROC: 94.382	AUPR: 38.558	AURC: 2.720	EAURC: 2.124	AUPR Succ.: 99.782	ECE: 6.572	NLL: 1.447	Brier: 6.329
2025-04-02 11:27:28,986 INFO Accuracy improved from 96.53 to 96.57!!!
2025-04-02 11:27:29,243 INFO ####### --- Training Epoch 21 --- #######
2025-04-02 11:28:54,221 INFO Epoch 21 	 Batch 99	LR : 0.00250	Top1 Acc.: 94.06	CLS Loss: 0.18	Mixup Loss: 0.75	CRL Loss: 0.09	Tot. Loss: 0.94
2025-04-02 11:30:18,534 INFO Epoch 21 	 Batch 199	LR : 0.00250	Top1 Acc.: 94.81	CLS Loss: 0.16	Mixup Loss: 0.74	CRL Loss: 0.08	Tot. Loss: 0.92
2025-04-02 11:31:43,406 INFO Epoch 21 	 Batch 299	LR : 0.00250	Top1 Acc.: 94.78	CLS Loss: 0.16	Mixup Loss: 0.75	CRL Loss: 0.09	Tot. Loss: 0.93
2025-04-02 11:33:08,000 INFO Epoch 21 	 Batch 399	LR : 0.00250	Top1 Acc.: 94.16	CLS Loss: 0.17	Mixup Loss: 0.75	CRL Loss: 0.08	Tot. Loss: 0.94
2025-04-02 11:34:32,254 INFO Epoch 21 	 Batch 499	LR : 0.00250	Top1 Acc.: 94.34	CLS Loss: 0.17	Mixup Loss: 0.75	CRL Loss: 0.09	Tot. Loss: 0.94
2025-04-02 11:35:56,766 INFO Epoch 21 	 Batch 599	LR : 0.00250	Top1 Acc.: 94.88	CLS Loss: 0.16	Mixup Loss: 0.74	CRL Loss: 0.09	Tot. Loss: 0.92
2025-04-02 11:37:21,290 INFO Epoch 21 	 Batch 699	LR : 0.00250	Top1 Acc.: 94.06	CLS Loss: 0.17	Mixup Loss: 0.73	CRL Loss: 0.09	Tot. Loss: 0.92
2025-04-02 11:38:46,072 INFO Epoch 21 	 Batch 799	LR : 0.00250	Top1 Acc.: 94.06	CLS Loss: 0.17	Mixup Loss: 0.74	CRL Loss: 0.09	Tot. Loss: 0.93
2025-04-02 11:40:11,347 INFO Epoch 21 	 Batch 899	LR : 0.00250	Top1 Acc.: 94.75	CLS Loss: 0.17	Mixup Loss: 0.73	CRL Loss: 0.08	Tot. Loss: 0.92
2025-04-02 11:41:35,786 INFO Epoch 21 	 Batch 999	LR : 0.00250	Top1 Acc.: 94.06	CLS Loss: 0.17	Mixup Loss: 0.75	CRL Loss: 0.09	Tot. Loss: 0.94
2025-04-02 11:43:00,135 INFO Epoch 21 	 Batch 1099	LR : 0.00250	Top1 Acc.: 94.41	CLS Loss: 0.17	Mixup Loss: 0.74	CRL Loss: 0.09	Tot. Loss: 0.93
2025-04-02 11:44:25,077 INFO Epoch 21 	 Batch 1199	LR : 0.00250	Top1 Acc.: 94.19	CLS Loss: 0.17	Mixup Loss: 0.76	CRL Loss: 0.09	Tot. Loss: 0.95
2025-04-02 11:45:49,460 INFO Epoch 21 	 Batch 1299	LR : 0.00250	Top1 Acc.: 94.50	CLS Loss: 0.17	Mixup Loss: 0.73	CRL Loss: 0.08	Tot. Loss: 0.92
2025-04-02 11:47:14,086 INFO Epoch 21 	 Batch 1399	LR : 0.00250	Top1 Acc.: 95.06	CLS Loss: 0.16	Mixup Loss: 0.73	CRL Loss: 0.08	Tot. Loss: 0.90
2025-04-02 11:48:37,003 INFO ################## 
 ---> Validation Epoch 21	Acc.: 97.073	FPR: 31.792	AUROC: 94.717	AUPR: 35.089	AURC: 2.094	EAURC: 1.661	AUPR Succ.: 99.830	ECE: 5.863	NLL: 1.276	Brier: 5.525
2025-04-02 11:48:37,003 INFO Accuracy improved from 96.57 to 97.07!!!
2025-04-02 11:48:37,263 INFO ####### --- Training Epoch 22 --- #######
2025-04-02 11:50:02,868 INFO Epoch 22 	 Batch 99	LR : 0.00206	Top1 Acc.: 94.06	CLS Loss: 0.17	Mixup Loss: 0.75	CRL Loss: 0.09	Tot. Loss: 0.93
2025-04-02 11:51:27,626 INFO Epoch 22 	 Batch 199	LR : 0.00206	Top1 Acc.: 94.88	CLS Loss: 0.16	Mixup Loss: 0.72	CRL Loss: 0.09	Tot. Loss: 0.90
2025-04-02 11:52:52,051 INFO Epoch 22 	 Batch 299	LR : 0.00206	Top1 Acc.: 94.91	CLS Loss: 0.16	Mixup Loss: 0.73	CRL Loss: 0.08	Tot. Loss: 0.91
2025-04-02 11:54:16,754 INFO Epoch 22 	 Batch 399	LR : 0.00206	Top1 Acc.: 94.53	CLS Loss: 0.16	Mixup Loss: 0.74	CRL Loss: 0.08	Tot. Loss: 0.92
2025-04-02 11:55:41,509 INFO Epoch 22 	 Batch 499	LR : 0.00206	Top1 Acc.: 93.91	CLS Loss: 0.17	Mixup Loss: 0.75	CRL Loss: 0.08	Tot. Loss: 0.93
2025-04-02 11:57:06,302 INFO Epoch 22 	 Batch 599	LR : 0.00206	Top1 Acc.: 95.06	CLS Loss: 0.15	Mixup Loss: 0.73	CRL Loss: 0.08	Tot. Loss: 0.90
2025-04-02 11:58:31,730 INFO Epoch 22 	 Batch 699	LR : 0.00206	Top1 Acc.: 94.62	CLS Loss: 0.16	Mixup Loss: 0.74	CRL Loss: 0.09	Tot. Loss: 0.92
2025-04-02 11:59:56,466 INFO Epoch 22 	 Batch 799	LR : 0.00206	Top1 Acc.: 94.78	CLS Loss: 0.16	Mixup Loss: 0.73	CRL Loss: 0.08	Tot. Loss: 0.91
2025-04-02 12:01:21,381 INFO Epoch 22 	 Batch 899	LR : 0.00206	Top1 Acc.: 93.97	CLS Loss: 0.17	Mixup Loss: 0.73	CRL Loss: 0.09	Tot. Loss: 0.92
2025-04-02 12:02:46,248 INFO Epoch 22 	 Batch 999	LR : 0.00206	Top1 Acc.: 94.47	CLS Loss: 0.16	Mixup Loss: 0.73	CRL Loss: 0.08	Tot. Loss: 0.90
2025-04-02 12:04:10,998 INFO Epoch 22 	 Batch 1099	LR : 0.00206	Top1 Acc.: 95.19	CLS Loss: 0.15	Mixup Loss: 0.74	CRL Loss: 0.08	Tot. Loss: 0.90
2025-04-02 12:05:35,587 INFO Epoch 22 	 Batch 1199	LR : 0.00206	Top1 Acc.: 94.31	CLS Loss: 0.17	Mixup Loss: 0.74	CRL Loss: 0.09	Tot. Loss: 0.93
2025-04-02 12:07:00,520 INFO Epoch 22 	 Batch 1299	LR : 0.00206	Top1 Acc.: 95.47	CLS Loss: 0.16	Mixup Loss: 0.75	CRL Loss: 0.09	Tot. Loss: 0.92
2025-04-02 12:08:25,344 INFO Epoch 22 	 Batch 1399	LR : 0.00206	Top1 Acc.: 94.53	CLS Loss: 0.16	Mixup Loss: 0.74	CRL Loss: 0.09	Tot. Loss: 0.92
2025-04-02 12:09:48,170 INFO ################## 
 ---> Validation Epoch 22	Acc.: 96.565	FPR: 31.527	AUROC: 93.561	AUPR: 36.952	AURC: 3.115	EAURC: 2.518	AUPR Succ.: 99.741	ECE: 5.939	NLL: 1.388	Brier: 6.060
2025-04-02 12:09:48,173 INFO ####### --- Training Epoch 23 --- #######
2025-04-02 12:11:14,097 INFO Epoch 23 	 Batch 99	LR : 0.00165	Top1 Acc.: 95.00	CLS Loss: 0.15	Mixup Loss: 0.73	CRL Loss: 0.08	Tot. Loss: 0.90
2025-04-02 12:12:39,286 INFO Epoch 23 	 Batch 199	LR : 0.00165	Top1 Acc.: 94.31	CLS Loss: 0.16	Mixup Loss: 0.73	CRL Loss: 0.08	Tot. Loss: 0.91
2025-04-02 12:14:04,514 INFO Epoch 23 	 Batch 299	LR : 0.00165	Top1 Acc.: 94.41	CLS Loss: 0.16	Mixup Loss: 0.74	CRL Loss: 0.08	Tot. Loss: 0.92
2025-04-02 12:15:29,785 INFO Epoch 23 	 Batch 399	LR : 0.00165	Top1 Acc.: 95.19	CLS Loss: 0.15	Mixup Loss: 0.73	CRL Loss: 0.08	Tot. Loss: 0.90
2025-04-02 12:16:55,195 INFO Epoch 23 	 Batch 499	LR : 0.00165	Top1 Acc.: 94.75	CLS Loss: 0.16	Mixup Loss: 0.73	CRL Loss: 0.09	Tot. Loss: 0.91
2025-04-02 12:18:20,555 INFO Epoch 23 	 Batch 599	LR : 0.00165	Top1 Acc.: 95.19	CLS Loss: 0.15	Mixup Loss: 0.73	CRL Loss: 0.08	Tot. Loss: 0.89
2025-04-02 12:19:45,656 INFO Epoch 23 	 Batch 699	LR : 0.00165	Top1 Acc.: 94.78	CLS Loss: 0.15	Mixup Loss: 0.73	CRL Loss: 0.08	Tot. Loss: 0.90
2025-04-02 12:21:11,453 INFO Epoch 23 	 Batch 799	LR : 0.00165	Top1 Acc.: 94.53	CLS Loss: 0.16	Mixup Loss: 0.71	CRL Loss: 0.08	Tot. Loss: 0.89
2025-04-02 12:22:36,447 INFO Epoch 23 	 Batch 899	LR : 0.00165	Top1 Acc.: 94.94	CLS Loss: 0.16	Mixup Loss: 0.71	CRL Loss: 0.08	Tot. Loss: 0.89
2025-04-02 12:24:01,374 INFO Epoch 23 	 Batch 999	LR : 0.00165	Top1 Acc.: 95.03	CLS Loss: 0.17	Mixup Loss: 0.72	CRL Loss: 0.08	Tot. Loss: 0.90
2025-04-02 12:25:25,127 INFO Epoch 23 	 Batch 1099	LR : 0.00165	Top1 Acc.: 94.28	CLS Loss: 0.17	Mixup Loss: 0.72	CRL Loss: 0.09	Tot. Loss: 0.91
2025-04-02 12:26:49,037 INFO Epoch 23 	 Batch 1199	LR : 0.00165	Top1 Acc.: 95.25	CLS Loss: 0.14	Mixup Loss: 0.72	CRL Loss: 0.08	Tot. Loss: 0.88
2025-04-02 12:28:12,617 INFO Epoch 23 	 Batch 1299	LR : 0.00165	Top1 Acc.: 94.72	CLS Loss: 0.16	Mixup Loss: 0.74	CRL Loss: 0.09	Tot. Loss: 0.92
2025-04-02 12:29:36,522 INFO Epoch 23 	 Batch 1399	LR : 0.00165	Top1 Acc.: 94.59	CLS Loss: 0.16	Mixup Loss: 0.73	CRL Loss: 0.08	Tot. Loss: 0.91
2025-04-02 12:36:56,866 INFO ################## 
 ---> Validation Epoch 23	Acc.: 97.208	FPR: 24.848	AUROC: 95.711	AUPR: 39.509	AURC: 1.681	EAURC: 1.288	AUPR Succ.: 99.868	ECE: 2.477	NLL: 0.882	Brier: 4.292
2025-04-02 12:36:56,866 INFO Accuracy improved from 97.07 to 97.21!!!
2025-04-02 12:36:57,125 INFO ####### --- Training Epoch 24 --- #######
2025-04-02 12:38:22,156 INFO Epoch 24 	 Batch 99	LR : 0.00174	Top1 Acc.: 95.12	CLS Loss: 0.16	Mixup Loss: 0.72	CRL Loss: 0.08	Tot. Loss: 0.89
2025-04-02 12:39:46,051 INFO Epoch 24 	 Batch 199	LR : 0.00174	Top1 Acc.: 95.28	CLS Loss: 0.15	Mixup Loss: 0.72	CRL Loss: 0.08	Tot. Loss: 0.89
2025-04-02 12:41:09,994 INFO Epoch 24 	 Batch 299	LR : 0.00174	Top1 Acc.: 95.03	CLS Loss: 0.15	Mixup Loss: 0.74	CRL Loss: 0.09	Tot. Loss: 0.90
2025-04-02 12:42:34,278 INFO Epoch 24 	 Batch 399	LR : 0.00174	Top1 Acc.: 95.28	CLS Loss: 0.15	Mixup Loss: 0.74	CRL Loss: 0.08	Tot. Loss: 0.90
2025-04-02 12:43:58,977 INFO Epoch 24 	 Batch 499	LR : 0.00174	Top1 Acc.: 94.88	CLS Loss: 0.15	Mixup Loss: 0.74	CRL Loss: 0.09	Tot. Loss: 0.91
2025-04-02 12:45:23,895 INFO Epoch 24 	 Batch 599	LR : 0.00174	Top1 Acc.: 95.06	CLS Loss: 0.15	Mixup Loss: 0.73	CRL Loss: 0.08	Tot. Loss: 0.90
2025-04-02 12:46:48,328 INFO Epoch 24 	 Batch 699	LR : 0.00174	Top1 Acc.: 95.06	CLS Loss: 0.15	Mixup Loss: 0.72	CRL Loss: 0.07	Tot. Loss: 0.88
2025-04-02 12:48:12,839 INFO Epoch 24 	 Batch 799	LR : 0.00174	Top1 Acc.: 94.88	CLS Loss: 0.16	Mixup Loss: 0.74	CRL Loss: 0.08	Tot. Loss: 0.92
2025-04-02 12:49:37,162 INFO Epoch 24 	 Batch 899	LR : 0.00174	Top1 Acc.: 94.84	CLS Loss: 0.16	Mixup Loss: 0.74	CRL Loss: 0.09	Tot. Loss: 0.92
2025-04-02 12:51:01,669 INFO Epoch 24 	 Batch 999	LR : 0.00174	Top1 Acc.: 94.59	CLS Loss: 0.16	Mixup Loss: 0.73	CRL Loss: 0.08	Tot. Loss: 0.90
2025-04-02 12:52:26,387 INFO Epoch 24 	 Batch 1099	LR : 0.00174	Top1 Acc.: 94.91	CLS Loss: 0.15	Mixup Loss: 0.74	CRL Loss: 0.08	Tot. Loss: 0.91
2025-04-02 12:53:51,031 INFO Epoch 24 	 Batch 1199	LR : 0.00174	Top1 Acc.: 94.34	CLS Loss: 0.16	Mixup Loss: 0.73	CRL Loss: 0.08	Tot. Loss: 0.90
2025-04-02 12:55:15,674 INFO Epoch 24 	 Batch 1299	LR : 0.00174	Top1 Acc.: 95.00	CLS Loss: 0.15	Mixup Loss: 0.72	CRL Loss: 0.07	Tot. Loss: 0.89
2025-04-02 12:56:40,160 INFO Epoch 24 	 Batch 1399	LR : 0.00174	Top1 Acc.: 94.94	CLS Loss: 0.16	Mixup Loss: 0.73	CRL Loss: 0.09	Tot. Loss: 0.91
2025-04-02 13:04:08,782 INFO ################## 
 ---> Validation Epoch 24	Acc.: 97.445	FPR: 23.179	AUROC: 96.193	AUPR: 43.482	AURC: 1.370	EAURC: 1.041	AUPR Succ.: 99.894	ECE: 2.168	NLL: 0.798	Brier: 3.898
2025-04-02 13:04:08,783 INFO Accuracy improved from 97.21 to 97.45!!!
2025-04-02 13:04:09,032 INFO ####### --- Training Epoch 25 --- #######
2025-04-02 13:05:34,063 INFO Epoch 25 	 Batch 99	LR : 0.00197	Top1 Acc.: 95.03	CLS Loss: 0.16	Mixup Loss: 0.75	CRL Loss: 0.08	Tot. Loss: 0.93
2025-04-02 13:06:59,062 INFO Epoch 25 	 Batch 199	LR : 0.00197	Top1 Acc.: 94.88	CLS Loss: 0.16	Mixup Loss: 0.73	CRL Loss: 0.08	Tot. Loss: 0.91
2025-04-02 13:08:24,185 INFO Epoch 25 	 Batch 299	LR : 0.00197	Top1 Acc.: 95.06	CLS Loss: 0.15	Mixup Loss: 0.72	CRL Loss: 0.07	Tot. Loss: 0.88
2025-04-02 13:09:49,907 INFO Epoch 25 	 Batch 399	LR : 0.00197	Top1 Acc.: 95.16	CLS Loss: 0.14	Mixup Loss: 0.73	CRL Loss: 0.08	Tot. Loss: 0.89
2025-04-02 13:11:15,391 INFO Epoch 25 	 Batch 499	LR : 0.00197	Top1 Acc.: 95.22	CLS Loss: 0.15	Mixup Loss: 0.74	CRL Loss: 0.08	Tot. Loss: 0.90
2025-04-02 13:12:41,288 INFO Epoch 25 	 Batch 599	LR : 0.00197	Top1 Acc.: 94.88	CLS Loss: 0.16	Mixup Loss: 0.73	CRL Loss: 0.08	Tot. Loss: 0.90
2025-04-02 13:14:06,841 INFO Epoch 25 	 Batch 699	LR : 0.00197	Top1 Acc.: 95.00	CLS Loss: 0.15	Mixup Loss: 0.72	CRL Loss: 0.08	Tot. Loss: 0.89
2025-04-02 13:15:32,089 INFO Epoch 25 	 Batch 799	LR : 0.00197	Top1 Acc.: 94.88	CLS Loss: 0.15	Mixup Loss: 0.73	CRL Loss: 0.08	Tot. Loss: 0.90
2025-04-02 13:16:57,191 INFO Epoch 25 	 Batch 899	LR : 0.00197	Top1 Acc.: 94.78	CLS Loss: 0.16	Mixup Loss: 0.74	CRL Loss: 0.08	Tot. Loss: 0.92
2025-04-02 13:18:22,277 INFO Epoch 25 	 Batch 999	LR : 0.00197	Top1 Acc.: 94.28	CLS Loss: 0.16	Mixup Loss: 0.73	CRL Loss: 0.08	Tot. Loss: 0.91
2025-04-02 13:19:47,405 INFO Epoch 25 	 Batch 1099	LR : 0.00197	Top1 Acc.: 94.12	CLS Loss: 0.17	Mixup Loss: 0.75	CRL Loss: 0.09	Tot. Loss: 0.94
2025-04-02 13:21:12,786 INFO Epoch 25 	 Batch 1199	LR : 0.00197	Top1 Acc.: 94.31	CLS Loss: 0.17	Mixup Loss: 0.73	CRL Loss: 0.09	Tot. Loss: 0.92
2025-04-02 13:22:38,195 INFO Epoch 25 	 Batch 1299	LR : 0.00197	Top1 Acc.: 94.38	CLS Loss: 0.16	Mixup Loss: 0.73	CRL Loss: 0.08	Tot. Loss: 0.90
2025-04-02 13:24:02,994 INFO Epoch 25 	 Batch 1399	LR : 0.00197	Top1 Acc.: 94.97	CLS Loss: 0.15	Mixup Loss: 0.72	CRL Loss: 0.08	Tot. Loss: 0.89
2025-04-02 13:31:32,266 INFO ################## 
 ---> Validation Epoch 25	Acc.: 97.648	FPR: 23.741	AUROC: 96.178	AUPR: 38.221	AURC: 1.239	EAURC: 0.960	AUPR Succ.: 99.902	ECE: 1.988	NLL: 0.766	Brier: 3.724
2025-04-02 13:31:32,267 INFO Accuracy improved from 97.45 to 97.65!!!
2025-04-02 13:31:32,565 INFO ####### --- Training Epoch 26 --- #######
2025-04-02 13:32:57,411 INFO Epoch 26 	 Batch 99	LR : 0.00234	Top1 Acc.: 94.69	CLS Loss: 0.16	Mixup Loss: 0.72	CRL Loss: 0.08	Tot. Loss: 0.90
2025-04-02 13:34:21,682 INFO Epoch 26 	 Batch 199	LR : 0.00234	Top1 Acc.: 94.88	CLS Loss: 0.16	Mixup Loss: 0.74	CRL Loss: 0.08	Tot. Loss: 0.91
2025-04-02 13:35:46,141 INFO Epoch 26 	 Batch 299	LR : 0.00234	Top1 Acc.: 94.97	CLS Loss: 0.15	Mixup Loss: 0.74	CRL Loss: 0.08	Tot. Loss: 0.91
2025-04-02 13:37:10,912 INFO Epoch 26 	 Batch 399	LR : 0.00234	Top1 Acc.: 94.44	CLS Loss: 0.16	Mixup Loss: 0.74	CRL Loss: 0.08	Tot. Loss: 0.92
2025-04-02 13:38:35,759 INFO Epoch 26 	 Batch 499	LR : 0.00234	Top1 Acc.: 94.81	CLS Loss: 0.17	Mixup Loss: 0.75	CRL Loss: 0.08	Tot. Loss: 0.93
2025-04-02 13:40:00,858 INFO Epoch 26 	 Batch 599	LR : 0.00234	Top1 Acc.: 94.44	CLS Loss: 0.16	Mixup Loss: 0.73	CRL Loss: 0.08	Tot. Loss: 0.90
2025-04-02 13:41:25,099 INFO Epoch 26 	 Batch 699	LR : 0.00234	Top1 Acc.: 95.06	CLS Loss: 0.15	Mixup Loss: 0.72	CRL Loss: 0.08	Tot. Loss: 0.89
2025-04-02 13:42:50,129 INFO Epoch 26 	 Batch 799	LR : 0.00234	Top1 Acc.: 94.97	CLS Loss: 0.15	Mixup Loss: 0.74	CRL Loss: 0.08	Tot. Loss: 0.91
2025-04-02 13:44:15,795 INFO Epoch 26 	 Batch 899	LR : 0.00234	Top1 Acc.: 94.97	CLS Loss: 0.15	Mixup Loss: 0.72	CRL Loss: 0.08	Tot. Loss: 0.89
2025-04-02 13:45:39,908 INFO Epoch 26 	 Batch 999	LR : 0.00234	Top1 Acc.: 94.47	CLS Loss: 0.17	Mixup Loss: 0.74	CRL Loss: 0.08	Tot. Loss: 0.92
2025-04-02 13:47:03,698 INFO Epoch 26 	 Batch 1099	LR : 0.00234	Top1 Acc.: 94.88	CLS Loss: 0.16	Mixup Loss: 0.74	CRL Loss: 0.08	Tot. Loss: 0.91
2025-04-02 13:48:27,685 INFO Epoch 26 	 Batch 1199	LR : 0.00234	Top1 Acc.: 94.94	CLS Loss: 0.17	Mixup Loss: 0.74	CRL Loss: 0.08	Tot. Loss: 0.92
2025-04-02 13:49:51,591 INFO Epoch 26 	 Batch 1299	LR : 0.00234	Top1 Acc.: 94.12	CLS Loss: 0.17	Mixup Loss: 0.74	CRL Loss: 0.09	Tot. Loss: 0.93
2025-04-02 13:51:15,858 INFO Epoch 26 	 Batch 1399	LR : 0.00234	Top1 Acc.: 94.59	CLS Loss: 0.17	Mixup Loss: 0.75	CRL Loss: 0.08	Tot. Loss: 0.94
2025-04-02 13:58:43,840 INFO ################## 
 ---> Validation Epoch 26	Acc.: 97.530	FPR: 20.548	AUROC: 96.243	AUPR: 40.798	AURC: 1.303	EAURC: 0.995	AUPR Succ.: 99.899	ECE: 1.956	NLL: 0.769	Brier: 3.789
2025-04-02 13:58:43,843 INFO ####### --- Training Epoch 27 --- #######
2025-04-02 14:00:08,635 INFO Epoch 27 	 Batch 99	LR : 0.00281	Top1 Acc.: 94.81	CLS Loss: 0.16	Mixup Loss: 0.74	CRL Loss: 0.08	Tot. Loss: 0.91
2025-04-02 14:01:33,743 INFO Epoch 27 	 Batch 199	LR : 0.00281	Top1 Acc.: 94.44	CLS Loss: 0.17	Mixup Loss: 0.74	CRL Loss: 0.08	Tot. Loss: 0.93
2025-04-02 14:02:57,556 INFO Epoch 27 	 Batch 299	LR : 0.00281	Top1 Acc.: 94.34	CLS Loss: 0.18	Mixup Loss: 0.75	CRL Loss: 0.09	Tot. Loss: 0.95
2025-04-02 14:04:21,367 INFO Epoch 27 	 Batch 399	LR : 0.00281	Top1 Acc.: 94.91	CLS Loss: 0.16	Mixup Loss: 0.73	CRL Loss: 0.07	Tot. Loss: 0.91
2025-04-02 14:05:45,273 INFO Epoch 27 	 Batch 499	LR : 0.00281	Top1 Acc.: 93.78	CLS Loss: 0.18	Mixup Loss: 0.73	CRL Loss: 0.08	Tot. Loss: 0.93
2025-04-02 14:07:09,343 INFO Epoch 27 	 Batch 599	LR : 0.00281	Top1 Acc.: 94.31	CLS Loss: 0.17	Mixup Loss: 0.74	CRL Loss: 0.08	Tot. Loss: 0.92
2025-04-02 14:08:33,425 INFO Epoch 27 	 Batch 699	LR : 0.00281	Top1 Acc.: 94.53	CLS Loss: 0.17	Mixup Loss: 0.74	CRL Loss: 0.08	Tot. Loss: 0.92
2025-04-02 14:09:57,447 INFO Epoch 27 	 Batch 799	LR : 0.00281	Top1 Acc.: 94.88	CLS Loss: 0.16	Mixup Loss: 0.73	CRL Loss: 0.08	Tot. Loss: 0.91
2025-04-02 14:11:21,180 INFO Epoch 27 	 Batch 899	LR : 0.00281	Top1 Acc.: 94.12	CLS Loss: 0.17	Mixup Loss: 0.75	CRL Loss: 0.07	Tot. Loss: 0.93
2025-04-02 14:12:44,771 INFO Epoch 27 	 Batch 999	LR : 0.00281	Top1 Acc.: 93.88	CLS Loss: 0.18	Mixup Loss: 0.74	CRL Loss: 0.09	Tot. Loss: 0.93
2025-04-02 14:14:09,095 INFO Epoch 27 	 Batch 1099	LR : 0.00281	Top1 Acc.: 93.94	CLS Loss: 0.18	Mixup Loss: 0.75	CRL Loss: 0.08	Tot. Loss: 0.94
2025-04-02 14:15:32,971 INFO Epoch 27 	 Batch 1199	LR : 0.00281	Top1 Acc.: 94.59	CLS Loss: 0.17	Mixup Loss: 0.75	CRL Loss: 0.07	Tot. Loss: 0.94
2025-04-02 14:16:57,285 INFO Epoch 27 	 Batch 1299	LR : 0.00281	Top1 Acc.: 93.34	CLS Loss: 0.18	Mixup Loss: 0.75	CRL Loss: 0.08	Tot. Loss: 0.95
2025-04-02 14:18:21,287 INFO Epoch 27 	 Batch 1399	LR : 0.00281	Top1 Acc.: 95.16	CLS Loss: 0.17	Mixup Loss: 0.73	CRL Loss: 0.07	Tot. Loss: 0.91
2025-04-02 14:25:48,943 INFO ################## 
 ---> Validation Epoch 27	Acc.: 97.496	FPR: 20.946	AUROC: 96.301	AUPR: 43.067	AURC: 1.308	EAURC: 0.992	AUPR Succ.: 99.899	ECE: 1.969	NLL: 0.773	Brier: 3.804
2025-04-02 14:25:48,946 INFO ####### --- Training Epoch 28 --- #######
2025-04-02 14:27:13,686 INFO Epoch 28 	 Batch 99	LR : 0.00333	Top1 Acc.: 94.16	CLS Loss: 0.17	Mixup Loss: 0.75	CRL Loss: 0.08	Tot. Loss: 0.93
2025-04-02 14:28:38,112 INFO Epoch 28 	 Batch 199	LR : 0.00333	Top1 Acc.: 93.81	CLS Loss: 0.18	Mixup Loss: 0.73	CRL Loss: 0.08	Tot. Loss: 0.93
2025-04-02 14:30:02,326 INFO Epoch 28 	 Batch 299	LR : 0.00333	Top1 Acc.: 94.00	CLS Loss: 0.18	Mixup Loss: 0.74	CRL Loss: 0.08	Tot. Loss: 0.94
2025-04-02 14:31:26,384 INFO Epoch 28 	 Batch 399	LR : 0.00333	Top1 Acc.: 93.59	CLS Loss: 0.19	Mixup Loss: 0.75	CRL Loss: 0.08	Tot. Loss: 0.96
2025-04-02 14:32:50,836 INFO Epoch 28 	 Batch 499	LR : 0.00333	Top1 Acc.: 93.94	CLS Loss: 0.18	Mixup Loss: 0.77	CRL Loss: 0.08	Tot. Loss: 0.96
2025-04-02 14:34:15,495 INFO Epoch 28 	 Batch 599	LR : 0.00333	Top1 Acc.: 94.16	CLS Loss: 0.19	Mixup Loss: 0.76	CRL Loss: 0.08	Tot. Loss: 0.96
2025-04-02 14:35:40,038 INFO Epoch 28 	 Batch 699	LR : 0.00333	Top1 Acc.: 93.72	CLS Loss: 0.18	Mixup Loss: 0.75	CRL Loss: 0.08	Tot. Loss: 0.94
2025-04-02 14:37:04,523 INFO Epoch 28 	 Batch 799	LR : 0.00333	Top1 Acc.: 93.38	CLS Loss: 0.19	Mixup Loss: 0.76	CRL Loss: 0.08	Tot. Loss: 0.96
2025-04-02 14:38:29,604 INFO Epoch 28 	 Batch 899	LR : 0.00333	Top1 Acc.: 94.25	CLS Loss: 0.18	Mixup Loss: 0.74	CRL Loss: 0.07	Tot. Loss: 0.93
2025-04-02 14:39:53,909 INFO Epoch 28 	 Batch 999	LR : 0.00333	Top1 Acc.: 94.53	CLS Loss: 0.17	Mixup Loss: 0.76	CRL Loss: 0.07	Tot. Loss: 0.94
2025-04-02 14:41:18,131 INFO Epoch 28 	 Batch 1099	LR : 0.00333	Top1 Acc.: 93.91	CLS Loss: 0.18	Mixup Loss: 0.74	CRL Loss: 0.08	Tot. Loss: 0.94
2025-04-02 14:42:41,993 INFO Epoch 28 	 Batch 1199	LR : 0.00333	Top1 Acc.: 94.16	CLS Loss: 0.18	Mixup Loss: 0.76	CRL Loss: 0.08	Tot. Loss: 0.96
2025-04-02 14:44:05,864 INFO Epoch 28 	 Batch 1299	LR : 0.00333	Top1 Acc.: 94.19	CLS Loss: 0.17	Mixup Loss: 0.75	CRL Loss: 0.07	Tot. Loss: 0.93
2025-04-02 14:45:30,004 INFO Epoch 28 	 Batch 1399	LR : 0.00333	Top1 Acc.: 93.66	CLS Loss: 0.18	Mixup Loss: 0.76	CRL Loss: 0.08	Tot. Loss: 0.95
2025-04-02 14:52:55,123 INFO ################## 
 ---> Validation Epoch 28	Acc.: 97.428	FPR: 21.711	AUROC: 96.463	AUPR: 48.998	AURC: 1.310	EAURC: 0.976	AUPR Succ.: 99.900	ECE: 2.052	NLL: 0.773	Brier: 3.809
2025-04-02 14:52:55,126 INFO ####### --- Training Epoch 29 --- #######
2025-04-02 14:54:18,570 INFO Epoch 29 	 Batch 99	LR : 0.00384	Top1 Acc.: 93.66	CLS Loss: 0.19	Mixup Loss: 0.75	CRL Loss: 0.08	Tot. Loss: 0.95
2025-04-02 14:55:42,366 INFO Epoch 29 	 Batch 199	LR : 0.00384	Top1 Acc.: 92.47	CLS Loss: 0.21	Mixup Loss: 0.76	CRL Loss: 0.08	Tot. Loss: 0.99
2025-04-02 14:57:05,297 INFO Epoch 29 	 Batch 299	LR : 0.00384	Top1 Acc.: 93.88	CLS Loss: 0.18	Mixup Loss: 0.75	CRL Loss: 0.08	Tot. Loss: 0.94
2025-04-02 14:58:28,214 INFO Epoch 29 	 Batch 399	LR : 0.00384	Top1 Acc.: 93.69	CLS Loss: 0.19	Mixup Loss: 0.76	CRL Loss: 0.08	Tot. Loss: 0.96
2025-04-02 14:59:51,010 INFO Epoch 29 	 Batch 499	LR : 0.00384	Top1 Acc.: 93.66	CLS Loss: 0.19	Mixup Loss: 0.76	CRL Loss: 0.08	Tot. Loss: 0.97
2025-04-02 15:01:14,346 INFO Epoch 29 	 Batch 599	LR : 0.00384	Top1 Acc.: 94.31	CLS Loss: 0.17	Mixup Loss: 0.74	CRL Loss: 0.07	Tot. Loss: 0.93
2025-04-02 15:02:37,704 INFO Epoch 29 	 Batch 699	LR : 0.00384	Top1 Acc.: 92.47	CLS Loss: 0.21	Mixup Loss: 0.75	CRL Loss: 0.08	Tot. Loss: 0.98
2025-04-02 15:04:01,016 INFO Epoch 29 	 Batch 799	LR : 0.00384	Top1 Acc.: 93.72	CLS Loss: 0.19	Mixup Loss: 0.77	CRL Loss: 0.07	Tot. Loss: 0.96
2025-04-02 15:05:24,196 INFO Epoch 29 	 Batch 899	LR : 0.00384	Top1 Acc.: 93.44	CLS Loss: 0.20	Mixup Loss: 0.75	CRL Loss: 0.08	Tot. Loss: 0.96
2025-04-02 15:06:47,403 INFO Epoch 29 	 Batch 999	LR : 0.00384	Top1 Acc.: 93.50	CLS Loss: 0.19	Mixup Loss: 0.75	CRL Loss: 0.07	Tot. Loss: 0.96
2025-04-02 15:08:10,476 INFO Epoch 29 	 Batch 1099	LR : 0.00384	Top1 Acc.: 93.56	CLS Loss: 0.18	Mixup Loss: 0.75	CRL Loss: 0.07	Tot. Loss: 0.95
2025-04-02 15:09:33,645 INFO Epoch 29 	 Batch 1199	LR : 0.00384	Top1 Acc.: 93.81	CLS Loss: 0.19	Mixup Loss: 0.74	CRL Loss: 0.07	Tot. Loss: 0.95
2025-04-02 15:10:56,367 INFO Epoch 29 	 Batch 1299	LR : 0.00384	Top1 Acc.: 92.75	CLS Loss: 0.20	Mixup Loss: 0.77	CRL Loss: 0.08	Tot. Loss: 0.99
2025-04-02 15:12:19,561 INFO Epoch 29 	 Batch 1399	LR : 0.00384	Top1 Acc.: 93.28	CLS Loss: 0.19	Mixup Loss: 0.75	CRL Loss: 0.08	Tot. Loss: 0.96
2025-04-02 15:19:44,301 INFO ################## 
 ---> Validation Epoch 29	Acc.: 97.428	FPR: 21.711	AUROC: 96.359	AUPR: 43.726	AURC: 1.340	EAURC: 1.006	AUPR Succ.: 99.897	ECE: 1.985	NLL: 0.782	Brier: 3.858
2025-04-02 15:19:44,303 INFO ####### --- Training Epoch 30 --- #######
2025-04-02 15:21:07,689 INFO Epoch 30 	 Batch 99	LR : 0.00431	Top1 Acc.: 93.94	CLS Loss: 0.18	Mixup Loss: 0.75	CRL Loss: 0.07	Tot. Loss: 0.94
2025-04-02 15:22:30,638 INFO Epoch 30 	 Batch 199	LR : 0.00431	Top1 Acc.: 92.88	CLS Loss: 0.21	Mixup Loss: 0.76	CRL Loss: 0.08	Tot. Loss: 0.98
2025-04-02 15:23:53,458 INFO Epoch 30 	 Batch 299	LR : 0.00431	Top1 Acc.: 93.09	CLS Loss: 0.20	Mixup Loss: 0.77	CRL Loss: 0.08	Tot. Loss: 0.99
2025-04-02 15:25:16,383 INFO Epoch 30 	 Batch 399	LR : 0.00431	Top1 Acc.: 93.56	CLS Loss: 0.19	Mixup Loss: 0.75	CRL Loss: 0.08	Tot. Loss: 0.96
2025-04-02 15:26:39,176 INFO Epoch 30 	 Batch 499	LR : 0.00431	Top1 Acc.: 93.22	CLS Loss: 0.20	Mixup Loss: 0.76	CRL Loss: 0.08	Tot. Loss: 0.98
2025-04-02 15:28:02,518 INFO Epoch 30 	 Batch 599	LR : 0.00431	Top1 Acc.: 93.19	CLS Loss: 0.20	Mixup Loss: 0.76	CRL Loss: 0.08	Tot. Loss: 0.98
2025-04-02 15:29:25,455 INFO Epoch 30 	 Batch 699	LR : 0.00431	Top1 Acc.: 92.66	CLS Loss: 0.20	Mixup Loss: 0.76	CRL Loss: 0.07	Tot. Loss: 0.98
2025-04-02 15:30:48,697 INFO Epoch 30 	 Batch 799	LR : 0.00431	Top1 Acc.: 93.50	CLS Loss: 0.20	Mixup Loss: 0.76	CRL Loss: 0.08	Tot. Loss: 0.98
2025-04-02 15:32:11,992 INFO Epoch 30 	 Batch 899	LR : 0.00431	Top1 Acc.: 93.19	CLS Loss: 0.20	Mixup Loss: 0.76	CRL Loss: 0.08	Tot. Loss: 0.98
2025-04-02 15:33:35,805 INFO Epoch 30 	 Batch 999	LR : 0.00431	Top1 Acc.: 93.38	CLS Loss: 0.20	Mixup Loss: 0.76	CRL Loss: 0.08	Tot. Loss: 0.98
2025-04-02 15:34:58,862 INFO Epoch 30 	 Batch 1099	LR : 0.00431	Top1 Acc.: 93.66	CLS Loss: 0.19	Mixup Loss: 0.76	CRL Loss: 0.07	Tot. Loss: 0.96
2025-04-02 15:36:22,136 INFO Epoch 30 	 Batch 1199	LR : 0.00431	Top1 Acc.: 91.69	CLS Loss: 0.21	Mixup Loss: 0.77	CRL Loss: 0.08	Tot. Loss: 1.00
2025-04-02 15:37:45,829 INFO Epoch 30 	 Batch 1299	LR : 0.00431	Top1 Acc.: 93.16	CLS Loss: 0.20	Mixup Loss: 0.77	CRL Loss: 0.08	Tot. Loss: 0.98
2025-04-02 15:39:10,233 INFO Epoch 30 	 Batch 1399	LR : 0.00431	Top1 Acc.: 92.81	CLS Loss: 0.20	Mixup Loss: 0.76	CRL Loss: 0.08	Tot. Loss: 0.98
2025-04-02 15:46:34,489 INFO ################## 
 ---> Validation Epoch 30	Acc.: 97.394	FPR: 20.130	AUROC: 96.410	AUPR: 46.526	AURC: 1.343	EAURC: 1.001	AUPR Succ.: 99.898	ECE: 2.014	NLL: 0.786	Brier: 3.881
2025-04-02 15:46:34,491 INFO ####### --- Training Epoch 31 --- #######
2025-04-02 15:48:00,759 INFO Epoch 31 	 Batch 99	LR : 0.00468	Top1 Acc.: 93.38	CLS Loss: 0.20	Mixup Loss: 0.77	CRL Loss: 0.08	Tot. Loss: 0.99
2025-04-02 15:49:27,247 INFO Epoch 31 	 Batch 199	LR : 0.00468	Top1 Acc.: 92.88	CLS Loss: 0.21	Mixup Loss: 0.77	CRL Loss: 0.08	Tot. Loss: 1.00
2025-04-02 15:50:54,122 INFO Epoch 31 	 Batch 299	LR : 0.00468	Top1 Acc.: 93.75	CLS Loss: 0.19	Mixup Loss: 0.76	CRL Loss: 0.08	Tot. Loss: 0.97
2025-04-02 15:52:21,206 INFO Epoch 31 	 Batch 399	LR : 0.00468	Top1 Acc.: 93.03	CLS Loss: 0.21	Mixup Loss: 0.77	CRL Loss: 0.08	Tot. Loss: 1.00
2025-04-02 15:53:47,802 INFO Epoch 31 	 Batch 499	LR : 0.00468	Top1 Acc.: 92.88	CLS Loss: 0.21	Mixup Loss: 0.77	CRL Loss: 0.07	Tot. Loss: 1.00
2025-04-02 15:55:14,257 INFO Epoch 31 	 Batch 599	LR : 0.00468	Top1 Acc.: 92.03	CLS Loss: 0.22	Mixup Loss: 0.78	CRL Loss: 0.09	Tot. Loss: 1.02
2025-04-02 15:56:40,422 INFO Epoch 31 	 Batch 699	LR : 0.00468	Top1 Acc.: 92.66	CLS Loss: 0.21	Mixup Loss: 0.77	CRL Loss: 0.08	Tot. Loss: 0.99
2025-04-02 15:58:06,787 INFO Epoch 31 	 Batch 799	LR : 0.00468	Top1 Acc.: 92.38	CLS Loss: 0.20	Mixup Loss: 0.77	CRL Loss: 0.08	Tot. Loss: 0.99
2025-04-02 15:59:33,301 INFO Epoch 31 	 Batch 899	LR : 0.00468	Top1 Acc.: 92.53	CLS Loss: 0.21	Mixup Loss: 0.77	CRL Loss: 0.08	Tot. Loss: 1.00
2025-04-02 16:01:00,279 INFO Epoch 31 	 Batch 999	LR : 0.00468	Top1 Acc.: 93.44	CLS Loss: 0.20	Mixup Loss: 0.76	CRL Loss: 0.07	Tot. Loss: 0.97
2025-04-02 16:02:26,922 INFO Epoch 31 	 Batch 1099	LR : 0.00468	Top1 Acc.: 92.28	CLS Loss: 0.21	Mixup Loss: 0.78	CRL Loss: 0.08	Tot. Loss: 1.01
2025-04-02 16:03:53,356 INFO Epoch 31 	 Batch 1199	LR : 0.00468	Top1 Acc.: 92.41	CLS Loss: 0.20	Mixup Loss: 0.76	CRL Loss: 0.07	Tot. Loss: 0.98
2025-04-02 16:05:19,835 INFO Epoch 31 	 Batch 1299	LR : 0.00468	Top1 Acc.: 92.31	CLS Loss: 0.21	Mixup Loss: 0.77	CRL Loss: 0.08	Tot. Loss: 1.00
2025-04-02 16:06:46,388 INFO Epoch 31 	 Batch 1399	LR : 0.00468	Top1 Acc.: 92.56	CLS Loss: 0.22	Mixup Loss: 0.76	CRL Loss: 0.09	Tot. Loss: 1.00
2025-04-02 16:14:04,771 INFO ################## 
 ---> Validation Epoch 31	Acc.: 97.394	FPR: 21.429	AUROC: 96.346	AUPR: 45.200	AURC: 1.358	EAURC: 1.016	AUPR Succ.: 99.896	ECE: 1.960	NLL: 0.787	Brier: 3.899
2025-05-09 16:18:26,988 INFO Testing model_1 ...
2025-05-09 16:18:27,781 INFO Using efficientnet_b2 ...
2025-05-09 16:18:36,183 INFO ################## 
 ---> Test MSP results	Acc.: 96.433	FPR: 27.014	AUROC: 94.735	AUPR: 44.687	AURC: 2.749	EAURC: 2.105	AUPR Succ.: 99.783	ECE: 1.550	NLL: 1.001	Brier: 5.182
