{"0":"2005360012_000230.svs","level":"info","message":"请求的文件","timestamp":"2025-04-29 15:12:53"}
{"0":"2005360012_000230.svs","1":"2004409012_141125.svs","level":"info","message":"请求的文件","timestamp":"2025-04-29 15:14:21"}
{"level":"info","message":"请求的文件夹路径: E:/Downloads/slides","timestamp":"2025-04-29 15:48:59"}
{"0":"1726363012.svs","1":"2001549007_101728.svs","2":"2004409012_141125.svs","level":"info","message":"请求的文件","timestamp":"2025-04-29 15:49:01"}
{"0":"2004409012_141125.svs","level":"info","message":"请求的文件","timestamp":"2025-04-29 15:49:12"}
{"level":"error","message":"执行 Python 脚本时出错: Command failed: python E:\\Code\\WSI\\BackEnd\\algorithm\\main.py --slide_folder E:/Downloads/slides --slide_file_name 2004409012_141125.svs --isNormalized normalized --justOriginSegmented True\nTraceback (most recent call last):\r\n  File \"E:/Code/WSI/BackEnd\\algorithm\\fast-stain-normalization\\source\\__main__.py\", line 4, in <module>\r\n    import torchstain\r\nModuleNotFoundError: No module named 'torchstain'\r\nTraceback (most recent call last):\r\n  File \"E:\\Code\\WSI\\BackEnd\\algorithm\\main.py\", line 108, in <module>\r\n    seg_patch(slide_folder, slide_file_name, patches_base_folder, model_patch_size, model_name, dict_name, isSegmented, isNormalized, justOriginSegmented)\r\n  File \"E:\\Code\\WSI\\BackEnd\\algorithm\\main.py\", line 59, in seg_patch\r\n    df, patch_size, res_dir = predict(slide_folder, slide_file_name, isNormalized, used_patches_folder)\r\n  File \"E:\\Code\\WSI\\BackEnd\\algorithm\\src\\predict.py\", line 271, in predict\r\n    df['y'] = df['patch'].apply(lambda p: int(p.split('_')[0]))\r\n  File \"D:\\Develop\\AnaConda\\envs\\SURE\\lib\\site-packages\\pandas\\core\\frame.py\", line 3761, in __getitem__\r\n    indexer = self.columns.get_loc(key)\r\n  File \"D:\\Develop\\AnaConda\\envs\\SURE\\lib\\site-packages\\pandas\\core\\indexes\\range.py\", line 349, in get_loc\r\n    raise KeyError(key)\r\nKeyError: 'patch'\r\n","timestamp":"2025-04-29 15:49:35"}
{"level":"info","message":"请求的文件夹路径: E:/Downloads/slides","timestamp":"2025-04-29 16:24:08"}
{"0":"1726363012.svs","level":"info","message":"请求的文件","timestamp":"2025-04-29 16:24:16"}
{"0":"1726363012.svs","1":"2001549007_101728.svs","level":"info","message":"请求的文件","timestamp":"2025-04-29 16:24:17"}
{"0":"1726363012.svs","1":"2001549007_101728.svs","2":"2004409012_141125.svs","level":"info","message":"请求的文件","timestamp":"2025-04-29 16:24:18"}
{"0":"2004409012_141125.svs","level":"info","message":"请求的文件","timestamp":"2025-04-29 16:24:40"}
{"level":"info","message":"请求的文件夹路径: E:/Downloads/slides","timestamp":"2025-04-29 16:26:41"}
{"0":"2004409012_141125.svs","level":"info","message":"请求的文件","timestamp":"2025-04-29 16:26:55"}
{"0":"2004409012_141125.svs","level":"info","message":"请求的文件","timestamp":"2025-04-29 16:27:58"}
{"0":"2004409012_141125.svs","level":"info","message":"请求的文件","timestamp":"2025-04-29 16:28:05"}
{"0":"2004409012_141125.svs","level":"info","message":"请求的文件","timestamp":"2025-04-29 19:53:45"}
{"0":"2004409012_141125.svs","level":"info","message":"请求的文件","timestamp":"2025-04-29 19:55:36"}
{"0":"2004409012_141125.svs","level":"info","message":"请求的文件","timestamp":"2025-04-29 19:59:19"}
{"0":"2004409012_141125.svs","level":"info","message":"请求的文件","timestamp":"2025-04-29 21:07:33"}
{"0":"2004409012_141125.svs","level":"info","message":"请求的文件","timestamp":"2025-04-29 21:07:41"}
{"0":"2004409012_141125.svs","level":"info","message":"请求的文件","timestamp":"2025-04-29 21:08:00"}
{"level":"info","message":"请求的文件夹路径: E:/Downloads/slides","timestamp":"2025-04-30 11:44:14"}
{"0":"2001549007_101728.svs","1":"1726363012.svs","2":"2004409012_141125.svs","level":"info","message":"请求的文件","timestamp":"2025-04-30 11:44:18"}
{"0":"2004409012_141125.svs","1":"2004641017_223701.svs","level":"info","message":"请求的文件","timestamp":"2025-04-30 11:44:23"}
{"0":"2004641017_223701.svs","1":"2100064008_112515.svs","2":"2005360012_000230.svs","3":"2105274011_221716.svs","level":"info","message":"请求的文件","timestamp":"2025-04-30 11:44:56"}
{"0":"2004641017_223701.svs","1":"2100064008_112515.svs","2":"2005360012_000230.svs","3":"2105274011_221716.svs","level":"info","message":"请求的文件","timestamp":"2025-04-30 11:45:03"}
{"0":"1726363012.svs","1":"2001549007_101728.svs","2":"2004409012_141125.svs","level":"info","message":"请求的文件","timestamp":"2025-04-30 11:45:29"}
{"0":"1726363012.svs","1":"2001549007_101728.svs","2":"2004409012_141125.svs","3":"2004641017_223701.svs","4":"2005360012_000230.svs","5":"2100064008_112515.svs","6":"2105274011_221716.svs","level":"info","message":"请求的文件","timestamp":"2025-04-30 11:45:36"}
{"0":"2004409012_141125.svs","1":"2001549007_101728.svs","2":"1726363012.svs","level":"info","message":"请求的文件","timestamp":"2025-04-30 11:45:45"}
{"0":"2004409012_141125.svs","1":"2001549007_101728.svs","2":"1726363012.svs","level":"info","message":"请求的文件","timestamp":"2025-04-30 11:45:48"}
{"level":"error","message":"提取原图片时出错: Command failed: python E:\\Code\\WSI\\BackEnd\\algorithm\\utils\\extractPng.py --slide_folder \"E:/Downloads/slides\" --slide_file_name \"2105274011_221716.svs\"\npython: can't open file 'E:\\Code\\WSI\\BackEnd\\algorithm\\utils\\extractPng.py': [Errno 2] No such file or directory\n","timestamp":"2025-04-30 11:50:31"}
{"level":"info","message":"请求的文件夹路径: E:/Downloads/slides","timestamp":"2025-04-30 11:57:39"}
{"0":"2100064008_112515.svs","1":"2004641017_223701.svs","2":"2004409012_141125.svs","3":"2001549007_101728.svs","4":"1726363012.svs","level":"info","message":"请求的文件","timestamp":"2025-04-30 11:57:54"}
{"0":"2004409012_141125.svs","1":"2001549007_101728.svs","2":"1726363012.svs","level":"info","message":"请求的文件","timestamp":"2025-04-30 11:58:08"}
{"level":"info","message":"请求的文件夹路径: E:/Downloads/slides","timestamp":"2025-04-30 12:02:57"}
{"0":"1726363012.svs","1":"2001549007_101728.svs","2":"2004409012_141125.svs","3":"2004641017_223701.svs","4":"2005360012_000230.svs","5":"2100064008_112515.svs","level":"info","message":"请求的文件","timestamp":"2025-04-30 12:03:02"}
{"0":"1726363012.svs","1":"2001549007_101728.svs","2":"2004409012_141125.svs","3":"2004641017_223701.svs","4":"2005360012_000230.svs","5":"2100064008_112515.svs","level":"info","message":"请求的文件","timestamp":"2025-04-30 12:03:03"}
{"0":"1726363012.svs","1":"2001549007_101728.svs","2":"2004409012_141125.svs","level":"info","message":"请求的文件","timestamp":"2025-04-30 12:03:14"}
{"level":"error","message":"提取原图片时出错: Command failed: python E:\\Code\\WSI\\BackEnd\\algorithm\\utils\\extractPng.py --slide_folder \"E:/Downloads/slides\" --slide_file_name \"2105274011_221716.svs\"\npython: can't open file 'E:\\Code\\WSI\\BackEnd\\algorithm\\utils\\extractPng.py': [Errno 2] No such file or directory\n","timestamp":"2025-04-30 12:09:28"}
{"level":"info","message":"请求的文件夹路径: E:/Downloads/slides","timestamp":"2025-04-30 12:10:51"}
{"0":"1726363012.svs","1":"2001549007_101728.svs","2":"2004409012_141125.svs","3":"2004641017_223701.svs","4":"2005360012_000230.svs","level":"info","message":"请求的文件","timestamp":"2025-04-30 12:11:08"}
{"0":"1726363012.svs","1":"2001549007_101728.svs","2":"2004409012_141125.svs","3":"2004641017_223701.svs","4":"2005360012_000230.svs","level":"info","message":"请求的文件","timestamp":"2025-04-30 12:11:15"}
{"0":"1726363012.svs","1":"2001549007_101728.svs","2":"2004409012_141125.svs","3":"2004641017_223701.svs","4":"2005360012_000230.svs","5":"2100064008_112515.svs","6":"2105274011_221716.svs","level":"info","message":"请求的文件","timestamp":"2025-04-30 12:11:25"}
{"level":"error","message":"提取原图片时出错: Command failed: python E:\\Code\\WSI\\BackEnd\\algorithm\\src\\extractPng.py --slide_folder \"E:/Downloads/slides\" --slide_file_name \"2105274011_221716.svs\"\nTraceback (most recent call last):\r\n  File \"E:\\Code\\WSI\\BackEnd\\algorithm\\src\\extractPng.py\", line 6, in <module>\r\n    from utils.myLogger import setup_logger\r\nModuleNotFoundError: No module named 'utils'\r\n","timestamp":"2025-04-30 12:11:45"}
{"level":"error","message":"提取原图片时出错: Command failed: python E:\\Code\\WSI\\BackEnd\\algorithm\\src\\extractPng.py --slide_folder \"E:/Downloads/slides\" --slide_file_name \"2105274011_221716.svs\"\nTraceback (most recent call last):\r\n  File \"E:\\Code\\WSI\\BackEnd\\algorithm\\src\\extractPng.py\", line 6, in <module>\r\n    from algorithm.utils.myLogger import setup_logger\r\nModuleNotFoundError: No module named 'algorithm'\r\n","timestamp":"2025-04-30 12:13:10"}
{"level":"error","message":"提取原图片时出错: Command failed: python E:\\Code\\WSI\\BackEnd\\algorithm\\src\\extractPng.py --slide_folder \"E:/Downloads/slides\" --slide_file_name \"2105274011_221716.svs\"\nTraceback (most recent call last):\r\n  File \"E:\\Code\\WSI\\BackEnd\\algorithm\\src\\extractPng.py\", line 6, in <module>\r\n    from ..utils.myLogger import setup_logger\r\nImportError: attempted relative import with no known parent package\r\n","timestamp":"2025-04-30 12:13:33"}
{"level":"info","message":"请求的文件夹路径: E:/Downloads/slides","timestamp":"2025-04-30 13:23:04"}
{"level":"error","message":"提取原图片时出错: Command failed: python E:\\Code\\WSI\\BackEnd\\algorithm\\src\\extractPng.py --slide_folder \"E:/Downloads/slides\" --slide_file_name \"2105274011_221716.svs\"\nTraceback (most recent call last):\r\n  File \"E:\\Code\\WSI\\BackEnd\\algorithm\\src\\extractPng.py\", line 8, in <module>\r\n    from utils.myLogger import setup_logger\r\nModuleNotFoundError: No module named 'utils'\r\n","timestamp":"2025-04-30 13:23:08"}
{"level":"error","message":"提取原图片时出错: Command failed: python E:\\Code\\WSI\\BackEnd\\algorithm\\src\\extractPng.py --slide_folder \"E:/Downloads/slides\" --slide_file_name \"2105274011_221716.svs\"\nTraceback (most recent call last):\r\n  File \"E:\\Code\\WSI\\BackEnd\\algorithm\\src\\extractPng.py\", line 9, in <module>\r\n    from utils.myLogger import setup_logger\r\nModuleNotFoundError: No module named 'utils'\r\n","timestamp":"2025-04-30 13:24:04"}
