2025-04-30 11:44:47,066 - python_logger - INFO - 请求处理patch: {'slide_fold': 'E:/Downloads/slides', 'slide_files_name': '2004641017_223701', 'model_patch_size': 256, 'dict_name': 'default', 'isNormalized': 'notNormalized'}
2025-04-30 11:44:47,093 - python_logger - INFO - 开始分割 patch：2004641017_223701
2025-04-30 11:45:00,324 - python_logger - INFO - 请求处理patch: {'slide_fold': 'E:/Downloads/slides', 'slide_files_name': '2100064008_112515', 'model_patch_size': 256, 'dict_name': 'default', 'isNormalized': 'notNormalized'}
2025-04-30 11:45:00,324 - python_logger - INFO - 开始分割 patch：2100064008_112515
2025-04-30 11:49:38,799 - python_logger - INFO - a slide cost Time: 0:04:38.475403
2025-04-30 11:49:45,575 - python_logger - WARNING - Warning: Directory E:/Code/WSI/slidePatches\slides_2100064008_112515\origin-256\Other does not exist. Skipping.
2025-04-30 11:49:45,575 - python_logger - WARNING - Warning: Directory E:/Code/WSI/slidePatches\slides_2100064008_112515\origin-256\Stroma does not exist. Skipping.
2025-04-30 11:49:45,575 - python_logger - WARNING - Warning: Directory E:/Code/WSI/slidePatches\slides_2100064008_112515\origin-256\Tumor does not exist. Skipping.
2025-04-30 11:49:45,668 - python_logger - INFO - start prediction for 2100064008_112515...
2025-04-30 11:56:16,239 - python_logger - INFO - predict for 2100064008_112515 cost time: 0:06:30.570435
2025-04-30 11:56:16,245 - python_logger - INFO - start merging 2100064008_112515...
2025-04-30 11:56:17,897 - python_logger - INFO - a slide cost Time: 0:11:30.804251
2025-04-30 11:56:19,626 - python_logger - WARNING - Warning: Directory E:/Code/WSI/slidePatches\slides_2004641017_223701\origin-256\Other does not exist. Skipping.
2025-04-30 11:56:19,627 - python_logger - WARNING - Warning: Directory E:/Code/WSI/slidePatches\slides_2004641017_223701\origin-256\Stroma does not exist. Skipping.
2025-04-30 11:56:19,627 - python_logger - WARNING - Warning: Directory E:/Code/WSI/slidePatches\slides_2004641017_223701\origin-256\Tumor does not exist. Skipping.
2025-04-30 11:56:20,327 - python_logger - INFO - start prediction for 2004641017_223701...
2025-04-30 11:56:29,070 - python_logger - INFO - merge for 2100064008_112515 cost time: 0:00:12.825351
2025-04-30 11:56:29,124 - python_logger - INFO - 开始计算TSR：2100064008_112515
2025-04-30 11:56:29,204 - python_logger - INFO - Slide: 2100064008_112515
2025-04-30 11:56:29,204 - python_logger - INFO - Stroma patches: 29
2025-04-30 11:56:29,204 - python_logger - INFO - Tumor patches: 535
2025-04-30 11:56:29,204 - python_logger - INFO - TSR: 5.14%
2025-04-30 11:56:30,168 - python_logger - WARNING - No suitable hotspot found for 2100064008_112515.
2025-04-30 11:56:30,198 - python_logger - INFO - 完成处理patch: 2100064008_112515
2025-04-30 11:56:40,807 - python_logger - INFO - 请求处理patch: {'slide_fold': 'E:/Downloads/slides', 'slide_files_name': '2005360012_000230', 'model_patch_size': 256, 'dict_name': 'default', 'isNormalized': 'notNormalized'}
2025-04-30 11:56:40,807 - python_logger - INFO - 开始分割 patch：2005360012_000230
2025-04-30 12:08:43,554 - python_logger - INFO - predict for 2004641017_223701 cost time: 0:12:23.226210
2025-04-30 12:08:43,565 - python_logger - INFO - start merging 2004641017_223701...
2025-04-30 12:08:56,712 - python_logger - INFO - merge for 2004641017_223701 cost time: 0:00:13.146987
2025-04-30 12:08:56,744 - python_logger - INFO - 开始计算TSR：2004641017_223701
2025-04-30 12:08:56,905 - python_logger - INFO - Slide: 2004641017_223701
2025-04-30 12:08:56,905 - python_logger - INFO - Stroma patches: 25786
2025-04-30 12:08:56,905 - python_logger - INFO - Tumor patches: 5646
2025-04-30 12:08:56,905 - python_logger - INFO - TSR: 82.04%
2025-04-30 12:08:59,667 - python_logger - INFO - Slide: 2004641017_223701
2025-04-30 12:08:59,668 - python_logger - INFO - Hotspot center (grid coords): (60, 140)
2025-04-30 12:08:59,668 - python_logger - INFO - Hotspot TSR: 68.97%
2025-04-30 12:09:01,007 - python_logger - INFO - 完成处理patch: 2004641017_223701
2025-04-30 12:09:35,601 - python_logger - INFO - 请求处理patch: {'slide_fold': 'E:/Downloads/slides', 'slide_files_name': '2105274011_221716', 'model_patch_size': 256, 'dict_name': 'default', 'isNormalized': 'notNormalized'}
2025-04-30 12:09:35,602 - python_logger - INFO - 开始分割 patch：2105274011_221716
2025-04-30 12:11:11,537 - python_logger - INFO - 请求处理patch: {'slide_fold': 'E:/Downloads/slides', 'slide_files_name': '1726363012', 'model_patch_size': 256, 'dict_name': 'default', 'isNormalized': 'normalized'}
2025-04-30 12:11:11,537 - python_logger - INFO - 开始标准化 patch：1726363012
2025-04-30 12:11:18,283 - python_logger - INFO - 请求处理patch: {'slide_fold': 'E:/Downloads/slides', 'slide_files_name': '2001549007_101728', 'model_patch_size': 256, 'dict_name': 'default', 'isNormalized': 'normalized'}
2025-04-30 12:11:18,283 - python_logger - INFO - 开始标准化 patch：2001549007_101728
2025-04-30 13:24:34,355 - python_logger - INFO - Extracted lowest resolution image from E:/Downloads/slides\2105274011_221716.svs and saved to E:/Code/WSI/BackEnd\public/originImage\slides_2105274011_221716.png
2025-04-30 14:49:43,271 - python_logger - INFO - 请求处理patch: {'slide_fold': 'E:/Downloads/slides', 'slide_files_name': '2005360012_000230', 'model_patch_size': 256, 'dict_name': 'default', 'isNormalized': 'notNormalized'}
2025-04-30 14:49:43,271 - python_logger - INFO - 开始分割 patch：2005360012_000230
2025-04-30 14:49:49,392 - python_logger - INFO - 请求处理patch: {'slide_fold': 'E:/Downloads/slides', 'slide_files_name': '2105274011_221716', 'model_patch_size': 256, 'dict_name': 'default', 'isNormalized': 'notNormalized'}
2025-04-30 14:49:49,392 - python_logger - INFO - 开始分割 patch：2105274011_221716
2025-04-30 16:24:44,446 - python_logger - INFO - Extracted lowest resolution image from E:/Downloads/slides\1726363012.svs and saved to E:/Code/WSI/BackEnd\public/originImage\slides_1726363012.png
2025-04-30 16:24:49,613 - python_logger - INFO - Extracted lowest resolution image from E:/Downloads/slides\2001549007_101728.svs and saved to E:/Code/WSI/BackEnd\public/originImage\slides_2001549007_101728.png
2025-04-30 16:24:52,040 - python_logger - INFO - Extracted lowest resolution image from E:/Downloads/slides\2004409012_141125.svs and saved to E:/Code/WSI/BackEnd\public/originImage\slides_2004409012_141125.png
2025-04-30 17:47:28,096 - python_logger - INFO - Extracted lowest resolution image from E:/Downloads/slides\2004641017_223701.svs and saved to E:/Code/WSI/BackEnd\public/originImage\slides_2004641017_223701.png
2025-04-30 17:47:49,852 - python_logger - INFO - 请求处理patch: {'slide_fold': 'E:/Downloads/slides', 'slide_files_name': '1726363012', 'model_patch_size': 256, 'dict_name': 'default', 'isNormalized': 'normalized'}
2025-04-30 17:47:49,853 - python_logger - INFO - 开始标准化 patch：1726363012
2025-04-30 17:47:53,544 - python_logger - INFO - 请求处理patch: {'slide_fold': 'E:/Downloads/slides', 'slide_files_name': '2001549007_101728', 'model_patch_size': 256, 'dict_name': 'default', 'isNormalized': 'normalized'}
2025-04-30 17:47:53,544 - python_logger - INFO - 开始标准化 patch：2001549007_101728
2025-04-30 17:52:54,439 - python_logger - INFO - 请求处理patch: {'slide_fold': 'E:/Downloads/slides', 'slide_files_name': '2005360012_000230', 'model_patch_size': 256, 'dict_name': 'default', 'isNormalized': 'notNormalized'}
2025-04-30 17:52:54,439 - python_logger - INFO - 开始分割 patch：2005360012_000230
2025-04-30 17:53:12,708 - python_logger - INFO - Extracted lowest resolution image from E:/Downloads/slides\2105274011_221716.svs and saved to E:/Code/WSI/BackEnd\public/originImage\slides_2105274011_221716.png
2025-04-30 17:53:15,877 - python_logger - INFO - Extracted lowest resolution image from E:/Downloads/slides\2005360012_000230.svs and saved to E:/Code/WSI/BackEnd\public/originImage\slides_2005360012_000230.png
2025-04-30 17:53:16,854 - python_logger - INFO - Extracted lowest resolution image from E:/Downloads/slides\2100064008_112515.svs and saved to E:/Code/WSI/BackEnd\public/originImage\slides_2100064008_112515.png
2025-04-30 17:53:50,739 - python_logger - INFO - 请求处理patch: {'slide_fold': 'E:/Downloads/slides', 'slide_files_name': '2105274011_221716', 'model_patch_size': 256, 'dict_name': 'default', 'isNormalized': 'notNormalized'}
2025-04-30 17:53:50,739 - python_logger - INFO - 开始分割 patch：2105274011_221716
