2025-04-23 13:10:15,022 INFO {
    "alpha": 0.5,
    "batch_size": 96,
    "cos_temp": 8,
    "crl_weight": 0.2,
    "data_name": "WSI",
    "deit_path": "/home/liyuting/lyt/deit_base_patch16_224-b5f2ef4d.pth",
    "epochs": 40,
    "fine_tune_epochs": 20,
    "fine_tune_lr": 0.01,
    "gpu": "2,6",
    "imb_factor": 1.0,
    "lr": 0.01,
    "mixup_beta": 10.0,
    "mixup_weight": 1.0,
    "model_name": "resnet50",
    "momentum": 0.9,
    "nb_cls": 3,
    "nb_run": 1,
    "nb_worker": 4,
    "optim_name": "fmfp",
    "p": 2,
    "resume": false,
    "resume_path": null,
    "reweighting_type": null,
    "save_dir": "./WSI-output",
    "subcommand": "WSI",
    "swa_epoch_start": 30,
    "swa_lr": 0.005,
    "t": 1.0,
    "test_dir": "/home/zyf/Projects/WSI/Datasets/WSI-Normal-ref-patch-fast/test",
    "train_dir": "/home/zyf/Projects/WSI/Datasets/WSI-Normal-ref-patch-fast/train",
    "train_size": 224,
    "use_cosine": true,
    "val_dir": "/home/zyf/Projects/WSI/Datasets/WSI-Normal-ref-patch-fast/val",
    "weight_decay": 0.0005
}
2025-04-23 13:10:15,243 INFO ####################################################################################################
1 / 1 Running
2025-04-23 13:10:16,861 INFO Using resnet50 ...
2025-04-23 13:10:16,891 INFO ####### --- Training Epoch 1 --- #######
2025-04-23 13:11:54,652 INFO Epoch 1 	 Batch 99	LR : 0.01000	Top1 Acc.: 71.69	CLS Loss: 0.66	Mixup Loss: 0.96	CRL Loss: 0.00	Tot. Loss: 1.62
2025-04-23 13:13:36,336 INFO Epoch 1 	 Batch 199	LR : 0.01000	Top1 Acc.: 80.53	CLS Loss: 0.52	Mixup Loss: 0.89	CRL Loss: 0.00	Tot. Loss: 1.42
2025-04-23 13:15:24,784 INFO Epoch 1 	 Batch 299	LR : 0.01000	Top1 Acc.: 82.07	CLS Loss: 0.48	Mixup Loss: 0.88	CRL Loss: 0.00	Tot. Loss: 1.36
2025-04-23 13:17:15,782 INFO Epoch 1 	 Batch 399	LR : 0.01000	Top1 Acc.: 83.33	CLS Loss: 0.44	Mixup Loss: 0.86	CRL Loss: 0.00	Tot. Loss: 1.30
2025-04-23 13:19:05,458 INFO ################## 
 ---> Validation Epoch 1	Acc.: 83.460	FPR: 78.279	AUROC: 81.608	AUPR: 41.092	AURC: 50.884	EAURC: 36.383	AUPR Succ.: 95.845	ECE: 4.290	NLL: 4.158	Brier: 23.825
2025-04-23 13:19:05,459 INFO Accuracy improved from 0.00 to 83.46!!!
2025-04-23 13:19:06,189 INFO ####### --- Training Epoch 2 --- #######
2025-04-23 13:20:57,749 INFO Epoch 2 	 Batch 99	LR : 0.00998	Top1 Acc.: 84.30	CLS Loss: 0.41	Mixup Loss: 0.85	CRL Loss: 0.28	Tot. Loss: 1.32
2025-04-23 13:22:49,127 INFO Epoch 2 	 Batch 199	LR : 0.00998	Top1 Acc.: 85.72	CLS Loss: 0.39	Mixup Loss: 0.84	CRL Loss: 0.28	Tot. Loss: 1.28
2025-04-23 13:24:40,250 INFO Epoch 2 	 Batch 299	LR : 0.00998	Top1 Acc.: 85.46	CLS Loss: 0.38	Mixup Loss: 0.84	CRL Loss: 0.28	Tot. Loss: 1.27
2025-04-23 13:26:31,596 INFO Epoch 2 	 Batch 399	LR : 0.00998	Top1 Acc.: 85.72	CLS Loss: 0.37	Mixup Loss: 0.83	CRL Loss: 0.29	Tot. Loss: 1.27
2025-04-23 13:28:20,044 INFO ################## 
 ---> Validation Epoch 2	Acc.: 88.883	FPR: 66.159	AUROC: 87.188	AUPR: 43.179	AURC: 23.349	EAURC: 16.928	AUPR Succ.: 98.146	ECE: 6.921	NLL: 3.213	Brier: 17.082
2025-04-23 13:28:20,045 INFO Accuracy improved from 83.46 to 88.88!!!
2025-04-23 13:28:20,773 INFO ####### --- Training Epoch 3 --- #######
2025-04-23 13:30:11,599 INFO Epoch 3 	 Batch 99	LR : 0.00994	Top1 Acc.: 86.35	CLS Loss: 0.35	Mixup Loss: 0.83	CRL Loss: 0.21	Tot. Loss: 1.22
2025-04-23 13:32:02,428 INFO Epoch 3 	 Batch 199	LR : 0.00994	Top1 Acc.: 87.18	CLS Loss: 0.35	Mixup Loss: 0.82	CRL Loss: 0.21	Tot. Loss: 1.21
2025-04-23 13:33:52,832 INFO Epoch 3 	 Batch 299	LR : 0.00994	Top1 Acc.: 86.51	CLS Loss: 0.35	Mixup Loss: 0.83	CRL Loss: 0.22	Tot. Loss: 1.23
2025-04-23 13:35:43,229 INFO Epoch 3 	 Batch 399	LR : 0.00994	Top1 Acc.: 87.26	CLS Loss: 0.33	Mixup Loss: 0.82	CRL Loss: 0.22	Tot. Loss: 1.19
2025-04-23 13:37:31,000 INFO ################## 
 ---> Validation Epoch 3	Acc.: 89.493	FPR: 61.290	AUROC: 87.720	AUPR: 45.830	AURC: 20.901	EAURC: 15.178	AUPR Succ.: 98.345	ECE: 6.305	NLL: 3.035	Brier: 16.030
2025-04-23 13:37:31,000 INFO Accuracy improved from 88.88 to 89.49!!!
2025-04-23 13:37:31,656 INFO ####### --- Training Epoch 4 --- #######
2025-04-23 13:39:21,654 INFO Epoch 4 	 Batch 99	LR : 0.00986	Top1 Acc.: 87.50	CLS Loss: 0.32	Mixup Loss: 0.80	CRL Loss: 0.18	Tot. Loss: 1.16
2025-04-23 13:41:11,640 INFO Epoch 4 	 Batch 199	LR : 0.00986	Top1 Acc.: 88.42	CLS Loss: 0.31	Mixup Loss: 0.82	CRL Loss: 0.19	Tot. Loss: 1.17
2025-04-23 13:43:01,334 INFO Epoch 4 	 Batch 299	LR : 0.00986	Top1 Acc.: 87.95	CLS Loss: 0.31	Mixup Loss: 0.81	CRL Loss: 0.19	Tot. Loss: 1.16
2025-04-23 13:44:51,069 INFO Epoch 4 	 Batch 399	LR : 0.00986	Top1 Acc.: 88.39	CLS Loss: 0.31	Mixup Loss: 0.81	CRL Loss: 0.19	Tot. Loss: 1.15
2025-04-23 13:46:37,951 INFO ################## 
 ---> Validation Epoch 4	Acc.: 90.341	FPR: 61.754	AUROC: 87.908	AUPR: 40.272	AURC: 18.597	EAURC: 13.774	AUPR Succ.: 98.510	ECE: 7.172	NLL: 2.927	Brier: 15.319
2025-04-23 13:46:37,952 INFO Accuracy improved from 89.49 to 90.34!!!
2025-04-23 13:46:38,611 INFO ####### --- Training Epoch 5 --- #######
2025-04-23 13:48:27,639 INFO Epoch 5 	 Batch 99	LR : 0.00976	Top1 Acc.: 88.27	CLS Loss: 0.30	Mixup Loss: 0.82	CRL Loss: 0.17	Tot. Loss: 1.15
2025-04-23 13:50:16,730 INFO Epoch 5 	 Batch 199	LR : 0.00976	Top1 Acc.: 88.39	CLS Loss: 0.31	Mixup Loss: 0.81	CRL Loss: 0.17	Tot. Loss: 1.15
2025-04-23 13:52:05,596 INFO Epoch 5 	 Batch 299	LR : 0.00976	Top1 Acc.: 87.92	CLS Loss: 0.31	Mixup Loss: 0.81	CRL Loss: 0.17	Tot. Loss: 1.15
2025-04-23 13:53:54,126 INFO Epoch 5 	 Batch 399	LR : 0.00976	Top1 Acc.: 89.21	CLS Loss: 0.29	Mixup Loss: 0.81	CRL Loss: 0.17	Tot. Loss: 1.13
2025-04-23 13:55:40,080 INFO ################## 
 ---> Validation Epoch 5	Acc.: 90.425	FPR: 60.885	AUROC: 88.705	AUPR: 40.452	AURC: 17.043	EAURC: 12.305	AUPR Succ.: 98.672	ECE: 5.397	NLL: 2.701	Brier: 14.509
2025-04-23 13:55:40,081 INFO Accuracy improved from 90.34 to 90.43!!!
2025-04-23 13:55:40,738 INFO ####### --- Training Epoch 6 --- #######
2025-04-23 13:57:28,665 INFO Epoch 6 	 Batch 99	LR : 0.00962	Top1 Acc.: 88.98	CLS Loss: 0.30	Mixup Loss: 0.80	CRL Loss: 0.16	Tot. Loss: 1.13
2025-04-23 13:59:16,405 INFO Epoch 6 	 Batch 199	LR : 0.00962	Top1 Acc.: 88.56	CLS Loss: 0.29	Mixup Loss: 0.81	CRL Loss: 0.16	Tot. Loss: 1.13
2025-04-23 14:01:04,438 INFO Epoch 6 	 Batch 299	LR : 0.00962	Top1 Acc.: 88.75	CLS Loss: 0.29	Mixup Loss: 0.80	CRL Loss: 0.16	Tot. Loss: 1.12
2025-04-23 14:02:52,095 INFO Epoch 6 	 Batch 399	LR : 0.00962	Top1 Acc.: 89.58	CLS Loss: 0.28	Mixup Loss: 0.80	CRL Loss: 0.16	Tot. Loss: 1.11
2025-04-23 14:04:37,572 INFO ################## 
 ---> Validation Epoch 6	Acc.: 92.306	FPR: 48.238	AUROC: 90.979	AUPR: 43.893	AURC: 11.121	EAURC: 8.082	AUPR Succ.: 99.139	ECE: 6.811	NLL: 2.393	Brier: 12.014
2025-04-23 14:04:37,572 INFO Accuracy improved from 90.43 to 92.31!!!
2025-04-23 14:04:38,366 INFO ####### --- Training Epoch 7 --- #######
2025-04-23 14:06:26,016 INFO Epoch 7 	 Batch 99	LR : 0.00946	Top1 Acc.: 89.78	CLS Loss: 0.28	Mixup Loss: 0.79	CRL Loss: 0.15	Tot. Loss: 1.09
2025-04-23 14:08:13,281 INFO Epoch 7 	 Batch 199	LR : 0.00946	Top1 Acc.: 89.79	CLS Loss: 0.28	Mixup Loss: 0.80	CRL Loss: 0.15	Tot. Loss: 1.11
2025-04-23 14:10:00,443 INFO Epoch 7 	 Batch 299	LR : 0.00946	Top1 Acc.: 89.68	CLS Loss: 0.28	Mixup Loss: 0.79	CRL Loss: 0.15	Tot. Loss: 1.10
2025-04-23 14:11:47,232 INFO Epoch 7 	 Batch 399	LR : 0.00946	Top1 Acc.: 89.98	CLS Loss: 0.27	Mixup Loss: 0.80	CRL Loss: 0.15	Tot. Loss: 1.09
2025-04-23 14:13:31,943 INFO ################## 
 ---> Validation Epoch 7	Acc.: 92.052	FPR: 56.716	AUROC: 89.700	AUPR: 37.029	AURC: 12.532	EAURC: 9.286	AUPR Succ.: 99.011	ECE: 6.351	NLL: 2.470	Brier: 12.603
2025-04-23 14:13:31,944 INFO ####### --- Training Epoch 8 --- #######
2025-04-23 14:15:19,019 INFO Epoch 8 	 Batch 99	LR : 0.00926	Top1 Acc.: 90.05	CLS Loss: 0.27	Mixup Loss: 0.79	CRL Loss: 0.15	Tot. Loss: 1.09
2025-04-23 14:17:05,808 INFO Epoch 8 	 Batch 199	LR : 0.00926	Top1 Acc.: 89.90	CLS Loss: 0.27	Mixup Loss: 0.79	CRL Loss: 0.15	Tot. Loss: 1.09
2025-04-23 14:18:52,440 INFO Epoch 8 	 Batch 299	LR : 0.00926	Top1 Acc.: 90.18	CLS Loss: 0.26	Mixup Loss: 0.79	CRL Loss: 0.14	Tot. Loss: 1.08
2025-04-23 14:20:39,048 INFO Epoch 8 	 Batch 399	LR : 0.00926	Top1 Acc.: 90.29	CLS Loss: 0.26	Mixup Loss: 0.78	CRL Loss: 0.14	Tot. Loss: 1.06
2025-04-23 14:22:23,357 INFO ################## 
 ---> Validation Epoch 8	Acc.: 90.646	FPR: 63.406	AUROC: 87.575	AUPR: 38.988	AURC: 18.364	EAURC: 13.846	AUPR Succ.: 98.506	ECE: 5.676	NLL: 2.759	Brier: 14.549
2025-04-23 14:22:23,358 INFO ####### --- Training Epoch 9 --- #######
2025-04-23 14:24:09,883 INFO Epoch 9 	 Batch 99	LR : 0.00905	Top1 Acc.: 90.14	CLS Loss: 0.26	Mixup Loss: 0.79	CRL Loss: 0.14	Tot. Loss: 1.08
2025-04-23 14:25:56,535 INFO Epoch 9 	 Batch 199	LR : 0.00905	Top1 Acc.: 90.20	CLS Loss: 0.26	Mixup Loss: 0.79	CRL Loss: 0.14	Tot. Loss: 1.08
2025-04-23 14:27:43,170 INFO Epoch 9 	 Batch 299	LR : 0.00905	Top1 Acc.: 90.29	CLS Loss: 0.26	Mixup Loss: 0.78	CRL Loss: 0.14	Tot. Loss: 1.07
2025-04-23 14:29:29,804 INFO Epoch 9 	 Batch 399	LR : 0.00905	Top1 Acc.: 90.77	CLS Loss: 0.25	Mixup Loss: 0.79	CRL Loss: 0.14	Tot. Loss: 1.06
2025-04-23 14:31:14,595 INFO ################## 
 ---> Validation Epoch 9	Acc.: 92.188	FPR: 55.965	AUROC: 90.143	AUPR: 39.140	AURC: 11.811	EAURC: 8.676	AUPR Succ.: 99.076	ECE: 4.716	NLL: 2.307	Brier: 11.983
2025-04-23 14:31:14,596 INFO ####### --- Training Epoch 10 --- #######
2025-04-23 14:33:01,771 INFO Epoch 10 	 Batch 99	LR : 0.00880	Top1 Acc.: 90.61	CLS Loss: 0.26	Mixup Loss: 0.78	CRL Loss: 0.13	Tot. Loss: 1.07
2025-04-23 14:34:48,365 INFO Epoch 10 	 Batch 199	LR : 0.00880	Top1 Acc.: 90.57	CLS Loss: 0.26	Mixup Loss: 0.78	CRL Loss: 0.13	Tot. Loss: 1.06
2025-04-23 14:36:35,228 INFO Epoch 10 	 Batch 299	LR : 0.00880	Top1 Acc.: 90.85	CLS Loss: 0.25	Mixup Loss: 0.78	CRL Loss: 0.13	Tot. Loss: 1.06
2025-04-23 14:38:21,819 INFO Epoch 10 	 Batch 399	LR : 0.00880	Top1 Acc.: 91.03	CLS Loss: 0.24	Mixup Loss: 0.78	CRL Loss: 0.13	Tot. Loss: 1.05
2025-04-23 14:40:06,883 INFO ################## 
 ---> Validation Epoch 10	Acc.: 92.832	FPR: 54.610	AUROC: 90.268	AUPR: 37.664	AURC: 10.764	EAURC: 8.131	AUPR Succ.: 99.139	ECE: 6.289	NLL: 2.300	Brier: 11.533
2025-04-23 14:40:06,884 INFO Accuracy improved from 92.31 to 92.83!!!
2025-04-23 14:40:07,606 INFO ####### --- Training Epoch 11 --- #######
2025-04-23 14:41:54,937 INFO Epoch 11 	 Batch 99	LR : 0.00854	Top1 Acc.: 91.92	CLS Loss: 0.22	Mixup Loss: 0.77	CRL Loss: 0.13	Tot. Loss: 1.02
2025-04-23 14:43:42,605 INFO Epoch 11 	 Batch 199	LR : 0.00854	Top1 Acc.: 91.33	CLS Loss: 0.24	Mixup Loss: 0.79	CRL Loss: 0.13	Tot. Loss: 1.05
2025-04-23 14:45:30,434 INFO Epoch 11 	 Batch 299	LR : 0.00854	Top1 Acc.: 91.42	CLS Loss: 0.24	Mixup Loss: 0.78	CRL Loss: 0.13	Tot. Loss: 1.04
2025-04-23 14:47:18,502 INFO Epoch 11 	 Batch 399	LR : 0.00854	Top1 Acc.: 90.98	CLS Loss: 0.24	Mixup Loss: 0.78	CRL Loss: 0.13	Tot. Loss: 1.04
2025-04-23 14:49:04,125 INFO ################## 
 ---> Validation Epoch 11	Acc.: 93.120	FPR: 52.709	AUROC: 90.940	AUPR: 39.043	AURC: 9.636	EAURC: 7.213	AUPR Succ.: 99.237	ECE: 6.678	NLL: 2.238	Brier: 11.078
2025-04-23 14:49:04,125 INFO Accuracy improved from 92.83 to 93.12!!!
2025-04-23 14:49:04,926 INFO ####### --- Training Epoch 12 --- #######
2025-04-23 14:50:52,327 INFO Epoch 12 	 Batch 99	LR : 0.00825	Top1 Acc.: 91.69	CLS Loss: 0.23	Mixup Loss: 0.78	CRL Loss: 0.12	Tot. Loss: 1.04
2025-04-23 14:52:40,034 INFO Epoch 12 	 Batch 199	LR : 0.00825	Top1 Acc.: 91.77	CLS Loss: 0.23	Mixup Loss: 0.77	CRL Loss: 0.12	Tot. Loss: 1.02
2025-04-23 14:54:27,484 INFO Epoch 12 	 Batch 299	LR : 0.00825	Top1 Acc.: 91.47	CLS Loss: 0.23	Mixup Loss: 0.77	CRL Loss: 0.12	Tot. Loss: 1.02
2025-04-23 14:56:15,082 INFO Epoch 12 	 Batch 399	LR : 0.00825	Top1 Acc.: 91.37	CLS Loss: 0.24	Mixup Loss: 0.78	CRL Loss: 0.13	Tot. Loss: 1.05
2025-04-23 14:58:00,778 INFO ################## 
 ---> Validation Epoch 12	Acc.: 93.679	FPR: 53.619	AUROC: 90.819	AUPR: 36.916	AURC: 8.528	EAURC: 6.487	AUPR Succ.: 99.318	ECE: 7.022	NLL: 2.171	Brier: 10.729
2025-04-23 14:58:00,778 INFO Accuracy improved from 93.12 to 93.68!!!
2025-04-23 14:58:01,586 INFO ####### --- Training Epoch 13 --- #######
2025-04-23 14:59:48,945 INFO Epoch 13 	 Batch 99	LR : 0.00794	Top1 Acc.: 92.02	CLS Loss: 0.23	Mixup Loss: 0.77	CRL Loss: 0.12	Tot. Loss: 1.02
2025-04-23 15:01:36,883 INFO Epoch 13 	 Batch 199	LR : 0.00794	Top1 Acc.: 91.83	CLS Loss: 0.22	Mixup Loss: 0.77	CRL Loss: 0.12	Tot. Loss: 1.02
2025-04-23 15:03:24,762 INFO Epoch 13 	 Batch 299	LR : 0.00794	Top1 Acc.: 91.22	CLS Loss: 0.24	Mixup Loss: 0.77	CRL Loss: 0.12	Tot. Loss: 1.03
2025-04-23 15:05:13,024 INFO Epoch 13 	 Batch 399	LR : 0.00794	Top1 Acc.: 91.89	CLS Loss: 0.22	Mixup Loss: 0.76	CRL Loss: 0.12	Tot. Loss: 1.01
2025-04-23 15:06:58,846 INFO ################## 
 ---> Validation Epoch 13	Acc.: 92.171	FPR: 53.463	AUROC: 89.994	AUPR: 41.397	AURC: 12.074	EAURC: 8.926	AUPR Succ.: 99.049	ECE: 4.117	NLL: 2.258	Brier: 11.850
2025-04-23 15:06:58,848 INFO ####### --- Training Epoch 14 --- #######
2025-04-23 15:08:47,551 INFO Epoch 14 	 Batch 99	LR : 0.00761	Top1 Acc.: 91.59	CLS Loss: 0.22	Mixup Loss: 0.77	CRL Loss: 0.12	Tot. Loss: 1.02
2025-04-23 15:10:36,093 INFO Epoch 14 	 Batch 199	LR : 0.00761	Top1 Acc.: 91.76	CLS Loss: 0.22	Mixup Loss: 0.77	CRL Loss: 0.12	Tot. Loss: 1.01
2025-04-23 15:12:24,881 INFO Epoch 14 	 Batch 299	LR : 0.00761	Top1 Acc.: 91.62	CLS Loss: 0.23	Mixup Loss: 0.77	CRL Loss: 0.12	Tot. Loss: 1.02
2025-04-23 15:14:13,403 INFO Epoch 14 	 Batch 399	LR : 0.00761	Top1 Acc.: 91.76	CLS Loss: 0.23	Mixup Loss: 0.77	CRL Loss: 0.12	Tot. Loss: 1.02
2025-04-23 15:16:00,056 INFO ################## 
 ---> Validation Epoch 14	Acc.: 93.086	FPR: 54.167	AUROC: 90.325	AUPR: 35.840	AURC: 10.178	EAURC: 7.731	AUPR Succ.: 99.183	ECE: 5.481	NLL: 2.193	Brier: 11.020
2025-04-23 15:16:00,057 INFO ####### --- Training Epoch 15 --- #######
2025-04-23 15:17:48,792 INFO Epoch 15 	 Batch 99	LR : 0.00727	Top1 Acc.: 92.75	CLS Loss: 0.21	Mixup Loss: 0.76	CRL Loss: 0.11	Tot. Loss: 0.99
2025-04-23 15:19:37,538 INFO Epoch 15 	 Batch 199	LR : 0.00727	Top1 Acc.: 92.34	CLS Loss: 0.21	Mixup Loss: 0.77	CRL Loss: 0.12	Tot. Loss: 1.01
2025-04-23 15:21:26,492 INFO Epoch 15 	 Batch 299	LR : 0.00727	Top1 Acc.: 92.07	CLS Loss: 0.22	Mixup Loss: 0.75	CRL Loss: 0.12	Tot. Loss: 1.00
2025-04-23 15:23:15,398 INFO Epoch 15 	 Batch 399	LR : 0.00727	Top1 Acc.: 92.26	CLS Loss: 0.22	Mixup Loss: 0.77	CRL Loss: 0.12	Tot. Loss: 1.01
2025-04-23 15:25:02,293 INFO ################## 
 ---> Validation Epoch 15	Acc.: 92.967	FPR: 48.675	AUROC: 91.451	AUPR: 41.677	AURC: 9.193	EAURC: 6.660	AUPR Succ.: 99.295	ECE: 5.802	NLL: 2.148	Brier: 10.848
2025-04-23 15:25:02,295 INFO ####### --- Training Epoch 16 --- #######
2025-04-23 15:26:52,141 INFO Epoch 16 	 Batch 99	LR : 0.00691	Top1 Acc.: 92.94	CLS Loss: 0.20	Mixup Loss: 0.76	CRL Loss: 0.11	Tot. Loss: 0.99
2025-04-23 15:28:41,942 INFO Epoch 16 	 Batch 199	LR : 0.00691	Top1 Acc.: 92.09	CLS Loss: 0.21	Mixup Loss: 0.77	CRL Loss: 0.11	Tot. Loss: 1.00
2025-04-23 15:30:31,502 INFO Epoch 16 	 Batch 299	LR : 0.00691	Top1 Acc.: 92.66	CLS Loss: 0.21	Mixup Loss: 0.76	CRL Loss: 0.11	Tot. Loss: 0.99
2025-04-23 15:32:21,177 INFO Epoch 16 	 Batch 399	LR : 0.00691	Top1 Acc.: 92.57	CLS Loss: 0.21	Mixup Loss: 0.76	CRL Loss: 0.11	Tot. Loss: 0.99
2025-04-23 15:34:08,974 INFO ################## 
 ---> Validation Epoch 16	Acc.: 93.493	FPR: 48.958	AUROC: 91.190	AUPR: 38.657	AURC: 8.953	EAURC: 6.788	AUPR Succ.: 99.284	ECE: 6.697	NLL: 2.158	Brier: 10.520
2025-04-23 15:34:08,975 INFO ####### --- Training Epoch 17 --- #######
2025-04-23 15:35:58,991 INFO Epoch 17 	 Batch 99	LR : 0.00655	Top1 Acc.: 92.74	CLS Loss: 0.20	Mixup Loss: 0.75	CRL Loss: 0.11	Tot. Loss: 0.97
2025-04-23 15:37:49,069 INFO Epoch 17 	 Batch 199	LR : 0.00655	Top1 Acc.: 92.86	CLS Loss: 0.20	Mixup Loss: 0.76	CRL Loss: 0.11	Tot. Loss: 0.98
2025-04-23 15:39:39,372 INFO Epoch 17 	 Batch 299	LR : 0.00655	Top1 Acc.: 92.15	CLS Loss: 0.21	Mixup Loss: 0.77	CRL Loss: 0.12	Tot. Loss: 1.01
2025-04-23 15:41:29,840 INFO Epoch 17 	 Batch 399	LR : 0.00655	Top1 Acc.: 92.64	CLS Loss: 0.21	Mixup Loss: 0.77	CRL Loss: 0.11	Tot. Loss: 1.00
2025-04-23 15:43:17,858 INFO ################## 
 ---> Validation Epoch 17	Acc.: 93.899	FPR: 49.722	AUROC: 91.428	AUPR: 37.097	AURC: 7.815	EAURC: 5.916	AUPR Succ.: 99.379	ECE: 5.265	NLL: 1.974	Brier: 9.866
2025-04-23 15:43:17,859 INFO Accuracy improved from 93.68 to 93.90!!!
2025-04-23 15:43:18,471 INFO ####### --- Training Epoch 18 --- #######
2025-04-23 15:45:09,037 INFO Epoch 18 	 Batch 99	LR : 0.00617	Top1 Acc.: 92.86	CLS Loss: 0.20	Mixup Loss: 0.75	CRL Loss: 0.11	Tot. Loss: 0.97
2025-04-23 15:46:59,699 INFO Epoch 18 	 Batch 199	LR : 0.00617	Top1 Acc.: 93.05	CLS Loss: 0.19	Mixup Loss: 0.76	CRL Loss: 0.11	Tot. Loss: 0.97
2025-04-23 15:48:50,262 INFO Epoch 18 	 Batch 299	LR : 0.00617	Top1 Acc.: 92.89	CLS Loss: 0.20	Mixup Loss: 0.76	CRL Loss: 0.11	Tot. Loss: 0.99
2025-04-23 15:50:40,997 INFO Epoch 18 	 Batch 399	LR : 0.00617	Top1 Acc.: 92.68	CLS Loss: 0.20	Mixup Loss: 0.76	CRL Loss: 0.11	Tot. Loss: 0.98
2025-04-23 15:52:29,899 INFO ################## 
 ---> Validation Epoch 18	Acc.: 92.306	FPR: 56.608	AUROC: 89.641	AUPR: 39.036	AURC: 12.230	EAURC: 9.191	AUPR Succ.: 99.022	ECE: 5.772	NLL: 2.367	Brier: 12.113
2025-04-23 15:52:29,901 INFO ####### --- Training Epoch 19 --- #######
2025-04-23 15:54:21,041 INFO Epoch 19 	 Batch 99	LR : 0.00578	Top1 Acc.: 93.14	CLS Loss: 0.19	Mixup Loss: 0.76	CRL Loss: 0.11	Tot. Loss: 0.97
2025-04-23 15:56:12,198 INFO Epoch 19 	 Batch 199	LR : 0.00578	Top1 Acc.: 93.03	CLS Loss: 0.20	Mixup Loss: 0.75	CRL Loss: 0.11	Tot. Loss: 0.97
2025-04-23 15:58:03,390 INFO Epoch 19 	 Batch 299	LR : 0.00578	Top1 Acc.: 93.33	CLS Loss: 0.19	Mixup Loss: 0.75	CRL Loss: 0.10	Tot. Loss: 0.96
2025-04-23 15:59:54,897 INFO Epoch 19 	 Batch 399	LR : 0.00578	Top1 Acc.: 93.05	CLS Loss: 0.20	Mixup Loss: 0.77	CRL Loss: 0.11	Tot. Loss: 0.98
2025-04-23 16:01:44,099 INFO ################## 
 ---> Validation Epoch 19	Acc.: 94.069	FPR: 44.571	AUROC: 91.627	AUPR: 40.923	AURC: 7.634	EAURC: 5.840	AUPR Succ.: 99.387	ECE: 4.961	NLL: 1.874	Brier: 9.195
2025-04-23 16:01:44,100 INFO Accuracy improved from 93.90 to 94.07!!!
2025-04-23 16:01:44,802 INFO ####### --- Training Epoch 20 --- #######
2025-04-23 16:03:36,203 INFO Epoch 20 	 Batch 99	LR : 0.00539	Top1 Acc.: 93.25	CLS Loss: 0.19	Mixup Loss: 0.75	CRL Loss: 0.11	Tot. Loss: 0.96
2025-04-23 16:05:27,718 INFO Epoch 20 	 Batch 199	LR : 0.00539	Top1 Acc.: 92.98	CLS Loss: 0.20	Mixup Loss: 0.76	CRL Loss: 0.10	Tot. Loss: 0.97
2025-04-23 16:07:19,510 INFO Epoch 20 	 Batch 299	LR : 0.00539	Top1 Acc.: 93.43	CLS Loss: 0.18	Mixup Loss: 0.75	CRL Loss: 0.11	Tot. Loss: 0.95
2025-04-23 16:09:11,313 INFO Epoch 20 	 Batch 399	LR : 0.00539	Top1 Acc.: 93.45	CLS Loss: 0.18	Mixup Loss: 0.75	CRL Loss: 0.10	Tot. Loss: 0.95
2025-04-23 16:11:00,784 INFO ################## 
 ---> Validation Epoch 20	Acc.: 94.272	FPR: 45.562	AUROC: 91.971	AUPR: 36.779	AURC: 6.829	EAURC: 5.157	AUPR Succ.: 99.460	ECE: 4.691	NLL: 1.827	Brier: 9.057
2025-04-23 16:11:00,784 INFO Accuracy improved from 94.07 to 94.27!!!
2025-04-23 16:11:01,439 INFO ####### --- Training Epoch 21 --- #######
2025-04-23 16:12:53,457 INFO Epoch 21 	 Batch 99	LR : 0.00500	Top1 Acc.: 94.10	CLS Loss: 0.17	Mixup Loss: 0.74	CRL Loss: 0.10	Tot. Loss: 0.93
2025-04-23 16:14:45,864 INFO Epoch 21 	 Batch 199	LR : 0.00500	Top1 Acc.: 93.81	CLS Loss: 0.18	Mixup Loss: 0.75	CRL Loss: 0.11	Tot. Loss: 0.95
2025-04-23 16:16:38,245 INFO Epoch 21 	 Batch 299	LR : 0.00500	Top1 Acc.: 93.78	CLS Loss: 0.18	Mixup Loss: 0.75	CRL Loss: 0.11	Tot. Loss: 0.95
2025-04-23 16:18:30,963 INFO Epoch 21 	 Batch 399	LR : 0.00500	Top1 Acc.: 93.45	CLS Loss: 0.18	Mixup Loss: 0.76	CRL Loss: 0.10	Tot. Loss: 0.96
2025-04-23 16:20:21,027 INFO ################## 
 ---> Validation Epoch 21	Acc.: 93.899	FPR: 48.333	AUROC: 91.936	AUPR: 38.421	AURC: 7.380	EAURC: 5.480	AUPR Succ.: 99.425	ECE: 5.805	NLL: 1.992	Brier: 9.816
2025-04-23 16:20:21,028 INFO ####### --- Training Epoch 22 --- #######
2025-04-23 16:22:13,975 INFO Epoch 22 	 Batch 99	LR : 0.00461	Top1 Acc.: 94.30	CLS Loss: 0.17	Mixup Loss: 0.74	CRL Loss: 0.10	Tot. Loss: 0.93
2025-04-23 16:24:06,818 INFO Epoch 22 	 Batch 199	LR : 0.00461	Top1 Acc.: 93.67	CLS Loss: 0.18	Mixup Loss: 0.75	CRL Loss: 0.10	Tot. Loss: 0.94
2025-04-23 16:26:00,025 INFO Epoch 22 	 Batch 299	LR : 0.00461	Top1 Acc.: 93.62	CLS Loss: 0.18	Mixup Loss: 0.74	CRL Loss: 0.11	Tot. Loss: 0.94
2025-04-23 16:27:53,079 INFO Epoch 22 	 Batch 399	LR : 0.00461	Top1 Acc.: 93.85	CLS Loss: 0.18	Mixup Loss: 0.74	CRL Loss: 0.10	Tot. Loss: 0.94
2025-04-23 16:29:43,820 INFO ################## 
 ---> Validation Epoch 22	Acc.: 93.476	FPR: 48.831	AUROC: 91.656	AUPR: 39.569	AURC: 8.277	EAURC: 6.101	AUPR Succ.: 99.357	ECE: 4.278	NLL: 1.945	Brier: 9.903
2025-04-23 16:29:43,821 INFO ####### --- Training Epoch 23 --- #######
2025-04-23 16:31:37,464 INFO Epoch 23 	 Batch 99	LR : 0.00422	Top1 Acc.: 94.25	CLS Loss: 0.17	Mixup Loss: 0.74	CRL Loss: 0.10	Tot. Loss: 0.93
2025-04-23 16:33:30,788 INFO Epoch 23 	 Batch 199	LR : 0.00422	Top1 Acc.: 94.23	CLS Loss: 0.17	Mixup Loss: 0.74	CRL Loss: 0.10	Tot. Loss: 0.93
2025-04-23 16:35:23,956 INFO Epoch 23 	 Batch 299	LR : 0.00422	Top1 Acc.: 94.37	CLS Loss: 0.17	Mixup Loss: 0.75	CRL Loss: 0.10	Tot. Loss: 0.94
2025-04-23 16:37:17,174 INFO Epoch 23 	 Batch 399	LR : 0.00422	Top1 Acc.: 94.28	CLS Loss: 0.17	Mixup Loss: 0.74	CRL Loss: 0.10	Tot. Loss: 0.93
2025-04-23 16:39:08,497 INFO ################## 
 ---> Validation Epoch 23	Acc.: 94.543	FPR: 50.000	AUROC: 91.783	AUPR: 34.549	AURC: 6.495	EAURC: 4.978	AUPR Succ.: 99.481	ECE: 4.859	NLL: 1.787	Brier: 8.864
2025-04-23 16:39:08,498 INFO Accuracy improved from 94.27 to 94.54!!!
2025-04-23 16:39:09,200 INFO ####### --- Training Epoch 24 --- #######
2025-04-23 16:41:02,961 INFO Epoch 24 	 Batch 99	LR : 0.00383	Top1 Acc.: 94.36	CLS Loss: 0.16	Mixup Loss: 0.73	CRL Loss: 0.09	Tot. Loss: 0.91
2025-04-23 16:42:56,533 INFO Epoch 24 	 Batch 199	LR : 0.00383	Top1 Acc.: 94.07	CLS Loss: 0.17	Mixup Loss: 0.74	CRL Loss: 0.10	Tot. Loss: 0.93
2025-04-23 16:44:50,492 INFO Epoch 24 	 Batch 299	LR : 0.00383	Top1 Acc.: 93.83	CLS Loss: 0.17	Mixup Loss: 0.75	CRL Loss: 0.10	Tot. Loss: 0.95
2025-04-23 16:46:44,818 INFO Epoch 24 	 Batch 399	LR : 0.00383	Top1 Acc.: 94.15	CLS Loss: 0.17	Mixup Loss: 0.74	CRL Loss: 0.10	Tot. Loss: 0.93
2025-04-23 16:48:36,810 INFO ################## 
 ---> Validation Epoch 24	Acc.: 94.713	FPR: 42.628	AUROC: 92.789	AUPR: 39.720	AURC: 5.764	EAURC: 4.341	AUPR Succ.: 99.547	ECE: 5.055	NLL: 1.722	Brier: 8.360
2025-04-23 16:48:36,811 INFO Accuracy improved from 94.54 to 94.71!!!
2025-04-23 16:48:37,448 INFO ####### --- Training Epoch 25 --- #######
2025-04-23 16:50:31,686 INFO Epoch 25 	 Batch 99	LR : 0.00345	Top1 Acc.: 94.34	CLS Loss: 0.16	Mixup Loss: 0.74	CRL Loss: 0.10	Tot. Loss: 0.92
2025-04-23 16:52:25,139 INFO Epoch 25 	 Batch 199	LR : 0.00345	Top1 Acc.: 94.16	CLS Loss: 0.17	Mixup Loss: 0.74	CRL Loss: 0.10	Tot. Loss: 0.92
2025-04-23 16:54:17,966 INFO Epoch 25 	 Batch 299	LR : 0.00345	Top1 Acc.: 94.31	CLS Loss: 0.17	Mixup Loss: 0.74	CRL Loss: 0.10	Tot. Loss: 0.93
2025-04-23 16:56:10,586 INFO Epoch 25 	 Batch 399	LR : 0.00345	Top1 Acc.: 94.72	CLS Loss: 0.16	Mixup Loss: 0.73	CRL Loss: 0.09	Tot. Loss: 0.91
2025-04-23 16:58:00,775 INFO ################## 
 ---> Validation Epoch 25	Acc.: 94.764	FPR: 46.926	AUROC: 92.587	AUPR: 36.361	AURC: 5.730	EAURC: 4.334	AUPR Succ.: 99.548	ECE: 4.807	NLL: 1.692	Brier: 8.274
2025-04-23 16:58:00,776 INFO Accuracy improved from 94.71 to 94.76!!!
2025-04-23 16:58:01,310 INFO ####### --- Training Epoch 26 --- #######
2025-04-23 16:59:54,006 INFO Epoch 26 	 Batch 99	LR : 0.00309	Top1 Acc.: 94.27	CLS Loss: 0.16	Mixup Loss: 0.74	CRL Loss: 0.09	Tot. Loss: 0.92
2025-04-23 17:01:46,354 INFO Epoch 26 	 Batch 199	LR : 0.00309	Top1 Acc.: 94.42	CLS Loss: 0.16	Mixup Loss: 0.75	CRL Loss: 0.10	Tot. Loss: 0.93
2025-04-23 17:03:38,311 INFO Epoch 26 	 Batch 299	LR : 0.00309	Top1 Acc.: 94.81	CLS Loss: 0.15	Mixup Loss: 0.74	CRL Loss: 0.09	Tot. Loss: 0.91
2025-04-23 17:05:30,134 INFO Epoch 26 	 Batch 399	LR : 0.00309	Top1 Acc.: 94.73	CLS Loss: 0.15	Mixup Loss: 0.73	CRL Loss: 0.09	Tot. Loss: 0.90
2025-04-23 17:07:19,189 INFO ################## 
 ---> Validation Epoch 26	Acc.: 95.018	FPR: 45.578	AUROC: 92.411	AUPR: 36.944	AURC: 5.746	EAURC: 4.484	AUPR Succ.: 99.533	ECE: 4.588	NLL: 1.644	Brier: 7.950
2025-04-23 17:07:19,190 INFO Accuracy improved from 94.76 to 95.02!!!
2025-04-23 17:07:19,740 INFO ####### --- Training Epoch 27 --- #######
2025-04-23 17:09:10,947 INFO Epoch 27 	 Batch 99	LR : 0.00273	Top1 Acc.: 94.97	CLS Loss: 0.15	Mixup Loss: 0.73	CRL Loss: 0.09	Tot. Loss: 0.90
2025-04-23 17:11:02,387 INFO Epoch 27 	 Batch 199	LR : 0.00273	Top1 Acc.: 94.56	CLS Loss: 0.16	Mixup Loss: 0.74	CRL Loss: 0.10	Tot. Loss: 0.91
2025-04-23 17:12:53,555 INFO Epoch 27 	 Batch 299	LR : 0.00273	Top1 Acc.: 95.08	CLS Loss: 0.15	Mixup Loss: 0.73	CRL Loss: 0.09	Tot. Loss: 0.90
2025-04-23 17:14:44,630 INFO Epoch 27 	 Batch 399	LR : 0.00273	Top1 Acc.: 94.30	CLS Loss: 0.16	Mixup Loss: 0.73	CRL Loss: 0.10	Tot. Loss: 0.91
2025-04-23 17:16:32,980 INFO ################## 
 ---> Validation Epoch 27	Acc.: 95.119	FPR: 43.403	AUROC: 92.822	AUPR: 38.165	AURC: 5.306	EAURC: 4.096	AUPR Succ.: 99.574	ECE: 4.313	NLL: 1.582	Brier: 7.732
2025-04-23 17:16:32,981 INFO Accuracy improved from 95.02 to 95.12!!!
2025-04-23 17:16:33,580 INFO ####### --- Training Epoch 28 --- #######
2025-04-23 17:18:24,130 INFO Epoch 28 	 Batch 99	LR : 0.00239	Top1 Acc.: 95.20	CLS Loss: 0.14	Mixup Loss: 0.73	CRL Loss: 0.09	Tot. Loss: 0.89
2025-04-23 17:20:14,773 INFO Epoch 28 	 Batch 199	LR : 0.00239	Top1 Acc.: 95.18	CLS Loss: 0.14	Mixup Loss: 0.72	CRL Loss: 0.09	Tot. Loss: 0.88
2025-04-23 17:22:05,046 INFO Epoch 28 	 Batch 299	LR : 0.00239	Top1 Acc.: 94.56	CLS Loss: 0.15	Mixup Loss: 0.74	CRL Loss: 0.09	Tot. Loss: 0.91
2025-04-23 17:23:54,988 INFO Epoch 28 	 Batch 399	LR : 0.00239	Top1 Acc.: 94.95	CLS Loss: 0.15	Mixup Loss: 0.73	CRL Loss: 0.09	Tot. Loss: 0.89
2025-04-23 17:25:42,565 INFO ################## 
 ---> Validation Epoch 28	Acc.: 95.340	FPR: 42.545	AUROC: 93.003	AUPR: 37.411	AURC: 4.816	EAURC: 3.712	AUPR Succ.: 99.615	ECE: 5.056	NLL: 1.595	Brier: 7.589
2025-04-23 17:25:42,565 INFO Accuracy improved from 95.12 to 95.34!!!
2025-04-23 17:25:43,127 INFO ####### --- Training Epoch 29 --- #######
2025-04-23 17:27:32,980 INFO Epoch 29 	 Batch 99	LR : 0.00206	Top1 Acc.: 95.20	CLS Loss: 0.14	Mixup Loss: 0.73	CRL Loss: 0.09	Tot. Loss: 0.89
2025-04-23 17:29:22,475 INFO Epoch 29 	 Batch 199	LR : 0.00206	Top1 Acc.: 95.05	CLS Loss: 0.15	Mixup Loss: 0.73	CRL Loss: 0.09	Tot. Loss: 0.89
2025-04-23 17:31:11,502 INFO Epoch 29 	 Batch 299	LR : 0.00206	Top1 Acc.: 94.61	CLS Loss: 0.15	Mixup Loss: 0.73	CRL Loss: 0.09	Tot. Loss: 0.90
2025-04-23 17:33:00,318 INFO Epoch 29 	 Batch 399	LR : 0.00206	Top1 Acc.: 95.16	CLS Loss: 0.15	Mixup Loss: 0.73	CRL Loss: 0.09	Tot. Loss: 0.90
2025-04-23 17:34:47,157 INFO ################## 
 ---> Validation Epoch 29	Acc.: 95.086	FPR: 37.931	AUROC: 93.629	AUPR: 42.466	AURC: 4.758	EAURC: 3.531	AUPR Succ.: 99.633	ECE: 4.296	NLL: 1.541	Brier: 7.562
2025-04-23 17:34:47,159 INFO ####### --- Training Epoch 30 --- #######
2025-04-23 17:36:36,153 INFO Epoch 30 	 Batch 99	LR : 0.00175	Top1 Acc.: 95.54	CLS Loss: 0.13	Mixup Loss: 0.73	CRL Loss: 0.09	Tot. Loss: 0.88
2025-04-23 17:38:24,737 INFO Epoch 30 	 Batch 199	LR : 0.00175	Top1 Acc.: 95.37	CLS Loss: 0.14	Mixup Loss: 0.72	CRL Loss: 0.09	Tot. Loss: 0.88
2025-04-23 17:40:13,083 INFO Epoch 30 	 Batch 299	LR : 0.00175	Top1 Acc.: 95.22	CLS Loss: 0.14	Mixup Loss: 0.74	CRL Loss: 0.09	Tot. Loss: 0.90
2025-04-23 17:42:01,198 INFO Epoch 30 	 Batch 399	LR : 0.00175	Top1 Acc.: 95.22	CLS Loss: 0.14	Mixup Loss: 0.72	CRL Loss: 0.09	Tot. Loss: 0.88
2025-04-23 17:43:47,029 INFO ################## 
 ---> Validation Epoch 30	Acc.: 95.272	FPR: 41.219	AUROC: 92.968	AUPR: 35.663	AURC: 4.841	EAURC: 3.706	AUPR Succ.: 99.615	ECE: 4.346	NLL: 1.558	Brier: 7.546
2025-04-23 17:43:47,031 INFO ####### --- Training Epoch 31 --- #######
2025-04-23 17:45:34,995 INFO Epoch 31 	 Batch 99	LR : 0.00146	Top1 Acc.: 95.37	CLS Loss: 0.14	Mixup Loss: 0.72	CRL Loss: 0.09	Tot. Loss: 0.88
2025-04-23 17:47:22,461 INFO Epoch 31 	 Batch 199	LR : 0.00146	Top1 Acc.: 95.59	CLS Loss: 0.13	Mixup Loss: 0.73	CRL Loss: 0.09	Tot. Loss: 0.88
2025-04-23 17:49:10,057 INFO Epoch 31 	 Batch 299	LR : 0.00146	Top1 Acc.: 95.26	CLS Loss: 0.14	Mixup Loss: 0.73	CRL Loss: 0.09	Tot. Loss: 0.89
2025-04-23 17:50:57,262 INFO Epoch 31 	 Batch 399	LR : 0.00146	Top1 Acc.: 95.30	CLS Loss: 0.14	Mixup Loss: 0.74	CRL Loss: 0.09	Tot. Loss: 0.90
2025-04-23 17:53:45,917 INFO ################## 
 ---> Validation Epoch 31	Acc.: 96.119	FPR: 39.301	AUROC: 93.474	AUPR: 35.450	AURC: 3.561	EAURC: 2.798	AUPR Succ.: 99.712	ECE: 1.198	NLL: 1.140	Brier: 6.000
2025-04-23 17:53:45,918 INFO Accuracy improved from 95.34 to 96.12!!!
2025-04-23 17:53:46,516 INFO ####### --- Training Epoch 32 --- #######
2025-04-23 17:55:32,833 INFO Epoch 32 	 Batch 99	LR : 0.00155	Top1 Acc.: 95.58	CLS Loss: 0.13	Mixup Loss: 0.72	CRL Loss: 0.09	Tot. Loss: 0.87
2025-04-23 17:57:19,470 INFO Epoch 32 	 Batch 199	LR : 0.00155	Top1 Acc.: 95.60	CLS Loss: 0.14	Mixup Loss: 0.72	CRL Loss: 0.09	Tot. Loss: 0.87
2025-04-23 17:59:05,877 INFO Epoch 32 	 Batch 299	LR : 0.00155	Top1 Acc.: 95.74	CLS Loss: 0.13	Mixup Loss: 0.72	CRL Loss: 0.08	Tot. Loss: 0.86
2025-04-23 18:00:52,420 INFO Epoch 32 	 Batch 399	LR : 0.00155	Top1 Acc.: 95.43	CLS Loss: 0.14	Mixup Loss: 0.73	CRL Loss: 0.09	Tot. Loss: 0.88
2025-04-23 18:03:38,344 INFO ################## 
 ---> Validation Epoch 32	Acc.: 96.221	FPR: 41.704	AUROC: 93.352	AUPR: 34.166	AURC: 3.521	EAURC: 2.798	AUPR Succ.: 99.712	ECE: 1.042	NLL: 1.131	Brier: 5.939
2025-04-23 18:03:38,344 INFO Accuracy improved from 96.12 to 96.22!!!
2025-04-23 18:03:38,902 INFO ####### --- Training Epoch 33 --- #######
2025-04-23 18:05:24,927 INFO Epoch 33 	 Batch 99	LR : 0.00180	Top1 Acc.: 95.69	CLS Loss: 0.13	Mixup Loss: 0.72	CRL Loss: 0.09	Tot. Loss: 0.87
2025-04-23 18:07:11,714 INFO Epoch 33 	 Batch 199	LR : 0.00180	Top1 Acc.: 95.61	CLS Loss: 0.14	Mixup Loss: 0.73	CRL Loss: 0.09	Tot. Loss: 0.88
2025-04-23 18:08:58,506 INFO Epoch 33 	 Batch 299	LR : 0.00180	Top1 Acc.: 95.17	CLS Loss: 0.14	Mixup Loss: 0.72	CRL Loss: 0.09	Tot. Loss: 0.88
2025-04-23 18:10:45,525 INFO Epoch 33 	 Batch 399	LR : 0.00180	Top1 Acc.: 95.89	CLS Loss: 0.13	Mixup Loss: 0.71	CRL Loss: 0.08	Tot. Loss: 0.86
2025-04-23 18:13:34,739 INFO ################## 
 ---> Validation Epoch 33	Acc.: 96.204	FPR: 39.286	AUROC: 93.368	AUPR: 34.057	AURC: 3.524	EAURC: 2.795	AUPR Succ.: 99.712	ECE: 0.946	NLL: 1.129	Brier: 5.925
2025-04-23 18:13:34,740 INFO ####### --- Training Epoch 34 --- #######
2025-04-23 18:15:21,744 INFO Epoch 34 	 Batch 99	LR : 0.00219	Top1 Acc.: 95.47	CLS Loss: 0.14	Mixup Loss: 0.73	CRL Loss: 0.09	Tot. Loss: 0.88
2025-04-23 18:17:08,881 INFO Epoch 34 	 Batch 199	LR : 0.00219	Top1 Acc.: 95.41	CLS Loss: 0.13	Mixup Loss: 0.73	CRL Loss: 0.09	Tot. Loss: 0.88
2025-04-23 18:18:56,236 INFO Epoch 34 	 Batch 299	LR : 0.00219	Top1 Acc.: 95.69	CLS Loss: 0.13	Mixup Loss: 0.72	CRL Loss: 0.09	Tot. Loss: 0.87
2025-04-23 18:20:43,462 INFO Epoch 34 	 Batch 399	LR : 0.00219	Top1 Acc.: 95.43	CLS Loss: 0.14	Mixup Loss: 0.72	CRL Loss: 0.08	Tot. Loss: 0.88
2025-04-23 18:23:33,310 INFO ################## 
 ---> Validation Epoch 34	Acc.: 96.272	FPR: 40.455	AUROC: 93.489	AUPR: 33.818	AURC: 3.409	EAURC: 2.706	AUPR Succ.: 99.721	ECE: 1.004	NLL: 1.110	Brier: 5.823
2025-04-23 18:23:33,311 INFO Accuracy improved from 96.22 to 96.27!!!
2025-04-23 18:23:33,875 INFO ####### --- Training Epoch 35 --- #######
2025-04-23 18:25:20,535 INFO Epoch 35 	 Batch 99	LR : 0.00269	Top1 Acc.: 95.35	CLS Loss: 0.14	Mixup Loss: 0.73	CRL Loss: 0.08	Tot. Loss: 0.88
2025-04-23 18:27:08,016 INFO Epoch 35 	 Batch 199	LR : 0.00269	Top1 Acc.: 95.35	CLS Loss: 0.14	Mixup Loss: 0.72	CRL Loss: 0.08	Tot. Loss: 0.88
2025-04-23 18:28:55,828 INFO Epoch 35 	 Batch 299	LR : 0.00269	Top1 Acc.: 95.25	CLS Loss: 0.14	Mixup Loss: 0.73	CRL Loss: 0.08	Tot. Loss: 0.89
2025-04-23 18:30:44,013 INFO Epoch 35 	 Batch 399	LR : 0.00269	Top1 Acc.: 95.14	CLS Loss: 0.14	Mixup Loss: 0.73	CRL Loss: 0.09	Tot. Loss: 0.89
2025-04-23 18:33:34,908 INFO ################## 
 ---> Validation Epoch 35	Acc.: 96.289	FPR: 40.639	AUROC: 93.499	AUPR: 33.844	AURC: 3.396	EAURC: 2.698	AUPR Succ.: 99.722	ECE: 1.230	NLL: 1.109	Brier: 5.817
2025-04-23 18:33:34,909 INFO Accuracy improved from 96.27 to 96.29!!!
2025-04-23 18:33:35,408 INFO ####### --- Training Epoch 36 --- #######
2025-04-23 18:35:23,430 INFO Epoch 36 	 Batch 99	LR : 0.00323	Top1 Acc.: 95.27	CLS Loss: 0.14	Mixup Loss: 0.73	CRL Loss: 0.08	Tot. Loss: 0.89
2025-04-23 18:37:11,563 INFO Epoch 36 	 Batch 199	LR : 0.00323	Top1 Acc.: 95.44	CLS Loss: 0.14	Mixup Loss: 0.72	CRL Loss: 0.08	Tot. Loss: 0.88
2025-04-23 18:38:59,737 INFO Epoch 36 	 Batch 299	LR : 0.00323	Top1 Acc.: 94.73	CLS Loss: 0.15	Mixup Loss: 0.73	CRL Loss: 0.08	Tot. Loss: 0.90
2025-04-23 18:40:48,246 INFO Epoch 36 	 Batch 399	LR : 0.00323	Top1 Acc.: 95.30	CLS Loss: 0.14	Mixup Loss: 0.73	CRL Loss: 0.08	Tot. Loss: 0.89
2025-04-23 18:43:38,569 INFO ################## 
 ---> Validation Epoch 36	Acc.: 96.373	FPR: 42.523	AUROC: 93.298	AUPR: 31.852	AURC: 3.392	EAURC: 2.726	AUPR Succ.: 99.720	ECE: 1.138	NLL: 1.107	Brier: 5.789
2025-04-23 18:43:38,569 INFO Accuracy improved from 96.29 to 96.37!!!
2025-04-23 18:43:39,127 INFO ####### --- Training Epoch 37 --- #######
2025-04-23 18:45:27,242 INFO Epoch 37 	 Batch 99	LR : 0.00378	Top1 Acc.: 95.02	CLS Loss: 0.14	Mixup Loss: 0.72	CRL Loss: 0.08	Tot. Loss: 0.89
2025-04-23 18:47:16,175 INFO Epoch 37 	 Batch 199	LR : 0.00378	Top1 Acc.: 95.17	CLS Loss: 0.14	Mixup Loss: 0.73	CRL Loss: 0.08	Tot. Loss: 0.89
2025-04-23 18:49:05,411 INFO Epoch 37 	 Batch 299	LR : 0.00378	Top1 Acc.: 95.01	CLS Loss: 0.15	Mixup Loss: 0.74	CRL Loss: 0.08	Tot. Loss: 0.90
2025-04-23 18:50:54,350 INFO Epoch 37 	 Batch 399	LR : 0.00378	Top1 Acc.: 94.50	CLS Loss: 0.15	Mixup Loss: 0.73	CRL Loss: 0.08	Tot. Loss: 0.91
2025-04-23 18:53:46,314 INFO ################## 
 ---> Validation Epoch 37	Acc.: 96.492	FPR: 41.546	AUROC: 93.218	AUPR: 29.586	AURC: 3.292	EAURC: 2.669	AUPR Succ.: 99.726	ECE: 1.135	NLL: 1.089	Brier: 5.684
2025-04-23 18:53:46,315 INFO Accuracy improved from 96.37 to 96.49!!!
2025-04-23 18:53:46,884 INFO ####### --- Training Epoch 38 --- #######
2025-04-23 18:55:34,607 INFO Epoch 38 	 Batch 99	LR : 0.00427	Top1 Acc.: 95.04	CLS Loss: 0.15	Mixup Loss: 0.73	CRL Loss: 0.08	Tot. Loss: 0.89
2025-04-23 18:57:23,206 INFO Epoch 38 	 Batch 199	LR : 0.00427	Top1 Acc.: 94.97	CLS Loss: 0.14	Mixup Loss: 0.73	CRL Loss: 0.08	Tot. Loss: 0.89
2025-04-23 18:59:12,094 INFO Epoch 38 	 Batch 299	LR : 0.00427	Top1 Acc.: 94.65	CLS Loss: 0.16	Mixup Loss: 0.74	CRL Loss: 0.08	Tot. Loss: 0.91
2025-04-23 19:01:01,319 INFO Epoch 38 	 Batch 399	LR : 0.00427	Top1 Acc.: 94.83	CLS Loss: 0.15	Mixup Loss: 0.73	CRL Loss: 0.08	Tot. Loss: 0.90
2025-04-23 19:03:53,444 INFO ################## 
 ---> Validation Epoch 38	Acc.: 96.492	FPR: 39.614	AUROC: 93.404	AUPR: 30.498	AURC: 3.212	EAURC: 2.590	AUPR Succ.: 99.734	ECE: 1.124	NLL: 1.080	Brier: 5.639
2025-04-23 19:03:53,445 INFO ####### --- Training Epoch 39 --- #######
2025-04-23 19:05:42,042 INFO Epoch 39 	 Batch 99	LR : 0.00466	Top1 Acc.: 94.76	CLS Loss: 0.15	Mixup Loss: 0.74	CRL Loss: 0.08	Tot. Loss: 0.91
2025-04-23 19:07:31,325 INFO Epoch 39 	 Batch 199	LR : 0.00466	Top1 Acc.: 94.87	CLS Loss: 0.15	Mixup Loss: 0.74	CRL Loss: 0.08	Tot. Loss: 0.91
2025-04-23 19:09:20,580 INFO Epoch 39 	 Batch 299	LR : 0.00466	Top1 Acc.: 94.60	CLS Loss: 0.15	Mixup Loss: 0.74	CRL Loss: 0.08	Tot. Loss: 0.90
2025-04-23 19:11:10,098 INFO Epoch 39 	 Batch 399	LR : 0.00466	Top1 Acc.: 94.57	CLS Loss: 0.15	Mixup Loss: 0.73	CRL Loss: 0.08	Tot. Loss: 0.90
2025-04-23 19:14:03,329 INFO ################## 
 ---> Validation Epoch 39	Acc.: 96.357	FPR: 39.070	AUROC: 93.743	AUPR: 34.278	AURC: 3.214	EAURC: 2.542	AUPR Succ.: 99.738	ECE: 0.988	NLL: 1.083	Brier: 5.676
2025-04-23 19:14:03,330 INFO ####### --- Training Epoch 40 --- #######
2025-04-23 19:15:52,312 INFO Epoch 40 	 Batch 99	LR : 0.00491	Top1 Acc.: 94.25	CLS Loss: 0.16	Mixup Loss: 0.74	CRL Loss: 0.08	Tot. Loss: 0.91
2025-04-23 19:17:42,096 INFO Epoch 40 	 Batch 199	LR : 0.00491	Top1 Acc.: 94.51	CLS Loss: 0.15	Mixup Loss: 0.75	CRL Loss: 0.08	Tot. Loss: 0.91
2025-04-23 19:19:32,272 INFO Epoch 40 	 Batch 299	LR : 0.00491	Top1 Acc.: 94.75	CLS Loss: 0.16	Mixup Loss: 0.74	CRL Loss: 0.08	Tot. Loss: 0.92
2025-04-23 19:21:22,489 INFO Epoch 40 	 Batch 399	LR : 0.00491	Top1 Acc.: 94.79	CLS Loss: 0.16	Mixup Loss: 0.74	CRL Loss: 0.08	Tot. Loss: 0.91
2025-04-23 19:24:14,499 INFO ################## 
 ---> Validation Epoch 40	Acc.: 96.390	FPR: 38.498	AUROC: 93.753	AUPR: 32.479	AURC: 3.160	EAURC: 2.501	AUPR Succ.: 99.743	ECE: 1.182	NLL: 1.079	Brier: 5.646
2025-04-23 19:24:14,500 INFO ####### --- Training Epoch 41 --- #######
2025-04-23 19:26:04,487 INFO Epoch 41 	 Batch 99	LR : 0.00500	Top1 Acc.: 94.65	CLS Loss: 0.16	Mixup Loss: 0.75	CRL Loss: 0.08	Tot. Loss: 0.92
2025-04-23 19:27:55,417 INFO Epoch 41 	 Batch 199	LR : 0.00500	Top1 Acc.: 94.67	CLS Loss: 0.16	Mixup Loss: 0.73	CRL Loss: 0.08	Tot. Loss: 0.90
2025-04-23 19:29:46,476 INFO Epoch 41 	 Batch 299	LR : 0.00500	Top1 Acc.: 94.46	CLS Loss: 0.16	Mixup Loss: 0.74	CRL Loss: 0.08	Tot. Loss: 0.92
2025-04-23 19:31:37,939 INFO Epoch 41 	 Batch 399	LR : 0.00500	Top1 Acc.: 94.82	CLS Loss: 0.16	Mixup Loss: 0.73	CRL Loss: 0.08	Tot. Loss: 0.91
2025-04-23 19:34:32,164 INFO ################## 
 ---> Validation Epoch 41	Acc.: 96.407	FPR: 39.151	AUROC: 93.829	AUPR: 33.645	AURC: 3.114	EAURC: 2.460	AUPR Succ.: 99.747	ECE: 1.126	NLL: 1.071	Brier: 5.590
